2.0.1+cu117
0.15.2+cu117
torch.cuda.is_available(): True

Feting data from directory:  ../saved_data/training_animal_count/cottonwood_eastface_2022/
loading annotations into memory...
Done (t=0.06s)
creating index...
index created!
Problematic image or label encountered, leaving out.
Problematic image or label encountered, leaving out.
Number of images found:  3479
Number of batches found:  596

Feting data from directory:  ../saved_data/training_animal_count/ngilchrist_eastface_2022_MP180_13_ODOT05/
loading annotations into memory...
Done (t=0.03s)
creating index...
index created!
Number of images found:  190
Number of batches found:  46

Feting data from directory:  ../saved_data/training_animal_count/crawford_westface_2022_MP150_ODOT006/
loading annotations into memory...
Done (t=0.23s)
creating index...
index created!
Number of images found:  3468
Number of batches found:  508

Feting data from directory:  ../saved_data/training_animal_count/caltech/
loading annotations into memory...
Done (t=1.33s)
creating index...
index created!
Number of images found:  6055
Number of batches found:  762

Feting data from directory:  ../saved_data/training_animal_count/fence_ends_HERS0033_2023_MP178_WEST/
loading annotations into memory...
Done (t=0.03s)
creating index...
index created!
Number of images found:  1151
Number of batches found:  247

Feting data from directory:  ../saved_data/training_animal_count/vandevert_westface_2023_MP154_ODOT065/
loading annotations into memory...
Done (t=0.04s)
creating index...
index created!
Number of images found:  956
Number of batches found:  273

Feting data from directory:  ../saved_data/training_animal_count/jump_outs_ HERS0039_CENTURY_SE_2023/
loading annotations into memory...
Done (t=0.03s)
creating index...
index created!
Number of images found:  2149
Number of batches found:  705

Feting data from directory:  ../saved_data/training_animal_count/ngilchrist_repelcam_2023_MP180_13_ODOT010/
loading annotations into memory...
Done (t=0.04s)
creating index...
index created!
Number of images found:  1523
Number of batches found:  413

Feting data from directory:  ../saved_data/training_animal_count/jump_outs_HERS0040_VANDEVERT_NW_2023/
loading annotations into memory...
Done (t=0.05s)
creating index...
index created!
Number of images found:  796
Number of batches found:  229

Number of training images:  15880
Number of validation images:  3887
Number of batches for training:  3019
Number of batches for validation:  760
Multiple GPUs available, using: 2

Training and Validating ResNet34
Epoch: 0
training loss: 0.0009707414948613728
validation MSE: 0.0011514095234432349, MAE: 0.0020193455494980535 and ACC: 0.9096989966555183
