2.0.1+cu117
0.15.2+cu117
torch.cuda.is_available(): True
Load training datasets


Feting data from directory:  ../saved_data/training_animal_count/cottonwood_eastface_2022/
loading annotations into memory...
Done (t=0.02s)
creating index...
index created!
Problematic image or label encountered, leaving out.
Problematic image or label encountered, leaving out.
Number of images found:  3479
Number of batches found:  596

Feting data from directory:  ../saved_data/training_animal_count/ngilchrist_eastface_2022_MP180_13_ODOT05/
loading annotations into memory...
Done (t=0.00s)
creating index...
index created!
Number of images found:  190
Number of batches found:  46

Feting data from directory:  ../saved_data/training_animal_count/crawford_westface_2022_MP150_ODOT006/
loading annotations into memory...
Done (t=0.20s)
creating index...
index created!
Number of images found:  3468
Number of batches found:  508

Feting data from directory:  ../saved_data/training_animal_count/caltech/
loading annotations into memory...
Done (t=0.67s)
creating index...
index created!
Number of images found:  6055
Number of batches found:  762

Feting data from directory:  ../saved_data/training_animal_count/fence_ends_HERS0033_2023_MP178_WEST/
loading annotations into memory...
Done (t=0.01s)
creating index...
index created!
Number of images found:  1151
Number of batches found:  247

Feting data from directory:  ../saved_data/training_animal_count/vandevert_westface_2023_MP154_ODOT065/
loading annotations into memory...
Done (t=0.01s)
creating index...
index created!
Number of images found:  956
Number of batches found:  273

Feting data from directory:  ../saved_data/training_animal_count/jump_outs_ HERS0039_CENTURY_SE_2023/
loading annotations into memory...
Done (t=0.01s)
creating index...
index created!
Number of images found:  2149
Number of batches found:  705

Feting data from directory:  ../saved_data/training_animal_count/ngilchrist_repelcam_2023_MP180_13_ODOT010/
loading annotations into memory...
Done (t=0.01s)
creating index...
index created!
Number of images found:  1523
Number of batches found:  413

Feting data from directory:  ../saved_data/training_animal_count/jump_outs_HERS0040_VANDEVERT_NW_2023/
loading annotations into memory...
Done (t=0.01s)
creating index...
index created!
Number of images found:  796
Number of batches found:  229

Number of training images:  15495
Number of validation images:  4272
Number of batches for training:  3019
Number of batches for validation:  760
Load testing datasets


GettingCottonwood Eastfacedata
loading annotations into memory...
Done (t=0.00s)
creating index...
index created!
Number of batches for verification:  6
Number of individual images for verification:  100

GettingNGilchrist Eastfacedata
loading annotations into memory...
Done (t=0.00s)
creating index...
index created!
Number of batches for verification:  33
Number of individual images for verification:  100

GettingFence Endsdata
loading annotations into memory...
Done (t=0.01s)
creating index...
index created!
Number of batches for verification:  276
Number of individual images for verification:  946

GettingIdahodata
loading annotations into memory...
Done (t=0.00s)
creating index...
index created!
Number of batches for verification:  86
Number of individual images for verification:  127
training size,epoch number,optimizer,learning rate,batch size,training loss,validation MSE,validation MAE,validation ACC,batch validation MSE,batch validation MAE,batch validation ACC,r2,individual testing MSE,individual testing MAE,individual testing ACC,batch testing MSE,batching testing MAE,batching testing ACC
12396,1,<class 'torch.optim.adam.Adam'>,1e-06,80,0.0016048545241428023,0.007890529867805791,0.00548534050639649,0.7900280898876404,0.30139260325239486,0.32038120315655283,0.8263157894736842,0.3914495737721152,0.180980359087058,0.1405496650638069,0.4516889238020424,0.6036386537144832,0.6238223126255663,0.40648379052369077
12396,5,<class 'torch.optim.adam.Adam'>,1e-06,80,0.0007441675265822421,0.00671257134108396,0.004744117224958729,0.8216292134831461,0.24697731194275094,0.25639333222551564,0.8657894736842106,0.501321042979632,0.15696031319267187,0.12708979351365557,0.5168892380204242,0.48953938455140683,0.5454053607330358,0.5261845386533666
12396,10,<class 'torch.optim.adam.Adam'>,1e-06,80,0.0005066100290545814,0.006368948532135857,0.004486735093961941,0.8340355805243446,0.22453862948375886,0.2358669724413439,0.868421052631579,0.5466276303221231,0.14727226333277124,0.12053588320678926,0.5695208169677927,0.4456433228375032,0.5040457929737698,0.6034912718204489
12396,15,<class 'torch.optim.adam.Adam'>,1e-06,80,0.00037702169125372555,0.006028645671904087,0.0043400778166586985,0.8375468164794008,0.21003090967403001,0.22807466859782213,0.8736842105263158,0.5759205790867357,0.14027374828466962,0.11631048326172046,0.5836606441476826,0.4222541740019543,0.48186265030629616,0.6209476309226932
15495,1,<class 'torch.optim.adam.Adam'>,0.001,64,0.0018490960581691543,0.012016809819273177,0.006796493463580975,0.8242041198501873,0.3290590688036742,0.29524959024826164,0.8671052631578947,0.3355874293659915,0.23327790959979622,0.15311163883928416,0.5043205027494109,0.6240703886895361,0.5721749955244789,0.6683291770573566
15495,5,<class 'torch.optim.adam.Adam'>,0.001,64,0.0005996183152050598,0.007406640862383311,0.005919165501182669,0.8267790262172284,0.20905054011741653,0.26795407786083064,0.8789473684210526,0.5779000755457149,0.152164788617484,0.13757573900113682,0.42026708562450904,0.8054159399867522,0.7689799807241136,0.286783042394015
15495,10,<class 'torch.optim.adam.Adam'>,0.001,64,0.0003017972855612025,0.00961012973481517,0.005239077568165818,0.8663389513108615,0.1379286247956429,0.13386426895954892,0.9105263157894737,0.7215043685066711,0.14706369515457934,0.10607540336176344,0.6331500392772977,0.3531830778959096,0.3159921944717368,0.7506234413965087
15495,15,<class 'torch.optim.adam.Adam'>,0.001,64,0.00019223223385954333,0.012007116394166307,0.00619904657874661,0.8579119850187266,0.20345468337574504,0.14868699202902222,0.9039473684210526,0.5891988360122538,0.2024325715807374,0.12638517574517633,0.6119402985074627,0.4281891075605838,0.31123394032294616,0.7855361596009975
12396,1,<class 'torch.optim.adam.Adam'>,0.001,80,0.001977177855365457,0.00796488615638866,0.004765366371511743,0.8279494382022472,0.3226057409277546,0.2130714010251196,0.8710526315789474,0.34861752497909115,0.21181008380450725,0.1544336496624812,0.4171249018067557,0.7375703307967578,0.6996268642290572,0.32169576059850374
12396,5,<class 'torch.optim.adam.Adam'>,0.001,80,0.0006498392466539845,0.007390730524233329,0.00441790357483237,0.8314606741573034,0.24766684253719487,0.22151461935504094,0.8855263157894737,0.49992880483442126,0.15154587182024576,0.12486833675185809,0.4744697564807541,0.5665264266731775,0.6002452334579536,0.4139650872817955
12396,10,<class 'torch.optim.adam.Adam'>,0.001,80,0.0002883929595027856,0.006278631472715948,0.004398047903113151,0.8560393258426966,0.15788162329846359,0.17300511878964148,0.8921052631578947,0.6812167010650825,0.14765188204734905,0.11839986354908602,0.5875883739198743,0.41098133924467595,0.46591431102216097,0.6882793017456359
12396,15,<class 'torch.optim.adam.Adam'>,0.001,80,0.00017933829419844384,0.0071550680303506635,0.0038839115757732354,0.8590823970037453,0.16636018399111338,0.1460212436994832,0.9092105263157895,0.664097392763533,0.11752224887723939,0.10213571768663736,0.6370777690494894,0.4021939982849672,0.4486039834668363,0.6882793017456359
3099,1,<class 'torch.optim.adam.Adam'>,1e-06,32,0.004795804545259276,0.02007391144197141,0.014311696144609193,0.7528089887640449,0.3305672035191592,0.3551390318347043,0.7736842105263158,0.33254229828385584,0.18442757001050378,0.1431797405797037,0.42812254516889237,0.6629918756461037,0.6645080336645952,0.3740648379052369
3099,5,<class 'torch.optim.adam.Adam'>,1e-06,32,0.002541178568750476,0.019385946986059683,0.013064544553753365,0.7972846441947565,0.2779264085794951,0.28605581563652344,0.8421052631578947,0.43883085201915384,0.1755641878330868,0.13580810107460475,0.4956794972505892,0.5157678020469414,0.5542116638207971,0.5062344139650873
3099,10,<class 'torch.optim.adam.Adam'>,1e-06,32,0.0018983016451132532,0.01732602504113417,0.012482325096478623,0.8080524344569289,0.27072725589519137,0.29330441062583734,0.8473684210526315,0.45336686433894435,0.1598844389174754,0.1306395171340394,0.47682639434406915,0.5359143982929905,0.5852607754512024,0.428927680798005
3099,15,<class 'torch.optim.adam.Adam'>,1e-06,32,0.0014794881633810745,0.01708657858014274,0.012199315831958131,0.8181179775280899,0.25704114930967437,0.27425616414923415,0.8526315789473684,0.4810008566959617,0.15837777615575127,0.12669422103637845,0.5302435192458759,0.4652663597888367,0.5232526184874877,0.5586034912718204
15495,1,<class 'torch.optim.adam.Adam'>,0.01,80,0.0022457683659072997,0.0068278807260737885,0.005066308266158854,0.7741104868913857,0.42632771299511624,0.3210519508605725,0.8263157894736842,0.13918953119594168,0.22111359181404566,0.1609048366002323,0.33464257659073054,0.8912075881490906,0.7946828985749338,0.20199501246882792
15495,5,<class 'torch.optim.adam.Adam'>,0.01,80,0.0009539568626657537,0.005666916876026754,0.004385170907005389,0.8007958801498127,0.3343607917827113,0.24376569983892535,0.843421052631579,0.3248825672507012,0.21751966421537872,0.1546981468312413,0.3644933228593873,0.8875214914662899,0.7798715435024212,0.2593516209476309
15495,10,<class 'torch.optim.adam.Adam'>,0.01,80,0.0008122631903736582,0.009728818354005,0.005129329043995129,0.764747191011236,0.30605555312165134,0.21721266469869174,0.8631578947368421,0.3820344743560852,0.19406435582427517,0.13392413531167421,0.5200314218381775,0.6036583932570779,0.5325757638177372,0.6209476309226932
15495,15,<class 'torch.optim.adam.Adam'>,0.01,80,0.0006916218958061794,0.008175465668994613,0.0050992797257915865,0.8096910112359551,0.3329575811984868,0.24125757328185596,0.8789473684210526,0.32771582881559214,0.2274181597746416,0.14564881478736247,0.5294579732914375,0.6125335823604062,0.5161770593532897,0.6359102244389028
3099,1,<class 'torch.optim.adam.Adam'>,0.001,64,0.004658166709812506,0.011414911311942987,0.0070484679276019,0.776685393258427,0.41306750438817463,0.36821257739670965,0.7526315789473684,0.16596358861215266,0.19610562435192555,0.1469084755148086,0.38648860958366066,0.655415024774142,0.6552448147104268,0.3117206982543641
3099,5,<class 'torch.optim.adam.Adam'>,0.001,64,0.0011264655195722352,0.009412589884094531,0.006978457877307795,0.7556179775280899,0.3720271074084608,0.3886603477509006,0.7144736842105263,0.2488294244380812,0.19454487753689628,0.13924332225851815,0.5443833464257659,0.5462031681585939,0.5565669218872551,0.5785536159600998
3099,10,<class 'torch.optim.adam.Adam'>,0.001,64,0.000930277871105624,0.009191867534406064,0.005449683258958747,0.8403558052434457,0.285785323586237,0.22272161077708005,0.8842105263157894,0.4229626852476899,0.19797703954398496,0.14795384256685706,0.4469756480754124,0.69836144448534,0.6812580412444182,0.4139650872817955
3099,15,<class 'torch.optim.adam.Adam'>,0.001,64,0.0005267175805832194,0.009787978869531484,0.005427638459462351,0.8333333333333334,0.28186917400712186,0.2352257704509324,0.8855263157894737,0.4308698832554505,0.203157156468276,0.14509774129164682,0.4422623723487824,0.61239934534998,0.6208711245057738,0.40648379052369077
6198,1,<class 'torch.optim.adam.Adam'>,1e-06,64,0.0022444123202089187,0.010571191178055737,0.007175734099209978,0.7652153558052435,0.3167685567139787,0.32901544857182,0.8052631578947368,0.36040355574460026,0.1908870625103153,0.14433291125296377,0.4399057344854674,0.6297665460886473,0.6392770290300436,0.3915211970074813
6198,5,<class 'torch.optim.adam.Adam'>,1e-06,64,0.0011096523038468349,0.009231255731583758,0.006310556160655807,0.8139044943820225,0.2650420312241338,0.26135585101713477,0.8513157894736842,0.46484606290008834,0.17072531642818067,0.132994106986091,0.5003927729772192,0.5300130866918717,0.5713668832848048,0.456359102244389
6198,10,<class 'torch.optim.adam.Adam'>,1e-06,64,0.0007733463908648752,0.008761866192581055,0.005934271002223206,0.8281835205992509,0.24990112223313174,0.2608959097611277,0.8618421052631579,0.4954174972071166,0.16202388616433866,0.12764079951610233,0.5302435192458759,0.484806853706115,0.5339184210559079,0.543640897755611
6198,15,<class 'torch.optim.adam.Adam'>,1e-06,64,0.0006080889285798417,0.008351388279250945,0.005771713080198577,0.8326310861423221,0.23769554538389792,0.2538104311514058,0.8618421052631579,0.5200621307777562,0.15913558214791676,0.12586363752643986,0.5443833464257659,0.4682224227696935,0.5222885507133388,0.5635910224438903
12396,1,<class 'torch.optim.adam.Adam'>,0.0001,80,0.0008061004445863158,0.005278297684291441,0.00407117178614778,0.8560393258426966,0.1617557566777763,0.23367299747310186,0.906578947368421,0.6733943277367009,0.12001345758487303,0.11139852241945847,0.591516103692066,0.3892416416644172,0.5035203231354604,0.5885286783042394
12396,5,<class 'torch.optim.adam.Adam'>,0.0001,80,0.00013529298708420432,0.004082061174196586,0.0029909266717034334,0.8829588014981273,0.0931021552147247,0.12763959041943676,0.9342105263157895,0.8120147768912279,0.0787094192669375,0.08101816867234571,0.7376276512175962,0.20441237452051925,0.3295857050175084,0.8428927680798005
12396,10,<class 'torch.optim.adam.Adam'>,0.0001,80,6.108025773480221e-05,0.003747551456051931,0.0026950162612180808,0.887874531835206,0.07895426624539618,0.10902089607950888,0.9381578947368421,0.840581184140403,0.07918721820171024,0.08104759907146561,0.7305577376276512,0.22745090168904614,0.349431337217366,0.8054862842892768
12396,15,<class 'torch.optim.adam.Adam'>,0.0001,80,4.316373350419989e-05,0.003951578993570018,0.0028071419269627847,0.8867041198501873,0.09125334203649468,0.10435833214341025,0.9394736842105263,0.8157477722293763,0.07370133307526595,0.07686921145009039,0.7478397486252946,0.21000965692239465,0.3251141306951159,0.8453865336658354
15495,1,<class 'torch.optim.adam.Adam'>,0.001,64,0.0019383831098122764,0.013355867044253742,0.008100294574313842,0.7017790262172284,0.3589577938584707,0.31307644805331764,0.8118421052631579,0.27521806285439687,0.22988896334736966,0.14599279995249748,0.5349567949725059,0.5845015975850619,0.48309603737588236,0.628428927680798
15495,5,<class 'torch.optim.adam.Adam'>,0.001,64,0.0007192144720962679,0.008831139950409588,0.005529778440960784,0.8490168539325843,0.20267819458365974,0.17725098827412647,0.8907894736842106,0.5907666667460807,0.1532727840980398,0.1251296550386643,0.4846818538884525,0.5266476383385157,0.5640416565790141,0.4513715710723192
15495,10,<class 'torch.optim.adam.Adam'>,0.001,64,0.0003585086218461577,0.009004960980698857,0.004941882331914893,0.849250936329588,0.17684006956886653,0.20264004932618454,0.881578947368421,0.6429371579481322,0.1429633951613794,0.11123989567303999,0.6307934014139828,0.3762261671977387,0.4065966261852709,0.7281795511221946
15495,15,<class 'torch.optim.adam.Adam'>,0.001,64,0.0002135203607926141,0.009342024013860507,0.004567744941119286,0.8670411985018727,0.14123205943318012,0.15980429834637203,0.8986842105263158,0.714834313460347,0.13067211076698573,0.10092328758813361,0.6300078554595444,0.3685857536680468,0.3660242343298218,0.7381546134663342
15495,1,<class 'torch.optim.adam.Adam'>,0.01,80,0.0023078501611592194,0.009419097816257665,0.006830395991157057,0.5777153558052435,0.45573682739874566,0.5028529327362776,0.5486842105263158,0.07980874186824793,0.214436852955488,0.16043440166214087,0.30086410054988216,0.7745157062508271,0.747705801912674,0.2144638403990025
15495,5,<class 'torch.optim.adam.Adam'>,0.01,80,0.0009880760519321444,0.00860481049293436,0.004485196060734741,0.8216292134831461,0.2936161221286607,0.2177661773503611,0.8657894736842106,0.40715128789548805,0.2068453543565806,0.1452558968898029,0.4218381775333857,0.654705284711831,0.6179961890279504,0.4139650872817955
15495,10,<class 'torch.optim.adam.Adam'>,0.01,80,0.0008837961117253453,0.009334827065188787,0.005502777296198665,0.7635767790262172,0.3468607001449602,0.26782795963318723,0.8394736842105263,0.2996436458222701,0.21839709681689132,0.1493661876208934,0.4430479183032207,0.6559151718939572,0.589923957228066,0.486284289276808
15495,15,<class 'torch.optim.adam.Adam'>,0.01,80,0.0007140030587352295,0.00788554468990935,0.004455851711862989,0.8270131086142322,0.2812518169948964,0.24007052483135147,0.881578947368421,0.43211641280273927,0.19580674229024414,0.14498062720354019,0.4548311076197958,0.6555418801503006,0.6408894881791902,0.42643391521197005
12396,1,<class 'torch.optim.adam.Adam'>,0.01,80,0.0022007729142913897,0.009444343602835909,0.005205199502631743,0.7846441947565543,0.3368862263089647,0.24358884120654117,0.8447368421052631,0.31978338157648434,0.19722782509570028,0.14072099642700808,0.4548311076197958,0.6718253195078882,0.6405376927216452,0.4089775561097257
12396,5,<class 'torch.optim.adam.Adam'>,0.01,80,0.0009988773278783853,0.01027038110217798,0.005897804808694771,0.7055243445692884,0.3671576058357476,0.2534409325177732,0.8065789473684211,0.2586615889349234,0.2739642601122221,0.15636549891797183,0.49725058915946585,0.6432121307738761,0.49129118752709944,0.6508728179551122
12396,10,<class 'torch.optim.adam.Adam'>,0.01,80,0.0008905842042581886,0.007755021950097455,0.004626606074807126,0.8073501872659176,0.31165710552648945,0.26770121635575045,0.85,0.3707242307011347,0.21224578507211664,0.15287093744735405,0.401413982717989,0.7030688973069014,0.6868099719471765,0.2817955112219451
12396,15,<class 'torch.optim.adam.Adam'>,0.01,80,0.0007805826443554933,0.008249452299253548,0.00467259328365884,0.8078183520599251,0.3133904043982913,0.23820678754464575,0.8618421052631579,0.3672244704183575,0.20340515237652193,0.14302131151509795,0.48546739984289083,0.7164493791692179,0.6547019476828135,0.4463840399002494
15495,1,<class 'torch.optim.adam.Adam'>,1e-06,80,0.0015391016098309732,0.008109897873905045,0.005426115924945931,0.7975187265917603,0.2908155701442228,0.3022616846977096,0.8302631578947368,0.4128059879624203,0.1805561576693378,0.13824395732098177,0.47368421052631576,0.548740945023673,0.5803444681322188,0.4613466334164589
15495,5,<class 'torch.optim.adam.Adam'>,1e-06,80,0.0006976926370507943,0.006356848616585526,0.0045901965419674635,0.8281835205992509,0.24148352577520282,0.2533037567315133,0.8671052631578947,0.5124136997204982,0.15400198739218085,0.12547339915128927,0.5137470542026709,0.48557183945540644,0.542497306969249,0.516209476309227
15495,10,<class 'torch.optim.adam.Adam'>,1e-06,80,0.000472335939762303,0.006066034338698628,0.004351244820805078,0.8349719101123596,0.2152459810665938,0.23292360153833502,0.8710526315789474,0.5653906812728395,0.14313281563572286,0.11707381480384416,0.582089552238806,0.41713987362543054,0.4758055499589949,0.6359102244389028
15495,15,<class 'torch.optim.adam.Adam'>,1e-06,80,0.0003513883676099831,0.005792044457187701,0.00424341308406453,0.8438670411985019,0.20030078392682354,0.23082758327455896,0.875,0.5955669577009496,0.13445414039920883,0.11322524382470166,0.593872741555381,0.39955443290988374,0.46101293100643337,0.6458852867830424
15495,1,<class 'torch.optim.adam.Adam'>,0.0001,80,0.0007749021614692256,0.0043739950932276325,0.003533215286412489,0.8684456928838952,0.13797336762549278,0.1669545568917927,0.9118421052631579,0.7214140287794615,0.10091819202136731,0.10091740653234865,0.6661429693637078,0.32879333793193055,0.43565796178178,0.7256857855361596
15495,5,<class 'torch.optim.adam.Adam'>,0.0001,80,0.00012444470703743685,0.004226287240894993,0.0029070855184608183,0.8852996254681648,0.08630482292357404,0.11326656164111275,0.9434210526315789,0.8257394646262117,0.07540684781073485,0.07679642858795781,0.7525530243519246,0.20886640185354574,0.30057353894237865,0.8503740648379052
15495,10,<class 'torch.optim.adam.Adam'>,0.0001,80,6.268374135320457e-05,0.0036573044158699696,0.002721957014768981,0.8864700374531835,0.08717395955826687,0.12194695536929526,0.9355263157894737,0.8239845665022991,0.07053757379444127,0.08257411762952031,0.7109190887666929,0.27554251381953154,0.40101782669153,0.7356608478802993
15495,15,<class 'torch.optim.adam.Adam'>,0.0001,80,5.587475896801255e-05,0.00506355475690146,0.0030205219544554023,0.8881086142322098,0.10772560158044193,0.10864224241262203,0.9447368421052632,0.7824881561681337,0.09205333358817583,0.08335221470103182,0.7219167321288296,0.24234768885819682,0.32068003873872636,0.8204488778054863
12396,1,<class 'torch.optim.adam.Adam'>,0.01,80,0.002484488279040916,0.009133822127674402,0.004957133586682407,0.8125,0.3294871876012289,0.2410784368109154,0.8473684210526315,0.3347230118637655,0.189621156736302,0.13806331633149008,0.4988216810683425,0.6805654163065917,0.6522046872821086,0.40648379052369077
12396,5,<class 'torch.optim.adam.Adam'>,0.01,80,0.0009590953619439647,0.009585373180356812,0.004956743749702691,0.8117977528089888,0.3784840594878574,0.24114445551347577,0.8644736842105263,0.23579200961296243,0.2200807606823933,0.14792522112710896,0.5003927729772192,0.6505625868721246,0.5753220324392925,0.5586034912718204
12396,10,<class 'torch.optim.adam.Adam'>,0.01,80,0.0008379906259967592,0.008976180392425604,0.004540808739538273,0.8239700374531835,0.31257205984107816,0.21636746379693872,0.8763157894736842,0.36887680932689204,0.2300024145537355,0.1575372207731313,0.44383346425765907,0.7450509703026874,0.6936856636642815,0.38902743142144636
12396,15,<class 'torch.optim.adam.Adam'>,0.01,80,0.0006888031674937861,0.00921769519702772,0.0049304472498791045,0.8068820224719101,0.32477330642576924,0.26458269228276454,0.8526315789473684,0.3442409374182873,0.2106594817037502,0.14759715244200342,0.49332285938727416,0.6209259065345984,0.6001794104489899,0.4937655860349127
12396,1,<class 'torch.optim.adam.Adam'>,0.001,64,0.001969696076363854,0.013780795787687828,0.006963448166456562,0.8122659176029963,0.32076962278594057,0.21537732457447994,0.8789473684210526,0.3523248726045911,0.24791655829631268,0.14547120183794074,0.5278868813825609,0.5623508683323216,0.40759892248899265,0.7406483790523691
12396,5,<class 'torch.optim.adam.Adam'>,0.001,64,0.0007509521936571628,0.007626603362726026,0.005291155668512712,0.8218632958801498,0.2217267630916174,0.18750941355369594,0.8934210526315789,0.5523051465627475,0.14715693461516588,0.12764769146995852,0.4744697564807541,0.5759035595644617,0.6140928581134042,0.4463840399002494
12396,10,<class 'torch.optim.adam.Adam'>,0.001,64,0.0003702274389792187,0.008598549997831663,0.004712836893645119,0.8518258426966292,0.16531902324722608,0.17861519149308533,0.9052631578947369,0.6661996341913083,0.13151814871611484,0.11495579892152354,0.549096622152396,0.4356003525564662,0.4980761546204958,0.5835411471321695
12396,15,<class 'torch.optim.adam.Adam'>,0.001,64,0.0002204566526465766,0.007912645123424602,0.004628188761599948,0.8415262172284644,0.17701417144865722,0.16203202105764497,0.8776315789473684,0.6425856299604095,0.13127169782939718,0.10968805877352829,0.5718774548311076,0.4015041937264027,0.41549755603149346,0.7007481296758105
15495,1,<class 'torch.optim.adam.Adam'>,1e-06,80,0.001540843612072967,0.007936699668203623,0.00538718482053905,0.7949438202247191,0.2889235347093931,0.2985294350226851,0.8381578947368421,0.41662623483528893,0.18220122124764188,0.1398945519084642,0.46190102120974075,0.5756104437301687,0.6002211985909879,0.4389027431421446
15495,5,<class 'torch.optim.adam.Adam'>,1e-06,80,0.000687351316891589,0.006598058027609458,0.004644229533743769,0.8281835205992509,0.24088483909352582,0.2511351937035981,0.8723684210526316,0.5136225313838569,0.15538781352333128,0.1249528383925405,0.5349567949725059,0.46992803277669765,0.5278681082154004,0.5536159600997507
15495,10,<class 'torch.optim.adam.Adam'>,1e-06,80,0.00047783770097498357,0.006062385371505991,0.004394345567997698,0.8342696629213483,0.2147235204664365,0.23827264367749817,0.8671052631578947,0.5664455997479297,0.14141642689636857,0.1165812794069371,0.5828750981932443,0.415477690427601,0.47592704943810915,0.6334164588528678
15495,15,<class 'torch.optim.adam.Adam'>,1e-06,80,0.00034959835498303744,0.005894084262211671,0.0042867364173524835,0.8398876404494382,0.20012622890577092,0.22470216106525379,0.875,0.5959194183428518,0.13516468043458843,0.114201431504311,0.5907305577376276,0.41543596533635613,0.4752929790173088,0.6334164588528678
15495,1,<class 'torch.optim.adam.Adam'>,1e-06,80,0.0015378724152559464,0.007899186762280009,0.005402674124147115,0.7923689138576779,0.28951384109528594,0.2992205485799595,0.8315789473684211,0.4154343295389299,0.18110557479011327,0.13941608223031096,0.46975648075412413,0.5784561294648282,0.6048068961411938,0.43640897755610975
15495,5,<class 'torch.optim.adam.Adam'>,1e-06,80,0.0006954234802663307,0.006428232280474701,0.004618165634349267,0.8258426966292135,0.24150096991497716,0.2566874094209389,0.8697368421052631,0.5123784890843208,0.15121348945914861,0.12411009758500162,0.5121759622937941,0.48962847899869455,0.5482655563891082,0.5062344139650873
15495,10,<class 'torch.optim.adam.Adam'>,1e-06,80,0.00047445172265474933,0.006157787799249205,0.004415401714515597,0.8359082397003745,0.2147907329289387,0.23138715390017942,0.8697368421052631,0.5663098877902804,0.14425226957855478,0.11770135920731832,0.5805184603299293,0.4234570564675735,0.4824927982286622,0.628428927680798
15495,15,<class 'torch.optim.adam.Adam'>,1e-06,80,0.0003549545934221251,0.0060583373029412845,0.00428899076212658,0.8438670411985019,0.19869722230369807,0.21543653077985112,0.8842105263157894,0.5988047534169234,0.142735977850418,0.11550626218119944,0.603299293008641,0.39043944773998124,0.44073078142214295,0.6932668329177057
15495,1,<class 'torch.optim.adam.Adam'>,0.001,64,0.0018688879780911292,0.010841584321432346,0.00682407415259197,0.8305243445692884,0.30244269197456514,0.21092402730872364,0.8881578947368421,0.3893293270913514,0.20968895461815862,0.1453395965849309,0.5600942655145326,0.5961062608755663,0.5913122820568055,0.5685785536159601
15495,5,<class 'torch.optim.adam.Adam'>,0.001,64,0.0006432019835250844,0.008939281953603363,0.004956930812992407,0.8455056179775281,0.17569499191206667,0.1701477088279238,0.8986842105263158,0.6452492268800865,0.16250614467214497,0.12651354498218947,0.5239591516103692,0.4897009376646495,0.5446639661851369,0.5561097256857855
15495,10,<class 'torch.optim.adam.Adam'>,0.001,64,0.0002663614542865732,0.006573539872545651,0.004899014781616377,0.8412921348314607,0.15702395066591546,0.22209776351228355,0.8842105263157894,0.6829484499855717,0.11586954115666098,0.1138300196986824,0.5365278868813825,0.5030917826436161,0.5672258795831269,0.5336658354114713
15495,15,<class 'torch.optim.adam.Adam'>,0.001,64,0.00018168534668359007,0.0083316249061334,0.00466278117945355,0.8647003745318352,0.1602641542079381,0.13088335810523283,0.9105263157894737,0.6764060658813053,0.15452114935476555,0.10727950911866523,0.624509033778476,0.41344766328604377,0.3364012913959579,0.7630922693266833
15495,1,<class 'torch.optim.adam.Adam'>,0.001,64,0.0016991484995598407,0.010794667073626644,0.007234067589825905,0.7144194756554307,0.353905039299074,0.3666303112367658,0.7302631578947368,0.28542021883731894,0.19662014842333342,0.14780639802037687,0.36684996072270226,0.6265540247247583,0.6453804094019228,0.26184538653366585
15495,5,<class 'torch.optim.adam.Adam'>,0.001,64,0.0006460771856576483,0.008938508819830552,0.005419895370326908,0.8340355805243446,0.2248495561832852,0.2632859670508065,0.8486842105263158,0.5459998361751005,0.13306102511003956,0.12012588376733888,0.43205027494108406,0.5553219541791001,0.627786511169779,0.3117206982543641
15495,10,<class 'torch.optim.adam.Adam'>,0.001,64,0.0002762750423446937,0.01156546880075994,0.006443853531911802,0.7673220973782772,0.18872375166181038,0.15975421210505852,0.9,0.6189424762896698,0.18188665128121967,0.1184930880879581,0.6017282010997643,0.4530192079491823,0.3987478336035982,0.6957605985037406
15495,15,<class 'torch.optim.adam.Adam'>,0.001,64,0.00017519062870308618,0.00955339509135719,0.004509098283695371,0.8668071161048689,0.1600124566386641,0.12128089098749976,0.9197368421052632,0.6769142764706957,0.16207869213239695,0.10733262612868484,0.6339355852317361,0.3649449575309501,0.30761953464655806,0.7655860349127181
12396,1,<class 'torch.optim.adam.Adam'>,1e-06,80,0.0015651302264294688,0.00801054092842653,0.00545542494634564,0.7893258426966292,0.2996709971919149,0.3152740999419046,0.8197368421052632,0.3949257120980296,0.1822046691311109,0.14036334306001663,0.4642576590730558,0.5932625182239034,0.6157288909460095,0.428927680798005
12396,5,<class 'torch.optim.adam.Adam'>,1e-06,80,0.0007251276613296367,0.006927602648846665,0.004738796390732576,0.8251404494382022,0.24712548094742617,0.25411380335786626,0.8657894736842106,0.5010218713890171,0.16553873674580438,0.129926437147705,0.5168892380204242,0.49106035021075406,0.5424544470863152,0.516209476309227
12396,10,<class 'torch.optim.adam.Adam'>,1e-06,80,0.0004903568414999481,0.006503514376946826,0.004506532210954343,0.8366104868913857,0.2260075040975011,0.23384387539209503,0.875,0.543661791139237,0.15466870202369057,0.12212222990435778,0.572663000785546,0.42578850566526777,0.47790584192980556,0.6334164588528678
12396,15,<class 'torch.optim.adam.Adam'>,1e-06,80,0.0003708087626265235,0.006096823524669761,0.004384998880912748,0.8405898876404494,0.212865583890692,0.23058196781693321,0.8736842105263158,0.5701970181389643,0.14451636226451975,0.11775722709913845,0.5828750981932443,0.41841815526645393,0.4747664862384374,0.6309226932668329
15495,1,<class 'torch.optim.adam.Adam'>,1e-06,80,0.0015272810069466068,0.007840082788846913,0.0053980875174316125,0.7900280898876404,0.289101034757493,0.2991619611845205,0.825,0.41626783324054784,0.17557457003059146,0.13771650362511087,0.4666142969363708,0.576896052729929,0.6054701882964952,0.44139650872817954
15495,5,<class 'torch.optim.adam.Adam'>,1e-06,80,0.0006955296687106234,0.006336112565985333,0.00460349161470874,0.8237359550561798,0.24078631017951804,0.2611344490690451,0.868421052631579,0.5138214817957857,0.15147078404706396,0.12459177707335842,0.5098193244304792,0.49527331563830673,0.553054665296601,0.5012468827930174
15495,10,<class 'torch.optim.adam.Adam'>,1e-06,80,0.00048368096816834037,0.006128724859783266,0.004393724054935273,0.8361423220973783,0.21622932506010162,0.23543575863893096,0.8657894736842106,0.5634051935986725,0.14224181050388618,0.11694964643594138,0.5828750981932443,0.4244809976672625,0.484894921877735,0.6259351620947631
15495,15,<class 'torch.optim.adam.Adam'>,1e-06,80,0.0003442477956582516,0.005860691443643766,0.004269887811821722,0.8419943820224719,0.20385413171370384,0.2352250315984221,0.8723684210526316,0.588392292418074,0.13582729431160398,0.11469834757045508,0.5954438334642577,0.4169357874450094,0.4788371450883195,0.6408977556109726
15495,1,<class 'torch.optim.adam.Adam'>,0.001,64,0.001844544531660297,0.01366197687577219,0.00811764623007078,0.7610018726591761,0.3513679273709858,0.2297379893887984,0.8565789473684211,0.29054297781466776,0.22025565756832374,0.1457134356951957,0.5899450117831894,0.6317070052842738,0.5149174176175101,0.6458852867830424
15495,5,<class 'torch.optim.adam.Adam'>,0.001,64,0.0006424326589676633,0.009438742367264706,0.005094056711828664,0.851123595505618,0.17636867473082846,0.16712755141289612,0.8934210526315789,0.6438889658846605,0.15382518785298221,0.11954912755167213,0.5923016496465043,0.43086550053387335,0.4846363915618221,0.6733167082294265
15495,10,<class 'torch.optim.adam.Adam'>,0.001,64,0.00031811206153178933,0.0068361689101151205,0.0044409568501768935,0.8471441947565543,0.13714779047216585,0.16500189898927745,0.8973684210526316,0.7230809730927572,0.10581596509913986,0.10770243757462183,0.572663000785546,0.4658876988794628,0.5216385467149819,0.5860349127182045
15495,15,<class 'torch.optim.adam.Adam'>,0.001,64,0.00022440906454787674,0.00663167903939269,0.004670179337402631,0.8558052434456929,0.16214704826245172,0.17720734751048056,0.8960526315789473,0.6726042578495554,0.10995122250470842,0.10145518003515928,0.6284367635506677,0.4084803342203132,0.4399722957997548,0.6932668329177057
15495,1,<class 'torch.optim.adam.Adam'>,0.001,64,0.001838227686006125,0.01242468547954988,0.006925629389085127,0.8237359550561798,0.323945597177938,0.21058584483781537,0.8736842105263158,0.3459121807529073,0.19861434918975726,0.1424833665348045,0.4996072270227808,0.6086031937864719,0.5949025630133408,0.428927680798005
15495,5,<class 'torch.optim.adam.Adam'>,0.001,64,0.0007043805832260268,0.007308277655532409,0.005617595434691129,0.8141385767790262,0.18907971307142502,0.24913411459787504,0.8565789473684211,0.6182237485195534,0.16278278080953082,0.1346403066802679,0.4548311076197958,0.6695717786484701,0.6650798742443398,0.3940149625935162
15495,10,<class 'torch.optim.adam.Adam'>,0.001,64,0.000357450438058109,0.008017822400726071,0.004607729769001405,0.8560393258426966,0.19387569695867535,0.19259940854420787,0.8947368421052632,0.6085400416991018,0.14197539828323744,0.11705469260780903,0.5412411626080126,0.47481411817588554,0.5233095562238794,0.5461346633416458
15495,15,<class 'torch.optim.adam.Adam'>,0.001,64,0.00025594259721803094,0.006630809614888291,0.004956674430700724,0.8572097378277154,0.15400036697726957,0.22302031522910845,0.8881578947368421,0.6890534531166139,0.12038485523867834,0.11187504865785143,0.5742340926944226,0.48535838024409506,0.5458985755029611,0.5910224438902744
12396,1,<class 'torch.optim.adam.Adam'>,1e-06,80,0.0016130269924313956,0.008270449538746576,0.005537595132484419,0.7855805243445693,0.2948573207185566,0.30104433702991196,0.8355263157894737,0.4046451627138229,0.1876531078228515,0.14116671690183275,0.46504320502749413,0.5706795105994352,0.592617804291391,0.4339152119700748
12396,5,<class 'torch.optim.adam.Adam'>,1e-06,80,0.0007330653391100488,0.006586045223856798,0.00470385214920794,0.8218632958801498,0.2509843335443725,0.2693384235283654,0.8552631578947368,0.4932303484431787,0.15204864348382202,0.12499459252311597,0.5145326001571092,0.5017430096381748,0.5600567248805502,0.49875311720698257
12396,10,<class 'torch.optim.adam.Adam'>,1e-06,80,0.0005046583169806182,0.0064021155712533084,0.004485100985605841,0.8361423220973783,0.22528392194780408,0.23242962152059926,0.875,0.5451227994284352,0.14791274711499555,0.1195744783423683,0.565593087195601,0.4237465375922846,0.48076380250459894,0.6259351620947631
12396,15,<class 'torch.optim.adam.Adam'>,1e-06,80,0.00038057881178741264,0.006141227826978383,0.0043726628925302505,0.8389513108614233,0.21339680769754288,0.2240129469305669,0.8763157894736842,0.5691244005648939,0.13562477693956299,0.11382225008633132,0.5970149253731343,0.4028270340746041,0.466479167462956,0.6384039900249376
15495,1,<class 'torch.optim.adam.Adam'>,1e-06,80,0.001545876246059891,0.00789912570309773,0.005394668879915266,0.7935393258426966,0.29329200590501736,0.3083895874111668,0.8276315789473684,0.40780571146342537,0.17762796915935913,0.13895447011115228,0.45718774548311075,0.6024935310295461,0.6268450321624999,0.40399002493765584
15495,5,<class 'torch.optim.adam.Adam'>,1e-06,80,0.000685763392127418,0.006492952512723677,0.00463076045018122,0.8288857677902621,0.24310927045992364,0.26340697403801117,0.8644736842105263,0.509131134012093,0.15317779863531242,0.12473285289514936,0.5294579732914375,0.4815314118940004,0.5413557275516583,0.5336658354114713
15495,10,<class 'torch.optim.adam.Adam'>,1e-06,80,0.00046860869618078015,0.006232117424799262,0.004413417111454385,0.8356741573033708,0.21458375519703274,0.23175418076938706,0.8723684210526316,0.5667278157920976,0.14147116223336267,0.11646518564233607,0.5899450117831894,0.41305860808918843,0.4722851118133252,0.6408977556109726
15495,15,<class 'torch.optim.adam.Adam'>,1e-06,80,0.000349253790754201,0.005771202322144466,0.004222243937074245,0.8424625468164794,0.2012428860415643,0.22274524527846984,0.8776315789473684,0.5936647429071411,0.13237434757678812,0.11249137839824781,0.605655930871956,0.39805292005236254,0.4614001328585451,0.6508728179551122
12396,1,<class 'torch.optim.adam.Adam'>,0.001,64,0.0019358196126002002,0.011425475921300467,0.007504477204008496,0.7710674157303371,0.31757690227188956,0.22900402129284644,0.8776315789473684,0.35877139779083733,0.19779095061355412,0.13749365659045804,0.5475255302435192,0.5513321347389614,0.5281265279059845,0.600997506234414
12396,5,<class 'torch.optim.adam.Adam'>,0.001,64,0.0007136035744382099,0.01074036087471057,0.0058477396975630674,0.8424625468164794,0.22642892960793126,0.23215353952132559,0.9026315789473685,0.5428108811723095,0.1569722267943204,0.12959456815437734,0.5121759622937941,0.4589443030964392,0.5183959097747791,0.6109725685785536
12396,10,<class 'torch.optim.adam.Adam'>,0.001,64,0.0003724258692295595,0.007838422552881282,0.004549026143935959,0.8642322097378277,0.1553510339276551,0.1678629276587775,0.9026315789473685,0.686326283208023,0.15731972339110395,0.12104235632961084,0.5742340926944226,0.43365504574746855,0.48261526102511365,0.6733167082294265
12396,15,<class 'torch.optim.adam.Adam'>,0.001,64,0.00019843742333965032,0.006556178022817837,0.004288805467303326,0.8609550561797753,0.1349892748014035,0.1413646802502243,0.9,0.7274392933467786,0.1461919602880589,0.11637152964285834,0.5718774548311076,0.41801234379919805,0.48830720131515415,0.6359102244389028
15495,1,<class 'torch.optim.adam.Adam'>,1e-06,80,0.0015373700886493577,0.008007236100621661,0.005407904194535388,0.7928370786516854,0.2931658631768486,0.3066088314021104,0.8315789473684211,0.4080604282738145,0.1805769291666877,0.1390408085686947,0.47054202670856243,0.5731123295645512,0.6009006219314518,0.4314214463840399
15495,5,<class 'torch.optim.adam.Adam'>,1e-06,80,0.0007013912010660245,0.006689184667954173,0.00467497261052721,0.8288857677902621,0.238979228075066,0.2525940573382142,0.8710526315789474,0.5174702038521208,0.15636993295462615,0.12503978388218645,0.5428122545168892,0.46436430026136594,0.5225045641795952,0.5685785536159601
15495,10,<class 'torch.optim.adam.Adam'>,1e-06,80,0.00046617259013293134,0.006231041056581874,0.0044138667832934455,0.8352059925093633,0.2150842515704,0.23474247426676906,0.8671052631578947,0.5657172476338461,0.14370951046439243,0.11712923399571444,0.5883739198743126,0.4116087108348964,0.47143659567892404,0.6433915211970075
15495,15,<class 'torch.optim.adam.Adam'>,1e-06,80,0.00035074463510232495,0.0057517874180182315,0.004250226259817568,0.8422284644194756,0.19773821081601858,0.22183814938915403,0.881578947368421,0.6007411262522502,0.13686365332474196,0.11428035034242803,0.605655930871956,0.4101451377549407,0.4686241190406747,0.6508728179551122
12396,1,<class 'torch.optim.adam.Adam'>,0.001,64,0.0021004810729149696,0.011548755048645123,0.006480606729757697,0.8188202247191011,0.3078408664195043,0.25219084892029825,0.8723684210526316,0.37842969328835274,0.22113227030757643,0.14811821473880912,0.5789473684210527,0.6079580003290874,0.562991675649052,0.6433915211970075
12396,5,<class 'torch.optim.adam.Adam'>,0.001,64,0.0007028762704478508,0.008742839183435124,0.006371433703640427,0.8445692883895131,0.2525343678462349,0.1762806541188375,0.8907894736842106,0.4901006300120093,0.1397937869335593,0.13063914157327292,0.47761194029850745,0.659276832730062,0.6673672748845711,0.3790523690773067
12396,10,<class 'torch.optim.adam.Adam'>,0.001,64,0.00030120342319110596,0.009678427785746613,0.00559275761274586,0.8555711610486891,0.19582817320531853,0.2407339929946159,0.8868421052631579,0.6045977402972096,0.1484252015774,0.12374923844695185,0.5380989787902593,0.44569447135500173,0.5138081961364818,0.6234413965087282
12396,15,<class 'torch.optim.adam.Adam'>,0.001,64,0.00017844983385578302,0.00905772818911695,0.004369407635851858,0.8654026217228464,0.17740421046744076,0.13804787593942724,0.9131578947368421,0.641798076534761,0.13938247628062994,0.1144115228794123,0.5765907305577376,0.4905441032296722,0.49976821291141976,0.6334164588528678
15495,1,<class 'torch.optim.adam.Adam'>,0.001,64,0.001884915659377828,0.011531995721021841,0.006162720135925861,0.8075842696629213,0.3013704975955394,0.2199584267004148,0.868421052631579,0.39149420715855066,0.18862677396099337,0.1367187536813945,0.5380989787902593,0.5699158975597826,0.5279863388405328,0.6134663341645885
15495,5,<class 'torch.optim.adam.Adam'>,0.001,64,0.0005829646552919803,0.006239732551259383,0.004461289505554496,0.8443352059925093,0.1614721492684985,0.15767751561085644,0.9013157894736842,0.6739669667171775,0.1567628268521566,0.12578384058209077,0.5326001571091908,0.4926033814508923,0.5432517381380324,0.5635910224438903
15495,10,<class 'torch.optim.adam.Adam'>,0.001,64,0.0003044660407214366,0.007364562438793955,0.004750598365029369,0.8642322097378277,0.1501785724942855,0.17397441187824467,0.9171052631578948,0.6967701470458816,0.1492052033660862,0.10968786934268579,0.6190102120974077,0.397208705681595,0.4036187573691407,0.7256857855361596
15495,15,<class 'torch.optim.adam.Adam'>,0.001,64,0.00020888714059987793,0.008199860415097033,0.0046252817515465205,0.8696161048689138,0.15750155261945772,0.12738453140972475,0.925,0.6819841179701343,0.16417405142011074,0.11309587780989046,0.608012568735271,0.38629744073691064,0.35038375702136176,0.7356608478802993
15495,1,<class 'torch.optim.adam.Adam'>,1e-06,80,0.0015308770180113972,0.007991605546423112,0.005448182361123714,0.7968164794007491,0.2867074849678398,0.2931754266156962,0.8342105263157895,0.4211007246836531,0.18066864296865634,0.13902692018019713,0.4752553024351925,0.5759271723683931,0.6049394372692727,0.4314214463840399
15495,5,<class 'torch.optim.adam.Adam'>,1e-06,80,0.0006936369900762669,0.006702556724796135,0.0046567395887571325,0.827247191011236,0.23813767813533956,0.24185508314127985,0.8697368421052631,0.5191694170455592,0.1549286108053577,0.1240432461736854,0.5483110761979576,0.45913261916769865,0.5174557503470756,0.5810473815461347
15495,10,<class 'torch.optim.adam.Adam'>,1e-06,80,0.0004671269025811075,0.006092481016903446,0.004391293498349101,0.834503745318352,0.21807658180488496,0.2438173471312774,0.8644736842105263,0.5596753320854313,0.141782593982878,0.11786823394910988,0.5703063629222309,0.43464501510173426,0.49659929928042346,0.6059850374064838
15495,15,<class 'torch.optim.adam.Adam'>,1e-06,80,0.00035363502359296014,0.005890360346224424,0.004285775599408239,0.8424625468164794,0.20483290720748018,0.2310786078684032,0.8763157894736842,0.586416018314226,0.1342337819010909,0.1135183376174505,0.596229379418696,0.41221995320652277,0.47176309403710237,0.6433915211970075
15495,1,<class 'torch.optim.adam.Adam'>,0.001,64,0.0019132624985845521,0.013044638095304983,0.006405262234673071,0.8284176029962547,0.3045837166728976,0.18667061364180162,0.8960526315789473,0.38500631967954835,0.21716520539222,0.13867784125799165,0.6017282010997643,0.5209273706620531,0.44472665077730306,0.7506234413965087
15495,5,<class 'torch.optim.adam.Adam'>,0.001,64,0.0006345734919808148,0.009131657885743326,0.005197942504582557,0.8466760299625468,0.19819436657264197,0.2515683191191209,0.8934210526315789,0.5998200787289341,0.15565311486700378,0.12961273072675186,0.42105263157894735,0.5327993394101422,0.5810992859601232,0.4089775561097257
15495,10,<class 'torch.optim.adam.Adam'>,0.001,64,0.0003131511098566691,0.008687507821602767,0.004320161989174978,0.8637640449438202,0.14024703433361368,0.138512637324043,0.9223684210526316,0.7168232036419084,0.13935685856117488,0.10711818843025009,0.6402199528672428,0.38149442691790375,0.3942746049039382,0.7581047381546134
15495,15,<class 'torch.optim.adam.Adam'>,0.001,64,0.0002108700454211636,0.008040713767210642,0.004543210711148794,0.8689138576779026,0.12626648741280094,0.12047957351039115,0.9092105263157895,0.7450517270742243,0.1111576960483187,0.0951401987006977,0.6496465043205027,0.37821823592693316,0.36167754549672476,0.6907730673316709
15495,1,<class 'torch.optim.adam.Adam'>,0.001,64,0.0018693953250042273,0.010362898205382547,0.006365337049804823,0.829119850187266,0.3062393767654207,0.23417294408733907,0.8776315789473684,0.38166332025806315,0.17383041727475132,0.13245096755011385,0.5475255302435192,0.5519507263265372,0.5714222101722275,0.57356608478803
15495,5,<class 'torch.optim.adam.Adam'>,0.001,64,0.0006205511663473299,0.008521987208991909,0.006521342405944728,0.7834737827715356,0.2374705796896656,0.2794507358272217,0.8276315789473684,0.520516360606609,0.14332259505286915,0.1294959085753505,0.4186959937156324,0.5292453008891711,0.6072130137009365,0.35910224438902744
15495,10,<class 'torch.optim.adam.Adam'>,0.001,64,0.00031079777665784874,0.011243517304795066,0.005251415419193466,0.8551029962546817,0.18621386863155256,0.14785454027158648,0.906578947368421,0.6240102519712007,0.13483697753306562,0.10148416410470257,0.6512175962293795,0.3598807213334622,0.34822965440272985,0.7680798004987531
15495,15,<class 'torch.optim.adam.Adam'>,0.001,64,0.00016583745595772167,0.007253673483969902,0.004389266964843434,0.8726591760299626,0.15317023397209967,0.1982091597771566,0.9052631578947369,0.6907296070500253,0.11034990288132893,0.09857393471477115,0.6630007855459544,0.3607494448445034,0.423224900623881,0.7206982543640897
