2.0.1+cu117
0.15.2+cu117
torch.cuda.is_available(): True
Load training datasets


Feting data from directory:  ../saved_data/training_animal_count/cottonwood_eastface_2022/
loading annotations into memory...
Done (t=0.02s)
creating index...
index created!
Problematic image or label encountered, leaving out.
Problematic image or label encountered, leaving out.
Number of images found:  3479
Number of batches found:  596

Feting data from directory:  ../saved_data/training_animal_count/ngilchrist_eastface_2022_MP180_13_ODOT05/
loading annotations into memory...
Done (t=0.00s)
creating index...
index created!
Number of images found:  190
Number of batches found:  46

Feting data from directory:  ../saved_data/training_animal_count/crawford_westface_2022_MP150_ODOT006/
loading annotations into memory...
Done (t=0.18s)
creating index...
index created!
Number of images found:  3468
Number of batches found:  508

Feting data from directory:  ../saved_data/training_animal_count/caltech/
loading annotations into memory...
Done (t=0.63s)
creating index...
index created!
Number of images found:  6055
Number of batches found:  762

Feting data from directory:  ../saved_data/training_animal_count/fence_ends_HERS0033_2023_MP178_WEST/
loading annotations into memory...
Done (t=0.01s)
creating index...
index created!
Number of images found:  1151
Number of batches found:  247

Feting data from directory:  ../saved_data/training_animal_count/vandevert_westface_2023_MP154_ODOT065/
loading annotations into memory...
Done (t=0.01s)
creating index...
index created!
Number of images found:  956
Number of batches found:  273

Feting data from directory:  ../saved_data/training_animal_count/jump_outs_ HERS0039_CENTURY_SE_2023/
loading annotations into memory...
Done (t=0.01s)
creating index...
index created!
Number of images found:  2149
Number of batches found:  705

Feting data from directory:  ../saved_data/training_animal_count/ngilchrist_repelcam_2023_MP180_13_ODOT010/
loading annotations into memory...
Done (t=0.01s)
creating index...
index created!
Number of images found:  1523
Number of batches found:  413

Feting data from directory:  ../saved_data/training_animal_count/jump_outs_HERS0040_VANDEVERT_NW_2023/
loading annotations into memory...
Done (t=0.01s)
creating index...
index created!
Number of images found:  796
Number of batches found:  229

Number of training images:  16044
Number of validation images:  3723
Number of batches for training:  3019
Number of batches for validation:  760
Load testing datasets


GettingCottonwood Eastfacedata
loading annotations into memory...
Done (t=0.01s)
creating index...
index created!
Number of batches for verification:  6
Number of individual images for verification:  100

GettingNGilchrist Eastfacedata
loading annotations into memory...
Done (t=0.00s)
creating index...
index created!
Number of batches for verification:  33
Number of individual images for verification:  100

GettingFence Endsdata
loading annotations into memory...
Done (t=0.01s)
creating index...
index created!
Number of batches for verification:  276
Number of individual images for verification:  946

GettingIdahodata
loading annotations into memory...
Done (t=0.00s)
creating index...
index created!
Number of batches for verification:  86
Number of individual images for verification:  127
training size,epoch number,optimizer,learning rate,batch size,training loss,validation MSE,validation MAE,validation ACC,batch validation MSE,batch validation MAE,batch validation ACC,r2,individual testing MSE,individual testing MAE,individual testing ACC,batch testing MSE,batching testing MAE,batching testing ACC
3208,1,<class 'torch.optim.adam.Adam'>,1e-06,80,0.004225306403347085,0.01563292299103359,0.009661175040445627,0.40881009938221863,0.5482638936531388,0.32893885354860686,0.75,-0.022862573238163986,0.32349107157762175,0.17857268039438542,0.46190102120974075,0.6876857230093235,0.49322701039018013,0.655860349127182
3208,5,<class 'torch.optim.adam.Adam'>,1e-06,80,0.002253182464629932,0.011018735605031612,0.0070503734706583564,0.6666666666666666,0.4181209605815862,0.26407586015074663,0.8263157894736842,0.21993719672678735,0.2512522714625157,0.14859595327094513,0.5498821681068342,0.5723477429244878,0.4317480609154194,0.7456359102244389
3208,10,<class 'torch.optim.adam.Adam'>,1e-06,80,0.0012460303646129117,0.00826949520342266,0.005405229928830987,0.8079505774912705,0.3484846959512058,0.24596205276780223,0.8539473684210527,0.3498533101186744,0.20793646797312837,0.13429666913823404,0.572663000785546,0.4730261285670149,0.4154687600948864,0.71571072319202
3208,15,<class 'torch.optim.adam.Adam'>,1e-06,80,0.0009262732960553166,0.0073524842495531475,0.004855382067844044,0.8340048348106366,0.3225347724403084,0.25066987528392165,0.8631578947368421,0.39826651418107417,0.19085119869113729,0.12695162839022847,0.598586017282011,0.42553718917363875,0.4001264415850905,0.7481296758104738
9626,1,<class 'torch.optim.adam.Adam'>,1e-06,80,0.0034781269513963786,0.012904727655874923,0.008254132794655046,0.5320977706150953,0.47598562313501686,0.288195830152223,0.8052631578947368,0.11198262731430109,0.29904625185444156,0.16613778699034326,0.4996072270227808,0.6413524501545644,0.44968620526077147,0.7206982543640897
9626,5,<class 'torch.optim.adam.Adam'>,1e-06,80,0.0009946058477773726,0.006973957282191094,0.004730580147959166,0.8401826484018264,0.31663002814319663,0.24701675504115164,0.8631578947368421,0.40928262812878746,0.18005464832135312,0.12700466856723308,0.5813040062843676,0.44092657824128134,0.45620167161108105,0.6932668329177057
9626,10,<class 'torch.optim.adam.Adam'>,1e-06,80,0.0006869076833410667,0.005773968194125322,0.004080007649735997,0.8619392962664518,0.2866361035753996,0.26924230785256154,0.8723684210526316,0.46524047094511023,0.1593271584204491,0.12023984558166291,0.600942655145326,0.40935373784780327,0.46054644948405743,0.7107231920199502
9626,15,<class 'torch.optim.adam.Adam'>,1e-06,80,0.0005172302854728629,0.0053743989880514695,0.003912367777192974,0.8665055063121139,0.26269399130420246,0.24536615156593095,0.8763157894736842,0.5099078246044086,0.15280207181137234,0.11768849419381613,0.603299293008641,0.39627598805045205,0.4474257682763653,0.7057356608478803
12835,1,<class 'torch.optim.adam.Adam'>,0.0001,32,0.0022195731331407444,0.008115870862090552,0.008273157987292338,0.905989793177545,0.1362354724348298,0.19818556532416934,0.9381578947368421,0.7458337832894466,0.08730554208817884,0.09381417312073315,0.6716417910447762,0.30589178035514786,0.4336979349986871,0.7057356608478803
12835,5,<class 'torch.optim.adam.Adam'>,0.0001,32,0.000468524956526427,0.007079509179713967,0.007466923740644657,0.9156594144507118,0.07234247085984861,0.10575801276856127,0.9381578947368421,0.8650350569886365,0.05989764713291196,0.07321960390936832,0.7659073055773763,0.20010772326571455,0.3072357878130756,0.8254364089775561
12835,10,<class 'torch.optim.adam.Adam'>,0.0001,32,0.0002365854633358907,0.008704341266488367,0.006045107846054504,0.9253290357238786,0.0868527990806525,0.0849416496797379,0.9513157894736842,0.8379640224391218,0.08556188064205675,0.07689073634423894,0.7352710133542812,0.23436431808451705,0.27444798129618264,0.8054862842892768
12835,15,<class 'torch.optim.adam.Adam'>,0.0001,32,0.00020038605876082652,0.007172986415016965,0.006306112992316845,0.9116304055868923,0.10304985182912076,0.11730161239668777,0.9263157894736842,0.8077461661060817,0.0758714705960284,0.07338864725808857,0.7407698350353495,0.2575818139187503,0.29633801460540166,0.8079800498753117
9626,1,<class 'torch.optim.adam.Adam'>,1e-05,32,0.003241531555141279,0.013659714243599652,0.010513769737373524,0.8605962933118453,0.2653483696942424,0.21906584462971965,0.8697368421052631,0.5049557112186345,0.18240860205228554,0.1219249914801926,0.6276512175962293,0.3683753189381223,0.3499589434759854,0.7880299251870324
9626,5,<class 'torch.optim.adam.Adam'>,1e-05,32,0.0007890618843355992,0.009551559404047016,0.008269759169708424,0.884501745903841,0.1940108309352123,0.18424440347712095,0.906578947368421,0.6380458168261607,0.11210495578355573,0.1040875824974544,0.6410054988216811,0.34119521141790876,0.43494422448348447,0.7082294264339152
9626,10,<class 'torch.optim.adam.Adam'>,1e-05,32,0.0004326374244963475,0.00757347965093188,0.0072144011244189826,0.8968573730862208,0.1733096874676997,0.1855498841770704,0.9092105263157895,0.6766666692554029,0.09606676956026713,0.0995997027797626,0.6700706991358995,0.3299645525222879,0.4519481722368833,0.6907730673316709
9626,15,<class 'torch.optim.adam.Adam'>,1e-05,32,0.000277106883596906,0.007853087951863706,0.007171857952991545,0.9008863819500403,0.16883692339645207,0.2088562073225866,0.906578947368421,0.6850112368804648,0.08800317462513102,0.09446842203323509,0.6944226237234878,0.29419847210724165,0.42645577572813337,0.7456359102244389
6417,1,<class 'torch.optim.adam.Adam'>,0.0001,64,0.0014611662423404481,0.006193524874444614,0.0047075655386392195,0.8834273435401558,0.24275324376041058,0.1984781312633698,0.9131578947368421,0.547110061829148,0.12079746019971635,0.10858999412778973,0.6394344069128044,0.38569371790553014,0.48946781547512497,0.6608478802992519
6417,5,<class 'torch.optim.adam.Adam'>,0.0001,64,0.000262134874497031,0.004679624912817568,0.0037528543487659488,0.9016921837228042,0.16071705112382342,0.1577622383158948,0.9223684210526316,0.7001599932938485,0.0921841572981423,0.09267930775874961,0.7179890023566379,0.2750359199938128,0.39976114309636734,0.8254364089775561
6417,10,<class 'torch.optim.adam.Adam'>,0.0001,64,9.798829524156803e-05,0.004415352883084051,0.003331913873693362,0.911361804995971,0.13332954111735806,0.12602311132573768,0.9342105263157895,0.7512551942916527,0.08647672294439508,0.09003836386204234,0.7132757266300078,0.27562100468017625,0.4005577726628715,0.7905236907730673
6417,15,<class 'torch.optim.adam.Adam'>,0.0001,64,7.425816728576301e-05,0.004199321398508027,0.003158483941437191,0.9043781896320172,0.14715057267914522,0.15234638906733475,0.9302631578947368,0.7254701423877574,0.08988847154990433,0.09780346072013348,0.6166535742340927,0.37285049845427115,0.5048465779378657,0.5236907730673317
9626,1,<class 'torch.optim.adam.Adam'>,1e-05,64,0.0017190842093764782,0.007903275846746575,0.005387073682419498,0.860327692720924,0.2766700147147318,0.23653627815717634,0.8763157894736842,0.4838336032214945,0.15774534310222268,0.11711587034347296,0.624509033778476,0.3839586759723305,0.41354961699557646,0.7256857855361596
9626,5,<class 'torch.optim.adam.Adam'>,1e-05,64,0.00035816017286176684,0.006507171157336254,0.004447858971739981,0.8909481600859522,0.2171449606817221,0.20003525702601396,0.9078947368421053,0.5948858855422268,0.1331811696731757,0.10884034212529425,0.6465043205027494,0.36326539243216893,0.4173011255027852,0.7456359102244389
9626,10,<class 'torch.optim.adam.Adam'>,1e-05,64,0.00017215464166049188,0.005967708973435667,0.0041441080664999215,0.89255976363148,0.19765086369156967,0.19103301459568015,0.9105263157894737,0.6312548175860804,0.11810374386771015,0.10373660289950944,0.6457187745483111,0.34642634542277895,0.409396799172082,0.7281795511221946
9626,15,<class 'torch.optim.adam.Adam'>,1e-05,64,0.00012684533257484776,0.005650381467212817,0.003989594854192326,0.8965887724952994,0.1912677290955869,0.18580624636348436,0.9092105263157895,0.6431634479287994,0.10974500484827493,0.09940949621415007,0.6669285153181461,0.32401161881921664,0.4019935402149413,0.7406483790523691
3208,1,<class 'torch.optim.adam.Adam'>,1e-05,80,0.002573562240195542,0.007249832749686957,0.005053191096303029,0.8170829975825947,0.3367704810807913,0.2696863954984828,0.8578947368421053,0.37170782278188874,0.18406808786390486,0.13052553279970636,0.5671641791044776,0.4893790291693644,0.49420325151712,0.6583541147132169
3208,5,<class 'torch.optim.adam.Adam'>,1e-05,80,0.00044496257428284223,0.005253025842167631,0.004117383148091921,0.8447488584474886,0.27216701155945255,0.25970973380057044,0.8618421052631579,0.49223458113959717,0.1535523749609205,0.12135987352793458,0.5695208169677927,0.45540766977809355,0.5031839295120868,0.5985037406483791
3208,10,<class 'torch.optim.adam.Adam'>,1e-05,80,0.0002129256511641262,0.0053428826498914846,0.004118014660343956,0.856835885038947,0.2526754160651637,0.2700792279881793,0.8802631578947369,0.5285988536348807,0.15610577813740154,0.1208010798953737,0.5860172820109977,0.427048213589665,0.4715023920534555,0.6583541147132169
3208,15,<class 'torch.optim.adam.Adam'>,1e-05,80,0.00016017587831652634,0.0049463861989392215,0.0038840055721855726,0.8581788879935536,0.2380464530775127,0.23280856514741716,0.8710526315789474,0.5558912333550703,0.1530762496944817,0.11908263040345106,0.603299293008641,0.4256111904869386,0.46997084069945977,0.6932668329177057
9626,1,<class 'torch.optim.adam.Adam'>,0.0001,32,0.0026425937301528236,0.007733128673721955,0.007999958769147383,0.8936341659951652,0.1354985469732962,0.18799572933655184,0.9052631578947369,0.747208614155209,0.08408420957213024,0.09582309289970739,0.6229379418695994,0.33871351770338654,0.47782509728448647,0.5660847880299252
9626,5,<class 'torch.optim.adam.Adam'>,0.0001,32,0.0005717848243960813,0.005737692589856326,0.005827854249127091,0.9118990061778136,0.0914867666715797,0.12816901182829354,0.9223684210526316,0.8293187107536867,0.08558594495060254,0.08683913911913009,0.7344854673998429,0.2484740158803569,0.36185823095395714,0.8229426433915212
9626,10,<class 'torch.optim.adam.Adam'>,0.0001,32,0.0002112725949571436,0.005769772092435782,0.005005199145980974,0.922105828632823,0.08891249314000638,0.10477440028825137,0.9407894736842105,0.8341213766689085,0.08285576317028777,0.08473197309642691,0.7077769049489395,0.31566029715039784,0.40538108250140176,0.7256857855361596
9626,15,<class 'torch.optim.adam.Adam'>,0.0001,32,0.00023740229096878788,0.007671291371502268,0.00532490942600175,0.9175396185871609,0.07404550278680698,0.0895985785517137,0.9407894736842105,0.8618578140882991,0.0715571233082395,0.0752178725888199,0.7101335428122545,0.2647245503350715,0.3126242830662784,0.7581047381546134
12835,1,<class 'torch.optim.adam.Adam'>,0.0001,64,0.0011853694473148368,0.004540204582573296,0.003957102956260817,0.9043781896320172,0.16802715189084758,0.14663231632745777,0.9276315789473685,0.6865219777297569,0.11199731380568151,0.100117710152698,0.6936370777690495,0.3088473556479524,0.4011034542866553,0.7955112219451371
12835,5,<class 'torch.optim.adam.Adam'>,0.0001,64,0.00018476059248168086,0.003075683028908737,0.002863204638515465,0.916733816814397,0.09147575763817581,0.11300856248524628,0.9434210526315789,0.8293392481103603,0.08294368398039549,0.08265159348463413,0.7195600942655145,0.20983216293634452,0.3200633280011744,0.8029925187032418
12835,10,<class 'torch.optim.adam.Adam'>,0.0001,64,9.357703637069053e-05,0.003454610625326457,0.002671516084907966,0.9207628256782165,0.09842224068748945,0.10978756212984751,0.9368421052631579,0.8163796211777447,0.0787536572808672,0.07941867691228416,0.7289866457187746,0.24770314871373675,0.3437133002677872,0.7755610972568578
12835,15,<class 'torch.optim.adam.Adam'>,0.0001,64,6.557453468998507e-05,0.003274584509254206,0.0025308067962155046,0.9178082191780822,0.08512532852814071,0.11043098438194168,0.9447368421052632,0.8411868592990845,0.07455656412226418,0.07731841532776874,0.7266300078554595,0.2457992537756706,0.3388343550098777,0.7655860349127181
16044,1,<class 'torch.optim.adam.Adam'>,1e-05,16,0.005467219835883775,0.023541661330606072,0.018469283125620198,0.8753693258125168,0.22860617944898515,0.21264126536767244,0.8986842105263158,0.5735033683435052,0.11839872618026238,0.10639167203621329,0.6488609583660644,0.3867392865939057,0.4548653052223294,0.6708229426433915
16044,5,<class 'torch.optim.adam.Adam'>,1e-05,16,0.0013173958222209717,0.017827617028528506,0.0142875538066754,0.9078699973139941,0.13684118449858487,0.18050471647875382,0.9302631578947368,0.7447037379695421,0.09491581307972495,0.09305920702817162,0.7140612725844462,0.2806014672664277,0.38319044679106024,0.8029925187032418
16044,10,<class 'torch.optim.adam.Adam'>,1e-05,16,0.0005976047088560767,0.014080032994688005,0.011928008552595648,0.9159280150416331,0.10222054477146303,0.12009002210841956,0.9421052631578948,0.8092933534650845,0.08582318622217176,0.08441256056119047,0.7266300078554595,0.2562020298203523,0.32863271118901166,0.8129675810473815
16044,15,<class 'torch.optim.adam.Adam'>,1e-05,16,0.0003305692329655048,0.01405490457142593,0.011303053513917749,0.9199570239054526,0.1086625263912734,0.13722784299170598,0.9368421052631579,0.7972749401839248,0.08549500515652295,0.08768889417203153,0.7172034564021995,0.2861297236612203,0.3870807832891953,0.7855361596009975
16044,1,<class 'torch.optim.adam.Adam'>,0.01,80,0.002966538500026838,0.006784855090672054,0.00495614308744805,0.8211120064464141,0.5987975872483922,0.30122750622195826,0.8171052631578948,-0.11714020651054202,0.281280982363874,0.1757362758183306,0.3857030636292223,1.5025474467130562,0.9623145461639858,0.24438902743142144
16044,5,<class 'torch.optim.adam.Adam'>,0.01,80,0.001126191354275671,0.007479596625900448,0.003978263849921358,0.8364222401289283,0.3506309420003173,0.22635759068162817,0.8592105263157894,0.3458492028378064,0.18834571877173578,0.1406662658944094,0.3880597014925373,0.7568034564938131,0.7003132277388971,0.2892768079800499
16044,10,<class 'torch.optim.adam.Adam'>,0.01,80,0.0008393829718382615,0.005738821371953525,0.003657990690844052,0.8353478377652431,0.4834919215338856,0.25934051803656316,0.8565789473684211,0.09797856827470375,0.2854974386647892,0.18098977460465207,0.32050274941084056,1.1567361230276534,0.8926389148073304,0.22194513715710723
16044,15,<class 'torch.optim.adam.Adam'>,0.01,80,0.0006539082011601272,0.007274580292409702,0.003949433016802654,0.8678485092667204,0.30766925652209187,0.24244432553256812,0.875,0.42600021220969086,0.19295249121398603,0.1407424122466759,0.4807541241162608,0.6200851136686323,0.597336070495948,0.4937655860349127
3208,1,<class 'torch.optim.adam.Adam'>,0.01,80,0.006409059485369489,0.15643765966065495,0.015866352478855244,0.6234219715283373,0.5962157744486735,0.4792315585636779,0.7618421052631579,-0.11232345503635632,0.69331820603264,0.2051205984598431,0.38177533385703066,1.1166247368784112,0.8037563180667058,0.3740648379052369
3208,5,<class 'torch.optim.adam.Adam'>,0.01,80,0.0014083058413053094,0.007172081572472201,0.00452671898266272,0.8189632017190438,0.37757739528861856,0.26571410733955225,0.843421052631579,0.2955768513253375,0.20738742639108007,0.14979327391636998,0.3935585231736057,0.6898903339420314,0.6638030383800925,0.3192019950124688
3208,10,<class 'torch.optim.adam.Adam'>,0.01,80,0.0012207971078731547,0.007651714413453583,0.0047508533158482896,0.7923717432178351,0.38178751831341345,0.26476223876601773,0.8315789473684211,0.2877222836449501,0.19101086280634955,0.14068973089882172,0.42419481539670073,0.6303045263413577,0.604578935692175,0.39900249376558605
3208,15,<class 'torch.optim.adam.Adam'>,0.01,80,0.0010766968737237917,0.00799323511146071,0.0043582155432010765,0.8404512489927478,0.38566136577849,0.2788436879305855,0.8276315789473684,0.2804950731945802,0.1890849111854477,0.13356983888446583,0.5545954438334643,0.5881157395052096,0.5564432928519802,0.5910224438902744
6417,1,<class 'torch.optim.adam.Adam'>,1e-05,64,0.002134161773306829,0.0075728568060084945,0.0058402535401779,0.8455546602202525,0.3243267325191524,0.3222165671912463,0.843421052631579,0.3949233687333208,0.15834949047137153,0.12413496404698957,0.5577376276512176,0.4684948888023625,0.5320004039673957,0.5835411471321695
6417,5,<class 'torch.optim.adam.Adam'>,1e-05,64,0.00042280442684712355,0.006193859171969834,0.004708176053982411,0.8742949234488316,0.22927352360841377,0.20999515193612558,0.8960526315789473,0.5722583519160329,0.1592212158574964,0.11741294052147505,0.6205813040062844,0.3792805268602204,0.4048535576429302,0.7556109725685786
6417,10,<class 'torch.optim.adam.Adam'>,1e-05,64,0.00020126678999899444,0.005912971818179748,0.004435337465551634,0.8732205210851464,0.22583864454201932,0.2242035528332436,0.8894736842105263,0.5786665972591267,0.12419644930456288,0.10689829775986012,0.6307934014139828,0.35783949697929274,0.43602505449015194,0.713216957605985
6417,15,<class 'torch.optim.adam.Adam'>,1e-05,64,0.0001363647687766287,0.0053789268497686825,0.004271843257752151,0.8799355358581789,0.21757811790413048,0.2343183758944322,0.8921052631578947,0.5940777527950407,0.12068582022764635,0.10584042987508958,0.6433621366849961,0.3489023822214614,0.4284293502807255,0.6982543640897756
9626,1,<class 'torch.optim.adam.Adam'>,0.001,32,0.004185550467090079,0.017410549314919255,0.010758514417745143,0.856835885038947,0.33730462678393996,0.20380686913160484,0.8789473684210526,0.3707113101963875,0.1798862881721699,0.1335048707193298,0.4783974862529458,0.609777127069893,0.5789175438427568,0.5037406483790524
9626,5,<class 'torch.optim.adam.Adam'>,0.001,32,0.0019059956974316827,0.015962012644467928,0.01067292407703374,0.8659683051302712,0.30176674712119567,0.21283335239675485,0.8986842105263158,0.43701214779221775,0.23386278868334087,0.1509276402738159,0.4799685781618225,0.5571472359611581,0.5055763770888868,0.6309226932668329
9626,10,<class 'torch.optim.adam.Adam'>,0.001,32,0.0009456917347199557,0.00937524911395459,0.006822284129944791,0.8718775181305399,0.20637649216550769,0.18697401107484965,0.8736842105263158,0.6149759390546792,0.16523054426048356,0.12957346540175596,0.5058915946582875,0.5722361073108322,0.5565474663101638,0.5635910224438903
9626,15,<class 'torch.optim.adam.Adam'>,0.001,32,0.0005824746237593668,0.012352104859114926,0.006679537761861395,0.8893365565404244,0.2222299119486355,0.1600453605581271,0.9078947368421053,0.5853991871228212,0.1884125522576423,0.12480220208068883,0.596229379418696,0.48667367756031954,0.422181249398766,0.7356608478802993
16044,1,<class 'torch.optim.adam.Adam'>,0.001,32,0.003569598146987096,0.015050840531301984,0.009761812484075458,0.854955680902498,0.31170561957772985,0.24318206938057157,0.8710526315789474,0.4184698130980278,0.1820019647167077,0.1334600135887397,0.5640219952867243,0.48834342066520026,0.5145184655564644,0.6608478802992519
16044,5,<class 'torch.optim.adam.Adam'>,0.001,32,0.001174504337169423,0.018018960789158208,0.008063003002572629,0.8930969648133226,0.227714308174513,0.16125806296905992,0.9197368421052632,0.5751672727662538,0.15774461712363289,0.1170722984526678,0.575019638648861,0.4597473659176153,0.42005782663366964,0.7082294264339152
16044,10,<class 'torch.optim.adam.Adam'>,0.001,32,0.0006226660690375837,0.012747174563157024,0.008011558092380126,0.8976631748589847,0.17051262657757238,0.20023314809720766,0.9197368421052632,0.6818849696019325,0.12945869999980877,0.11075433803091626,0.6072270227808326,0.44502337976861833,0.4900249490454013,0.655860349127182
16044,15,<class 'torch.optim.adam.Adam'>,0.001,32,0.00038559256201081937,0.01359403389299665,0.007640124070742039,0.8887993553585818,0.16916035543205757,0.16554348811654276,0.9157894736842105,0.6844078226849182,0.1451467334926892,0.10621238659532523,0.6284367635506677,0.4150457443598423,0.38989900593225496,0.7306733167082294
16044,1,<class 'torch.optim.adam.Adam'>,0.01,64,0.0030254607363547122,0.022247933809903885,0.00969651555169695,0.6309427880741337,1.073558288214673,0.4939292253877379,0.6723684210526316,-1.0028723182195445,0.44207627964691637,0.19374756448231314,0.3032207384131972,1.778617912724278,0.9725627098186058,0.23192019950124687
16044,5,<class 'torch.optim.adam.Adam'>,0.01,64,0.0014324462347984597,0.008806519274377964,0.004754598806565915,0.860327692720924,0.3548529612415335,0.2429426854182231,0.8644736842105263,0.3379724390057812,0.20695914143370137,0.14929068006592666,0.38256087981146897,0.6929699888494003,0.6589353460066039,0.2892768079800499
16044,10,<class 'torch.optim.adam.Adam'>,0.01,64,0.001135964661732602,0.008192262010663356,0.004597365331848302,0.8557614826752619,0.32272351604029736,0.21682688755620466,0.8723684210526316,0.3979143937234615,0.2137449661074242,0.14822077263184683,0.46975648075412413,0.6703351445006107,0.6263372931731609,0.42144638403990026
16044,15,<class 'torch.optim.adam.Adam'>,0.01,64,0.000854639225246766,0.009558758791210892,0.004574400953410167,0.8640881009938222,0.3089047124654884,0.210923125065471,0.8868421052631579,0.42369528765538655,0.20352791319473798,0.13712328842038893,0.5781618224666143,0.5273357713221759,0.5018045966910603,0.6608478802992519
9626,1,<class 'torch.optim.adam.Adam'>,1e-06,16,0.013177513675684868,0.04747598483185918,0.03162934902676196,0.7096427612140747,0.37871525678932344,0.2513529462837859,0.8460526315789474,0.29345399642940106,0.22681441622816767,0.14235713454336513,0.5608798114689709,0.5349498127010216,0.4443675618237837,0.7007481296758105
9626,5,<class 'torch.optim.adam.Adam'>,1e-06,16,0.0048234861836270035,0.027911703726924652,0.020855393637949315,0.8619392962664518,0.2845733012635202,0.26101883032763573,0.8697368421052631,0.46908892727842266,0.1513794687748883,0.11963681289187258,0.5907305577376276,0.41492399747991193,0.447392451128646,0.6907730673316709
9626,10,<class 'torch.optim.adam.Adam'>,1e-06,16,0.0033611505782495236,0.023669472840528814,0.01881622918712622,0.8678485092667204,0.24327675407041202,0.24834044335354855,0.8789473684210526,0.5461333710570576,0.13403762194316304,0.11038259488807732,0.617439120188531,0.3847221273328511,0.43583092944315655,0.6932668329177057
9626,15,<class 'torch.optim.adam.Adam'>,1e-06,16,0.0025470318796034573,0.022471002531454284,0.018415299948908264,0.8823529411764706,0.23240749707264832,0.2534738971214545,0.8868421052631579,0.566411490014308,0.12694618165440336,0.10719531742623259,0.6441476826394344,0.35230749604470973,0.4161417069810064,0.7256857855361596
6417,1,<class 'torch.optim.adam.Adam'>,0.0001,32,0.0028607999116126597,0.008810934051571115,0.008970200042874462,0.8939027665860865,0.19366885932830655,0.1545664162047232,0.9197368421052632,0.6386838038407292,0.10490601590431448,0.10573467221886551,0.5758051846032993,0.40729070848153115,0.523857606282258,0.5037406483790524
6417,5,<class 'torch.optim.adam.Adam'>,0.0001,32,0.0005262858059895276,0.007061801287199248,0.005711698438847158,0.9121676067687349,0.11318565447735315,0.1292039708840955,0.9407894736842105,0.7888364161861526,0.07483349587743258,0.08165925939019421,0.7446975648075412,0.24503225922827435,0.3550601325269575,0.8104738154613467
6417,10,<class 'torch.optim.adam.Adam'>,0.0001,32,0.0001803377076716551,0.0075362615390867594,0.00694463543719961,0.9151222132688692,0.10491221792626916,0.10985240936861373,0.9381578947368421,0.8042716665903591,0.08503741496880901,0.09642390114052597,0.629222309505106,0.42561971357718537,0.5312048443366642,0.516209476309227
6417,15,<class 'torch.optim.adam.Adam'>,0.0001,32,0.000188694853710862,0.007819124409419105,0.005682260603545143,0.91324200913242,0.10478657649125363,0.10599255563988425,0.9394736842105263,0.8045060666788475,0.08035199908938807,0.0811925448816729,0.7282010997643362,0.2533273691781808,0.33924825542532094,0.7980049875311721
12835,1,<class 'torch.optim.adam.Adam'>,1e-05,16,0.005977959363033069,0.025576905064733077,0.019361964039446494,0.8761751275852807,0.23685316339080703,0.22670810838585329,0.8855263157894737,0.5581174659032859,0.14081680314404668,0.10964034773110876,0.6488609583660644,0.36997381633454895,0.40256168021637007,0.7506234413965087
12835,5,<class 'torch.optim.adam.Adam'>,1e-05,16,0.0015410963715648009,0.013983558354213365,0.013447664739134297,0.9054525919957024,0.13344100984825408,0.1569074251811559,0.925,0.7510472394359152,0.09158524833670806,0.09847588135399223,0.6535742340926944,0.3548644594880272,0.46361421449969237,0.6783042394014963
12835,10,<class 'torch.optim.adam.Adam'>,1e-05,16,0.0006749208665546864,0.015149491298528503,0.013310554188936589,0.9143164114961053,0.12399924231434326,0.13716092408867553,0.9421052631578948,0.768662164580312,0.08664171539231673,0.08596338190062254,0.7211311861743912,0.24707216651449104,0.329791943086288,0.8204488778054863
12835,15,<class 'torch.optim.adam.Adam'>,1e-05,16,0.00039452120509039627,0.015900255778762896,0.01371046002997271,0.9127048079505775,0.11601093896990457,0.11770268120637507,0.9394736842105263,0.783565453997644,0.08663997543131266,0.08547493957059175,0.7305577376276512,0.26585707819520804,0.3505395872569515,0.8079800498753117
16044,1,<class 'torch.optim.adam.Adam'>,1e-06,32,0.006234501959856788,0.022186403149018964,0.015135268442354757,0.7518130539887188,0.3652955778533751,0.24271865687210506,0.8592105263157894,0.31849028992348427,0.21653796891401647,0.1372984639644763,0.572663000785546,0.49056402658568893,0.41067602050181784,0.7256857855361596
16044,5,<class 'torch.optim.adam.Adam'>,1e-06,32,0.001972067719792129,0.01231365505452842,0.009643586867284044,0.8638195004029009,0.2664076071736812,0.2568033803156332,0.8710526315789474,0.5029795443525031,0.1588667475756328,0.11703486719226519,0.6260801256873527,0.38100149137518424,0.42112501705543803,0.743142144638404
16044,10,<class 'torch.optim.adam.Adam'>,1e-06,32,0.0013202531831522433,0.010813251260809125,0.00891664406080064,0.8793983346763363,0.2243577603829497,0.21661144801121401,0.9013157894736842,0.5814293951019578,0.1419443929760343,0.11008318768227465,0.631578947368421,0.3511834746674897,0.38558877745359915,0.7481296758104738
16044,15,<class 'torch.optim.adam.Adam'>,1e-06,32,0.0009960842207264564,0.01141503638418538,0.008866650052618795,0.8855761482675262,0.2080696648270034,0.19655920823080172,0.9078947368421053,0.611817102133127,0.13226026121471354,0.10906424815857962,0.6213668499607227,0.34940869767295346,0.4005772228308598,0.7182044887780549
16044,1,<class 'torch.optim.adam.Adam'>,0.0001,32,0.0021169774510719605,0.0075393789534147085,0.007944571443168251,0.9033037872683319,0.12068241241169705,0.18408707143481526,0.9328947368421052,0.7748501708479351,0.07836828242752551,0.08850932995388569,0.7336999214454045,0.22642321117993397,0.34614393550338235,0.8254364089775561
16044,5,<class 'torch.optim.adam.Adam'>,0.0001,32,0.00043105292425242933,0.0055270426704771185,0.00519813331939218,0.9218372280419017,0.0849980111074728,0.12337953020622464,0.9460526315789474,0.8414243871119722,0.09019316571122855,0.0865622585740318,0.7140612725844462,0.24258106791337367,0.3450465015254153,0.7930174563591023
16044,10,<class 'torch.optim.adam.Adam'>,0.0001,32,0.00023086973981169867,0.006838787458209147,0.0047858934674393,0.9234488315874295,0.08130310737816053,0.09470825235506422,0.9526315789473684,0.8483177422741557,0.07380655300060797,0.0712901815488197,0.7384131971720346,0.23287864768886088,0.29580400819005326,0.7805486284289277
16044,15,<class 'torch.optim.adam.Adam'>,0.0001,32,0.00013858829339989483,0.007423057198675068,0.004901528136322904,0.9202256244963739,0.08892833721084109,0.09670002507398175,0.9315789473684211,0.8340918173465823,0.0812400265929129,0.07178084459521596,0.7399842890809112,0.2012339803409037,0.25562147345559955,0.827930174563591
16044,1,<class 'torch.optim.adam.Adam'>,0.001,16,0.006956848729109497,0.03308152833069456,0.02088344614855743,0.8498522696749933,0.2868857373228874,0.2423680465374338,0.8631578947368421,0.46477475184085226,0.1610439153031055,0.12934522085968705,0.44854673998428907,0.5719524598211483,0.5881901682027038,0.4463840399002494
16044,5,<class 'torch.optim.adam.Adam'>,0.001,16,0.0031043924732229292,0.034238075046506646,0.024891033072225708,0.8119795863550899,0.36700285809293587,0.3742367461519806,0.8184210526315789,0.3153051217201678,0.21929469216799324,0.1611491202231195,0.3982717989002357,1.0194112801802857,0.8133242923645605,0.4089775561097257
16044,10,<class 'torch.optim.adam.Adam'>,0.001,16,0.0016249768405156941,0.03460398265670934,0.01675089593979738,0.8922911630405587,0.2338767733747346,0.15930500379518459,0.9092105263157895,0.5636703441463758,0.2218642373904038,0.13173432515762917,0.5640219952867243,0.45269458445986627,0.37589592161469926,0.7506234413965087
16044,15,<class 'torch.optim.adam.Adam'>,0.001,16,0.0010158241336389832,0.03402768041576571,0.016289189388850923,0.8914853612677948,0.22239063224415764,0.14597763476011,0.9039473684210526,0.5850993355314873,0.2219394878143659,0.13082149709250782,0.5710919088766693,0.48310957528569803,0.3618790780442611,0.7381546134663342
12835,1,<class 'torch.optim.adam.Adam'>,0.0001,16,0.0047940156265460524,0.01838289770809771,0.016077240146026156,0.8971259736771421,0.17723367948013097,0.18165147600597456,0.9263157894736842,0.6693459198793247,0.11065761579159657,0.10693939916865618,0.5899450117831894,0.37501453474683466,0.4911726120246244,0.5536159600997507
12835,5,<class 'torch.optim.adam.Adam'>,0.0001,16,0.001188518783388885,0.023987619520189792,0.01430765863006678,0.9137792103142627,0.10645656254826368,0.13661128345886123,0.9421052631578948,0.8013904805705018,0.08355995203502888,0.08248337148853342,0.7289866457187746,0.2523731585402639,0.32441087727181783,0.827930174563591
12835,10,<class 'torch.optim.adam.Adam'>,0.0001,16,0.0006472274732083389,0.012397509532160867,0.011591606995822793,0.9164652162234757,0.09224284650475766,0.11143545240767325,0.9381578947368421,0.8279081393213739,0.0783664879884261,0.08262472518244926,0.7234878240377062,0.2675597962008233,0.36649154522398164,0.7755610972568578
12835,15,<class 'torch.optim.adam.Adam'>,0.0001,16,0.0003648387667963631,0.015258649696818354,0.011870029699352523,0.9264034380875638,0.06287074376583623,0.08128095385802321,0.9513157894736842,0.8827058822358341,0.07714092053889846,0.06953022341834321,0.7470542026708562,0.22686100490978783,0.2344254874810112,0.8229426433915212
6417,1,<class 'torch.optim.adam.Adam'>,1e-05,16,0.007268229522245248,0.026098822421371026,0.020569718899888248,0.8552242814934193,0.26128605180538245,0.2364755508189678,0.8736842105263158,0.5125345221418363,0.16527951021736542,0.12011574342179654,0.629222309505106,0.3987143772724618,0.4296018916781425,0.71571072319202
6417,5,<class 'torch.optim.adam.Adam'>,1e-05,16,0.002228562234647924,0.022632888209333894,0.017093504514628252,0.8879935535858179,0.19590581507812901,0.20709096029995155,0.9026315789473685,0.6345104505933532,0.11891023043419827,0.10070873765627512,0.6826394344069128,0.3372241449373119,0.3972557077121612,0.773067331670823
6417,10,<class 'torch.optim.adam.Adam'>,1e-05,16,0.0010860193321878724,0.02488030200429399,0.016062401004962118,0.8992747784045125,0.17793570223819305,0.16819989488545903,0.9157894736842105,0.668036194890917,0.10923407713285277,0.0962546843997344,0.6849960722702279,0.30995781729246347,0.37578851939933816,0.7755610972568578
6417,15,<class 'torch.optim.adam.Adam'>,1e-05,16,0.0006370924220031317,0.02166423699204424,0.0148587610893774,0.9062583937684663,0.16330401561639252,0.16063799090793748,0.9184210526315789,0.6953336431006054,0.10327095097860538,0.09483052512889806,0.6959937156323645,0.3281559712541229,0.3969468502310381,0.7605985037406484
12835,1,<class 'torch.optim.adam.Adam'>,1e-06,64,0.0038993293794621557,0.013649977145257767,0.00896423204176342,0.6510878323932313,0.4255038212538162,0.26852506077358207,0.8289473684210527,0.2061634393222611,0.2620829846386235,0.15286191226585308,0.5380989787902593,0.5848675853160687,0.44396568317793106,0.7381546134663342
12835,5,<class 'torch.optim.adam.Adam'>,1e-06,64,0.0010783408131750819,0.007600933459459567,0.005320185471727359,0.8584474885844748,0.29642033240287063,0.26328975934792603,0.8736842105263158,0.4469866381163913,0.16356216770181986,0.1204049973620595,0.6095836606441477,0.40413382823536625,0.44618469454868326,0.7281795511221946
12835,10,<class 'torch.optim.adam.Adam'>,1e-06,64,0.0007443418256854287,0.005992038877395222,0.004810777689191944,0.8619392962664518,0.26268962400954626,0.2730417634850662,0.8578947368421053,0.5099159609597763,0.15303605552999602,0.117081394388347,0.6095836606441477,0.3922014223186094,0.44624462560227984,0.7107231920199502
12835,15,<class 'torch.optim.adam.Adam'>,1e-06,64,0.0005561949096019276,0.005845845814292994,0.004554857870375249,0.8745635240397529,0.23566700132077742,0.23294556913407224,0.8868421052631579,0.5603304225921777,0.15539215780304086,0.11578472490654344,0.6197957580518461,0.3699130123806902,0.40556794627014536,0.743142144638404
16044,1,<class 'torch.optim.adam.Adam'>,1e-05,16,0.0055633434628530485,0.024363259754108385,0.01924314674489318,0.8869191512221327,0.2287315959985674,0.1843193573368664,0.9144736842105263,0.5732693938434876,0.1473522305728916,0.1141802252702655,0.6300078554595444,0.373941449073333,0.39428872496999817,0.7556109725685786
16044,5,<class 'torch.optim.adam.Adam'>,1e-05,16,0.0013991907307079627,0.015409959220256644,0.013856958562876952,0.9110932044050497,0.12089796226497536,0.1495863127344484,0.9236842105263158,0.7744480351203511,0.08371952015318826,0.09264780388441221,0.6818538884524745,0.28886561874834227,0.4286960816095604,0.7182044887780549
16044,10,<class 'torch.optim.adam.Adam'>,1e-05,16,0.0005866690348592958,0.017956389298123713,0.012630181163429349,0.9161966156325544,0.11322240252419238,0.1288594144445501,0.9407894736842105,0.7887678571483546,0.10145173392949303,0.09658857361243077,0.6873527101335428,0.2944036429303616,0.400198058928932,0.7905236907730673
16044,15,<class 'torch.optim.adam.Adam'>,1e-05,16,0.00033444431363193405,0.013976043004570043,0.010955896775888365,0.9183454203599248,0.10170797875374685,0.12663128491932232,0.9407894736842105,0.8102496174770873,0.07581022721028485,0.08601918186515406,0.7101335428122545,0.2718674115851248,0.38501112051586855,0.770573566084788
16044,1,<class 'torch.optim.adam.Adam'>,1e-06,32,0.0062933047883708525,0.021868835201098207,0.014751650374998112,0.7590652699435939,0.36850151526099545,0.25134514073326597,0.8447368421052631,0.31250917819010915,0.22204777198526876,0.13948058547673034,0.5710919088766693,0.49739152635846123,0.4094354450154557,0.7381546134663342
16044,5,<class 'torch.optim.adam.Adam'>,1e-06,32,0.001968280574036574,0.013578258215652625,0.01002165128026891,0.8638195004029009,0.27045308336604756,0.229005471656197,0.8802631578947369,0.49543214590663054,0.16806699409759007,0.11804065309634662,0.6229379418695994,0.37357685602029006,0.3799971007089365,0.7506234413965087
16044,10,<class 'torch.optim.adam.Adam'>,1e-06,32,0.0012998789224617612,0.011937150924301199,0.009160026191480371,0.8761751275852807,0.23762301896686217,0.23667938191272123,0.8802631578947369,0.5566812030321103,0.1376411453972114,0.11133348646530558,0.6158680282796544,0.37980411905146455,0.43059004124769584,0.7032418952618454
16044,15,<class 'torch.optim.adam.Adam'>,1e-06,32,0.0009930792466763569,0.011216757691478075,0.008641971112610414,0.8887993553585818,0.20856726258336467,0.20328647316078116,0.9105263157894737,0.6108887502403471,0.1292488763897328,0.11046002656133598,0.603299293008641,0.39723412687384724,0.4645002143843067,0.6683291770573566
6417,1,<class 'torch.optim.adam.Adam'>,0.01,16,0.015161837316040535,0.09358736364760771,0.04430419254648791,0.6580714477571851,1.6123188106901076,0.6767988905702766,0.6947368421052632,-2.0080050226704045,0.22610958856610963,0.15991072919006105,0.3315003927729772,0.798631153197174,0.7082426821501773,0.2194513715710723
6417,5,<class 'torch.optim.adam.Adam'>,0.01,16,0.00618069702860253,0.08611536147875905,0.03767350632242064,0.701853344077357,1.107318680226113,0.5770772826416712,0.7144736842105263,-1.0658570175771502,0.2354872429711219,0.15390587998415106,0.3684210526315789,1.1340461430347268,0.7533446243241838,0.2817955112219451
6417,10,<class 'torch.optim.adam.Adam'>,0.01,16,0.00521643570250863,0.03744738970590761,0.018608717575545212,0.8595218909481601,0.3427176221929162,0.22456430594779944,0.8828947368421053,0.3606125939609329,0.21612696513080093,0.1465048996815041,0.5286724273369993,0.5852042294940891,0.5490640131315389,0.628428927680798
6417,15,<class 'torch.optim.adam.Adam'>,0.01,16,0.004937985353120349,0.03541609419526279,0.019551189770917562,0.8589846897663175,0.3515705055307097,0.25629549048056727,0.8723684210526316,0.344096309033341,0.20462487739209645,0.1443453753895279,0.47682639434406915,0.6088321315493184,0.5800859118414639,0.5760598503740648
9626,1,<class 'torch.optim.adam.Adam'>,1e-06,32,0.007497588258469623,0.027293804677750135,0.017663306401296548,0.656191243620736,0.41532064957150683,0.2610783661099911,0.8302631578947368,0.22516155647270608,0.25487069413760927,0.1507501744248927,0.5420267085624509,0.565279498463847,0.430362777855303,0.7306733167082294
9626,5,<class 'torch.optim.adam.Adam'>,1e-06,32,0.0022895029179423694,0.015265846474377853,0.010704041616013061,0.8557614826752619,0.29384390867748633,0.2531143760290242,0.8657894736842106,0.4517933010621148,0.1655422576850548,0.11970882775307357,0.6119402985074627,0.39660716526888923,0.4213150299445696,0.7356608478802993
9626,10,<class 'torch.optim.adam.Adam'>,1e-06,32,0.0016061975669062376,0.012563710211766941,0.00956781720830137,0.8742949234488316,0.25453061511304537,0.22837467760239777,0.8881578947368421,0.5251377351069808,0.15652076885739205,0.11629187558007259,0.6166535742340927,0.3700374040653779,0.40773898031460376,0.7306733167082294
9626,15,<class 'torch.optim.adam.Adam'>,1e-06,32,0.0012220172651743668,0.011864468853559476,0.009212156857273574,0.8729519204942251,0.23441231337134308,0.23535940192370233,0.8828947368421053,0.5626712279938249,0.14474957798317203,0.11395467499392481,0.6111547525530243,0.37810276338105564,0.4318578635967172,0.6982543640897756
9626,1,<class 'torch.optim.adam.Adam'>,0.001,16,0.007409274520285918,0.03855624105911397,0.020584377063687948,0.8691915122213268,0.33632379001764245,0.2043474691803567,0.8802631578947369,0.3725411867553785,0.19618452471393422,0.13881550174139187,0.5648075412411626,0.5643418609278797,0.538653038036278,0.5785536159600998
9626,5,<class 'torch.optim.adam.Adam'>,0.001,16,0.0035893524518116936,0.02725754584979517,0.018813695115185602,0.8490464679022294,0.2561862596172743,0.2517193146736214,0.8539473684210527,0.5220488949657087,0.17055450911627817,0.13574834296425684,0.4878240377062058,0.6302341858435445,0.6075257286986805,0.5311720698254364
9626,10,<class 'torch.optim.adam.Adam'>,0.001,16,0.0019188061955770172,0.031049630594553124,0.018462328738081433,0.8804727370400215,0.23728007050225655,0.23343627859201085,0.8960526315789473,0.5573210147581527,0.16356837852903253,0.12530881754149745,0.5781618224666143,0.43334809765580434,0.48927426030696775,0.685785536159601
9626,15,<class 'torch.optim.adam.Adam'>,0.001,16,0.0010703656499498125,0.03313923837580017,0.015545629356141503,0.8874563524039752,0.23326050653622568,0.15769174498456873,0.9171052631578948,0.5648200747541132,0.1630391908588875,0.12401816390677174,0.5600942655145326,0.46434593270374025,0.4727068731649558,0.683291770573566
12835,1,<class 'torch.optim.adam.Adam'>,0.001,32,0.003712171200992279,0.02377294765431619,0.012954353941982227,0.7789417136717701,0.3271518279327508,0.20453111158598117,0.8802631578947369,0.38965275288605183,0.17306249080361993,0.13341449786823328,0.4783974862529458,0.5468180542601275,0.5794177708585289,0.4912718204488778
12835,5,<class 'torch.optim.adam.Adam'>,0.001,32,0.0015126796009002328,0.013253404324853769,0.008160313396741394,0.8729519204942251,0.2452400005052045,0.20080545002496555,0.8947368421052632,0.5424706754643633,0.15444329953609798,0.12364211479803286,0.5475255302435192,0.4605655137756152,0.5095598977198476,0.6209476309226932
12835,10,<class 'torch.optim.adam.Adam'>,0.001,32,0.0006906223895531082,0.017006494354765853,0.008502213363922189,0.8863819500402901,0.21463598196814876,0.15932744449543718,0.9118421052631579,0.5995667270854199,0.14504591417240084,0.11040656260110128,0.608012568735271,0.4260771589523441,0.42350786668887164,0.7082294264339152
12835,15,<class 'torch.optim.adam.Adam'>,0.001,32,0.000468936964245836,0.013498311881861506,0.007831455041508568,0.889067955949503,0.16781922649933062,0.1365552364799537,0.9171052631578948,0.686909893120476,0.1673571893320553,0.11724143810365394,0.6048703849175177,0.44392176096813724,0.3969487887981378,0.7381546134663342
16044,1,<class 'torch.optim.adam.Adam'>,0.0001,32,0.0021091059402441243,0.0068780577934431895,0.007240536228210542,0.9135106097233414,0.10852311458232379,0.130916293241439,0.9328947368421052,0.7975350295180241,0.09714704387331453,0.09627187308670261,0.6433621366849961,0.31336656951919367,0.41465568097024935,0.685785536159601
16044,5,<class 'torch.optim.adam.Adam'>,0.0001,32,0.0004446863449400728,0.008106895949588471,0.005680640688625805,0.9264034380875638,0.07522752380909178,0.10686729605720183,0.9473684210526315,0.859652590644405,0.08171252331671576,0.0784002221924694,0.7454831107619796,0.20953497661382942,0.2838053051582619,0.8453865336658354
16044,10,<class 'torch.optim.adam.Adam'>,0.0001,32,0.000239174256897568,0.009078667203193065,0.0062072384355050915,0.9191512221326887,0.1410282773083788,0.14934621309366775,0.9394736842105263,0.736892132239955,0.10454184223869589,0.09127570069464508,0.7117046347211312,0.30202523005973014,0.37185812970763304,0.7980049875311721
16044,15,<class 'torch.optim.adam.Adam'>,0.0001,32,0.00016260240749688384,0.007407507153799277,0.005334240022427351,0.9237174321783508,0.08386496552173595,0.1260061471624986,0.9447368421052632,0.8435382406913662,0.10048167549225229,0.08313385966012235,0.7234878240377062,0.23361484896429405,0.2930373668094674,0.830423940149626
6417,1,<class 'torch.optim.adam.Adam'>,0.001,16,0.008410280134406383,0.036775217333765015,0.020400615231407414,0.852269674993285,0.367027935590003,0.256944133169753,0.8631578947368421,0.3152583248868901,0.19556587499114833,0.139873405162008,0.4603299293008641,0.5940998035429109,0.5800634443834238,0.46384039900249374
6417,5,<class 'torch.optim.adam.Adam'>,0.001,16,0.004898362706855256,0.03759306887169215,0.019071770477224477,0.8667741069030351,0.3296251759093127,0.1968522161098295,0.875,0.3850383715031076,0.19828528904967677,0.13775898900412709,0.572663000785546,0.4866967864087482,0.47395930509373285,0.7356608478802993
6417,10,<class 'torch.optim.adam.Adam'>,0.001,16,0.0028440100315029987,0.030199391070203998,0.019489176891566026,0.8482406661294655,0.29827967213376105,0.28000813715748096,0.8776315789473684,0.4435177785678218,0.17128645153264904,0.13894802359139835,0.384917517674784,0.6815283708043492,0.6820173110264792,0.2942643391521197
6417,15,<class 'torch.optim.adam.Adam'>,0.001,16,0.0020623027871468666,0.03561254771235703,0.019946394611791422,0.8699973139940907,0.2733725266920356,0.17984755482818734,0.8802631578947369,0.4899855272236663,0.2038917750879789,0.1362095779643481,0.5522388059701493,0.516063394624907,0.47398371654481364,0.7032418952618454
12835,1,<class 'torch.optim.adam.Adam'>,0.0001,80,0.0009590318968521745,0.0034852352052358667,0.003259382227432206,0.8796669352672576,0.18987674589594322,0.20447750822395871,0.9157894736842105,0.6457585184765331,0.09439149908127253,0.09469697471614415,0.7148468185388845,0.30458352378585735,0.41538687278470143,0.773067331670823
12835,5,<class 'torch.optim.adam.Adam'>,0.0001,80,0.00017620551727863082,0.0030387075492332226,0.0027975822420425065,0.91324200913242,0.1254470649990331,0.14589888010247562,0.9407894736842105,0.7659610511184669,0.09235741670379427,0.09810616357072029,0.5860172820109977,0.38382101513262773,0.5136966494903749,0.4613466334164589
12835,10,<class 'torch.optim.adam.Adam'>,0.0001,80,5.871915918955217e-05,0.0025344214975241528,0.0020922900162779322,0.9183454203599248,0.0863666796731026,0.11016134661009633,0.9421052631578948,0.8388709462101863,0.07595870278861701,0.07971009507830908,0.7376276512175962,0.23143432931478822,0.33539695592197655,0.8154613466334164
12835,15,<class 'torch.optim.adam.Adam'>,0.0001,80,4.339651444097484e-05,0.0023208247540704254,0.0021346694070134404,0.9159280150416331,0.09279423193333569,0.14031873578205706,0.9407894736842105,0.8268794521936494,0.10074266829889689,0.11109902132492738,0.5216025137470542,0.5981403142088193,0.6429241324851563,0.3865336658354115
16044,1,<class 'torch.optim.adam.Adam'>,0.001,32,0.003628145059678872,0.015333779943692182,0.009786262359793328,0.8506580714477572,0.33064475943382754,0.27274938589207043,0.8776315789473684,0.38313620004539306,0.17516691456706499,0.1386086789065151,0.40691280439905736,0.7365666125399905,0.7085783478230275,0.3192019950124688
16044,5,<class 'torch.optim.adam.Adam'>,0.001,32,0.0013051698321248566,0.017607852276499684,0.008688755561563875,0.8861133494493688,0.2406114552949197,0.21325497842565375,0.8907894736842106,0.5511058528662507,0.16100575799406266,0.12005209365167538,0.608012568735271,0.4606389458386913,0.48632726298779844,0.6932668329177057
16044,10,<class 'torch.optim.adam.Adam'>,0.001,32,0.0006618499648397961,0.014645038848643281,0.006968011544767708,0.8947085683588504,0.2030817592108733,0.14520210467989703,0.9131578947368421,0.6211227318965052,0.14710516859040346,0.10742877688665288,0.6347211311861743,0.42132217539823597,0.40249785238370633,0.7481296758104738
16044,15,<class 'torch.optim.adam.Adam'>,0.001,32,0.00043500911177796474,0.010705263539748489,0.006628425121947766,0.8928283642224013,0.17892391462903037,0.17972879138726153,0.9131578947368421,0.6661925456788604,0.1290244837142876,0.10922927885826235,0.608012568735271,0.49326466140397845,0.4902984258019716,0.6508728179551122
16044,1,<class 'torch.optim.adam.Adam'>,0.001,16,0.007265595810847068,0.03542627343518213,0.021826947050375738,0.8705345151759334,0.35586856391600735,0.3134775258355627,0.8802631578947369,0.33607769820869915,0.19608939199240913,0.14398325682388735,0.4831107619795758,0.6052133674696181,0.6201594160530632,0.38902743142144636
16044,5,<class 'torch.optim.adam.Adam'>,0.001,16,0.002941240275211961,0.0366627774810458,0.019038541456111616,0.8689229116304056,0.2898818624467818,0.203374279334553,0.875,0.4591850574790086,0.2155835738639399,0.1374754503124978,0.5404556166535742,0.5039700297120067,0.4435641885621292,0.7182044887780549
16044,10,<class 'torch.optim.adam.Adam'>,0.001,16,0.0016596150856568253,0.030938061059402812,0.0163150190248417,0.8742949234488316,0.22680476627697002,0.1985233330216847,0.9,0.5768641685739013,0.1884718476779085,0.13100169769463402,0.5373134328358209,0.5133379964558253,0.4552961745092696,0.6907730673316709
16044,15,<class 'torch.optim.adam.Adam'>,0.001,16,0.000934954948391978,0.03654734477267854,0.015906818350664462,0.8828901423583132,0.25027662205847656,0.1880407109268402,0.8855263157894737,0.5330741379049869,0.18404011069668036,0.1202280082167781,0.6040848389630793,0.45958439963751035,0.3813475277785797,0.7680798004987531
12835,1,<class 'torch.optim.adam.Adam'>,1e-06,16,0.012157536852403889,0.040506428188168804,0.027290071754759112,0.7915659414450712,0.34750509814261976,0.2518071624594373,0.8460526315789474,0.3516809070846686,0.21100879826975105,0.1362350251780236,0.5671641791044776,0.4882044711156829,0.424783175186419,0.6907730673316709
12835,5,<class 'torch.optim.adam.Adam'>,1e-06,16,0.004424980380015472,0.024756325413819412,0.019819466852946464,0.8694601128122482,0.2610019456972387,0.2469486011363762,0.8828947368421053,0.5130645601254267,0.146447104725618,0.11573274878716244,0.615082482325216,0.4042905515301859,0.4374461593849589,0.6982543640897756
12835,10,<class 'torch.optim.adam.Adam'>,1e-06,16,0.0031272164048546476,0.025555413079268185,0.019494091138832038,0.8796669352672576,0.22553835683899667,0.18960845697867243,0.9052631578947369,0.5792268161236989,0.15381009746979388,0.11479143139328998,0.6339355852317361,0.3524864555873476,0.3585594757727145,0.770573566084788
12835,15,<class 'torch.optim.adam.Adam'>,1e-06,16,0.0023983664603132566,0.023864273772868393,0.01790527545722172,0.887187751813054,0.20814858309003148,0.2118188909542943,0.9092105263157895,0.6116698594813024,0.13521622260300867,0.11026468401583085,0.629222309505106,0.3431626030123449,0.39718631350149647,0.7556109725685786
12835,1,<class 'torch.optim.adam.Adam'>,0.001,64,0.0020760837229811175,0.009317572310410806,0.00622914743509915,0.8286328229922106,0.37481029811670824,0.33911890377118986,0.8447368421052631,0.30073926340217694,0.18941669536513794,0.14405071569748593,0.3809897879025923,0.6677894503195138,0.6739428597421123,0.2718204488778055
12835,5,<class 'torch.optim.adam.Adam'>,0.001,64,0.0007572893297098748,0.00824838050015985,0.004762549450600497,0.8748321246306742,0.2744804535826762,0.24227014199806082,0.8921052631578947,0.4879185435436786,0.16343538475058722,0.13142208610233344,0.4673998428908091,0.5306507953726853,0.5871194973889915,0.4314214463840399
12835,10,<class 'torch.optim.adam.Adam'>,0.001,64,0.0003209116919104766,0.007645938890677705,0.004046152471663521,0.8968573730862208,0.18916596354475687,0.1469783206837938,0.9131578947368421,0.6470845790204744,0.13464821623106035,0.11254372198108323,0.5930871956009427,0.39966416674952254,0.45141328272974107,0.6957605985037406
12835,15,<class 'torch.optim.adam.Adam'>,0.001,64,0.00018141649770113248,0.0064512722313268,0.0035990429059043227,0.897931775449906,0.20070177983384765,0.13607939375368389,0.925,0.62556291489132,0.14093097706825308,0.10784597822098473,0.6135113904163394,0.41043145832043904,0.41345406898722387,0.6932668329177057
16044,1,<class 'torch.optim.adam.Adam'>,1e-06,16,0.011024761777888957,0.03777802154860076,0.02548919690374146,0.8068761751275852,0.33767476736893537,0.261246124556668,0.85,0.37002074083333736,0.1758303804107622,0.12451196720901195,0.5875883739198743,0.44518587058355436,0.43498062939229803,0.6932668329177057
16044,5,<class 'torch.optim.adam.Adam'>,1e-06,16,0.004090590088850441,0.02651400078091047,0.019832658459110475,0.8691915122213268,0.2548473949583774,0.2273760924409879,0.8828947368421053,0.524546729475226,0.1462956410201701,0.11506467295893982,0.6190102120974077,0.3897375361086722,0.4245455631245383,0.71571072319202
16044,10,<class 'torch.optim.adam.Adam'>,1e-06,16,0.0027625749159729232,0.02290349625143078,0.01761759170602478,0.8869191512221327,0.21551306820360092,0.20162046935354164,0.9092105263157895,0.5979303996523746,0.12702457966738018,0.1064796785722309,0.6284367635506677,0.34957027595755646,0.4070171350630655,0.7206982543640897
16044,15,<class 'torch.optim.adam.Adam'>,1e-06,16,0.0020994834466888427,0.020745052955669443,0.01672216944882795,0.8941713671770077,0.1919297424886413,0.19390831225441377,0.9105263157894737,0.6419283661147167,0.11328199595865521,0.10364418899975512,0.6535742340926944,0.3403761612099679,0.42835634653142973,0.7231920199501247
3208,1,<class 'torch.optim.adam.Adam'>,0.001,16,0.01033853374344954,0.03747227170892118,0.02473011494019068,0.8262154176739189,0.3540366553954061,0.30884785202429876,0.85,0.33949536953559734,0.19048255649856194,0.1365976877779775,0.5475255302435192,0.5623627036208956,0.5280994308411034,0.6384039900249376
3208,5,<class 'torch.optim.adam.Adam'>,0.001,16,0.005764337858223494,0.0367060466463123,0.022212248548701217,0.863013698630137,0.3559617051584466,0.2229488001450112,0.8605263157894737,0.3359039120984939,0.17076894935015266,0.1307756410207883,0.5498821681068342,0.5575233786279877,0.5573922983391624,0.6159600997506235
3208,10,<class 'torch.optim.adam.Adam'>,0.001,16,0.0033216930170598073,0.027570037786622953,0.019199028935382483,0.8635508998119796,0.3275354424374627,0.24895611320083078,0.8763157894736842,0.38893708457676757,0.18966168730148153,0.1366440086294103,0.5640219952867243,0.5045066595630759,0.5308909268905768,0.6084788029925187
3208,15,<class 'torch.optim.adam.Adam'>,0.001,16,0.0020026302563814456,0.028999499779138557,0.0176163151772183,0.8708031157668547,0.2762518765556688,0.19768723747938088,0.8855263157894737,0.48461369827819667,0.19524280669662197,0.1328599641870675,0.5545954438334643,0.47931696370753973,0.4322361555136276,0.7082294264339152
9626,1,<class 'torch.optim.adam.Adam'>,0.0001,80,0.0010416063536388101,0.004245980579447048,0.00355343697950336,0.884501745903841,0.1945084571364817,0.1976291367683045,0.8934210526315789,0.6371174166961215,0.10680246255920216,0.10013598156690551,0.6747839748625295,0.3060268928280661,0.39025523513555527,0.7830423940149626
9626,5,<class 'torch.optim.adam.Adam'>,0.0001,80,0.00017823584254118217,0.003954618662923951,0.0034988632757369784,0.9102874026322858,0.118236159626659,0.11382229923895609,0.9381578947368421,0.7794139999460692,0.0825732150036426,0.08596183701717564,0.7478397486252946,0.2645455921371021,0.3719178035047063,0.8329177057356608
9626,10,<class 'torch.optim.adam.Adam'>,0.0001,80,7.131711902329457e-05,0.0025937324867609077,0.002191848514575072,0.9199570239054526,0.100073501808934,0.11827575852481746,0.9460526315789474,0.8132989633158855,0.07245284946037193,0.08036071801659098,0.755695208169678,0.24054282561852933,0.3510499345278019,0.830423940149626
9626,15,<class 'torch.optim.adam.Adam'>,0.0001,80,5.4074461764309445e-05,0.002692529353809203,0.0022483358808560233,0.9183454203599248,0.10056545649091644,0.11043589726997245,0.95,0.8123811537915828,0.07981798107931881,0.08028230462910993,0.7439120188531029,0.23791115799133167,0.3298273955023571,0.8379052369077307
16044,1,<class 'torch.optim.adam.Adam'>,0.001,32,0.0038635074358356397,0.015325938585846455,0.010549430053239864,0.8407198495836691,0.33041747440582575,0.28159058587625624,0.8671052631578947,0.38356022894466923,0.18788017273698054,0.14203282287424812,0.4171249018067557,0.663759657137148,0.6435191853162356,0.4389027431421446
16044,5,<class 'torch.optim.adam.Adam'>,0.001,32,0.0015189813381656298,0.013858804729395165,0.007972884001653104,0.8796669352672576,0.2345504530450464,0.1672619741164932,0.9105263157894737,0.5624134960153695,0.18567812396752964,0.13539109786991424,0.5168892380204242,0.4879636256149629,0.5136381459197127,0.600997506234414
16044,10,<class 'torch.optim.adam.Adam'>,0.001,32,0.0007615152627687225,0.014873892480741136,0.007484648783953639,0.8917539618587161,0.200483461750288,0.16055572097875961,0.9013157894736842,0.6259702177981552,0.162612053030488,0.12788993788946007,0.5192458758837392,0.5278246728927054,0.5501858610334688,0.5685785536159601
16044,15,<class 'torch.optim.adam.Adam'>,0.001,32,0.0004945612506637022,0.014689689953647616,0.008214964490086681,0.8718775181305399,0.22339080593349267,0.16386896906616658,0.8802631578947369,0.5832333703179895,0.14571488523554,0.11143840944946093,0.6103692065985861,0.43139548796359717,0.428494094260167,0.7007481296758105
9626,1,<class 'torch.optim.adam.Adam'>,1e-05,64,0.0017681387666231279,0.007292363562516362,0.005176303549508334,0.8587160891753962,0.29984013720027464,0.2774762952430664,0.8736842105263158,0.4406065010698448,0.15502268843076983,0.11850324055678903,0.6166535742340927,0.41066129955244035,0.46234484925921865,0.7231920199501247
9626,5,<class 'torch.optim.adam.Adam'>,1e-05,64,0.00035214988847990527,0.006541698224484328,0.004652290075433021,0.8815471394037067,0.23305856622307108,0.21776431770933988,0.8894736842105263,0.5651968302088316,0.12253394396070286,0.10440914728514154,0.6425765907305577,0.3522489032364705,0.4145310539072914,0.7231920199501247
9626,10,<class 'torch.optim.adam.Adam'>,1e-05,64,0.00016567109271387826,0.005764048183329349,0.0042642143074940395,0.8879935535858179,0.20668966419935378,0.19794196115751556,0.9052631578947369,0.6143916843089348,0.11520754428254294,0.10562957820789091,0.6323644933228594,0.3898181101851509,0.48098817554318773,0.6683291770573566
9626,15,<class 'torch.optim.adam.Adam'>,1e-05,64,0.00010616812210064865,0.005985182117377594,0.00410540747347936,0.8960515713134569,0.21217365501559962,0.21706416919631394,0.9171052631578948,0.6041605474556653,0.1150579734728068,0.10514196482079524,0.6465043205027494,0.38209851892144947,0.467999844808373,0.6882793017456359
12835,1,<class 'torch.optim.adam.Adam'>,0.001,16,0.006923432492311459,0.037533488199530056,0.018635739504554532,0.8673113080848778,0.34994648609493784,0.22886149461234087,0.8828947368421053,0.3471261449332447,0.18758142365544442,0.13726996765775606,0.49410840534171246,0.5756568467052392,0.5727067062830985,0.4912718204488778
12835,5,<class 'torch.optim.adam.Adam'>,0.001,16,0.0029586695009199623,0.028826652069706415,0.021174394929085627,0.8689229116304056,0.2527775836304411,0.2597290400685252,0.8921052631578947,0.528408247922945,0.14563180991984448,0.12206373246604663,0.5208169677926159,0.5032713644443139,0.5604864970369826,0.46384039900249374
12835,10,<class 'torch.optim.adam.Adam'>,0.001,16,0.0015239861130130843,0.03279312057200476,0.01688385358680137,0.8877249529948966,0.20983284958524176,0.19284733940209997,0.9,0.6085276304237703,0.14887762624927303,0.1259759820239415,0.5058915946582875,0.5279041007893795,0.571288776693127,0.5236907730673317
12835,15,<class 'torch.optim.adam.Adam'>,0.001,16,0.0009403946854685331,0.03497515634950108,0.015598041987286248,0.8912167606768735,0.23302523182971843,0.1668791450413042,0.9157894736842105,0.5652590164100959,0.15989949200269327,0.11358446675335926,0.6182246661429693,0.46954487521381894,0.4374898761102089,0.7182044887780549
16044,1,<class 'torch.optim.adam.Adam'>,1e-06,64,0.0036204454487426953,0.012497262295266489,0.008234019429011911,0.70453934998657,0.39872010191084767,0.25967273029290433,0.8289473684210527,0.2561321912432042,0.23727058933481562,0.14470002951666724,0.5569520816967792,0.5470638205901855,0.4445807201058564,0.7306733167082294
16044,5,<class 'torch.optim.adam.Adam'>,1e-06,64,0.0009976351350161373,0.007236333066117786,0.005244103508741024,0.8611334944936879,0.2818668402296734,0.23665353740982123,0.8723684210526316,0.47413820918942184,0.17561582166444398,0.12267449977226082,0.5970149253731343,0.40026770924020444,0.42032319573485794,0.7306733167082294
16044,10,<class 'torch.optim.adam.Adam'>,1e-06,64,0.0006754634650765445,0.006147813028924862,0.0046278590352952145,0.8726833199033038,0.2471083736505618,0.22932305631172648,0.8894736842105263,0.5389849554527556,0.15716614550453642,0.1166257312124813,0.6229379418695994,0.37858159117348056,0.4160441661130479,0.7481296758104738
16044,15,<class 'torch.optim.adam.Adam'>,1e-06,64,0.0005052000893931441,0.005640694960099281,0.004541349097217823,0.8804727370400215,0.23308662244823591,0.25416242790861837,0.8921052631578947,0.56514448111858,0.1445720953013066,0.11444604699847413,0.608012568735271,0.38628926326159413,0.4465023474849092,0.685785536159601
12835,1,<class 'torch.optim.adam.Adam'>,0.01,16,0.010739589531814885,0.10242731756451404,0.03600571737826078,0.7142089712597368,1.4857842959423109,0.3411749103449677,0.8355263157894737,-1.771937259207006,0.3679145759035218,0.1573976446853955,0.5388845247446976,1.5137958247350016,0.5137305745014229,0.7007481296758105
12835,5,<class 'torch.optim.adam.Adam'>,0.01,16,0.00574876095645745,0.042621762620091534,0.022828909584248287,0.8423314531291969,0.3475080717828906,0.2822099185499706,0.8486842105263158,0.35167535988860965,0.24452548993507053,0.15055136643028222,0.47368421052631576,0.5736437231395742,0.5114522998841327,0.6583541147132169
12835,10,<class 'torch.optim.adam.Adam'>,0.01,16,0.004090761837582523,0.03140771699223288,0.01806842719447123,0.8705345151759334,0.3001793005102583,0.2025235676843869,0.8842105263157894,0.43997374785195287,0.208384134425485,0.14867999012825625,0.4760408483896308,0.7325590515277434,0.6671771457293384,0.48877805486284287
12835,15,<class 'torch.optim.adam.Adam'>,0.01,16,0.00286998820371772,0.03302328643035579,0.019870196733540693,0.8648939027665861,0.28500121211741763,0.19765227621323184,0.8973684210526316,0.4682905877439816,0.2159178546030943,0.14895325453142808,0.4846818538884525,0.6858662143597831,0.6205736511663309,0.543640897755611
12835,1,<class 'torch.optim.adam.Adam'>,0.0001,32,0.0022617691207748236,0.008579003896535228,0.007490938544881751,0.9084071984958367,0.1394683358917893,0.1833845842813485,0.9276315789473685,0.7398024222150097,0.09973008876526691,0.1019635085054532,0.579732914375491,0.38704257373044987,0.5112837780420285,0.4912718204488778
12835,5,<class 'torch.optim.adam.Adam'>,0.0001,32,0.00047083912566224387,0.006325854408161241,0.005317608668515671,0.9253290357238786,0.080109496652593,0.1064560042150429,0.9381578947368421,0.850544591300578,0.06803769902422646,0.08063483256875931,0.7305577376276512,0.24671734253294977,0.37904443495681606,0.7581047381546134
12835,10,<class 'torch.optim.adam.Adam'>,0.0001,32,0.0002689637709318297,0.008641331618013354,0.005863482054005763,0.9183454203599248,0.11253817415180871,0.10916630174983048,0.9407894736842105,0.7900443820858954,0.09698730650369242,0.08058499020230953,0.7266300078554595,0.22774097705328358,0.2655390806773682,0.8379052369077307
12835,15,<class 'torch.optim.adam.Adam'>,0.0001,32,0.00014498405399150714,0.009910553720600356,0.005254429796314867,0.9218372280419017,0.11345853288091433,0.09825795321651784,0.9394736842105263,0.7883273268790053,0.0946893649387949,0.08441798874226056,0.6873527101335428,0.2916846434115931,0.31651854739545326,0.7655860349127181
16044,1,<class 'torch.optim.adam.Adam'>,0.001,64,0.0019867914473176806,0.008332999725832338,0.0056979629683167965,0.8315874294923449,0.3407802187448948,0.31363331924045557,0.8578947368421053,0.3642270996852931,0.1755678314494693,0.1362153296022349,0.40769835035349566,0.5649894191695272,0.5978179936253111,0.3865336658354115
16044,5,<class 'torch.optim.adam.Adam'>,0.001,64,0.0006150428359962143,0.00720907414640722,0.00405457205800257,0.8850389470856835,0.2498186909943716,0.20209215250981383,0.9052631578947369,0.5339284891486886,0.13379625672783968,0.11069151211620688,0.624509033778476,0.4109907879070925,0.4582828865328483,0.7057356608478803
16044,10,<class 'torch.optim.adam.Adam'>,0.001,64,0.000298153209841105,0.009115105442324538,0.0042856182405745635,0.8896051571313457,0.22895580075270106,0.1612022736403895,0.9039473684210526,0.5728510984529849,0.11110553589330065,0.09553665734347591,0.6724273369992144,0.3574681514058504,0.37819392427319004,0.7556109725685786
16044,15,<class 'torch.optim.adam.Adam'>,0.001,64,0.00019848628511617058,0.006734578748411976,0.003447962237915748,0.900617781359119,0.16557864852061996,0.12991577428397968,0.9197368421052632,0.6910899938827502,0.14038025630604717,0.10747066805635207,0.629222309505106,0.3965913672824686,0.39586417604135604,0.7556109725685786
16044,1,<class 'torch.optim.adam.Adam'>,0.001,64,0.0019447741106132102,0.009035483330864437,0.006154127420996134,0.8235294117647058,0.3458016610114709,0.32808553253570083,0.8342105263157895,0.35485889489892763,0.16814552180510006,0.13235565230472765,0.5993715632364494,0.46264782587970327,0.5220687955878025,0.6658354114713217
16044,5,<class 'torch.optim.adam.Adam'>,0.001,64,0.0005801102344217896,0.005340334727435608,0.004036563610457426,0.8670427074939565,0.216499767315249,0.20744603747076135,0.8763157894736842,0.596089561222054,0.14887260485426593,0.11868720185318896,0.5671641791044776,0.4727307072597186,0.47928196117932215,0.6608478802992519
16044,10,<class 'torch.optim.adam.Adam'>,0.001,64,0.00029545614428944073,0.007437848298641068,0.0038339824040762812,0.9000805801772764,0.18363700967554908,0.17618913820050167,0.925,0.6573996173633235,0.12185001932276034,0.1049586669830876,0.6276512175962293,0.37437677146781173,0.4158954842833621,0.743142144638404
16044,15,<class 'torch.optim.adam.Adam'>,0.001,64,0.00018286750976616672,0.00664851939585335,0.003725905596745645,0.8982003760408273,0.16265381755732658,0.14001296687086945,0.9157894736842105,0.6965466804470803,0.13313865391780802,0.09982367185327076,0.6716417910447762,0.3523495274643541,0.33841631423328955,0.7980049875311721
12835,1,<class 'torch.optim.adam.Adam'>,0.001,16,0.00799375014879567,0.036990579600657804,0.01969660043200113,0.867579908675799,0.34567177040947533,0.23005856125811605,0.875,0.35510122489914264,0.2117219285639654,0.14708015802027388,0.5027494108405341,0.6158841768247156,0.6009830196302133,0.4164588528678304
12835,5,<class 'torch.optim.adam.Adam'>,0.001,16,0.003917756821252014,0.04257835043939954,0.025932642404843553,0.8068761751275852,0.31995145583054313,0.21764323664829135,0.8578947368421053,0.4030860485638619,0.20765873755207917,0.1362349963055606,0.5223880597014925,0.5048332477823048,0.40397203458180453,0.7356608478802993
12835,10,<class 'torch.optim.adam.Adam'>,0.001,16,0.00213002890085763,0.03151803424520223,0.016881763230656027,0.878323932312651,0.23757410492162506,0.18405135860666633,0.8986842105263158,0.5567724508405336,0.17684410447170643,0.1248078170676554,0.5624509033778476,0.5196971294169164,0.49514129156818115,0.6608478802992519
12835,15,<class 'torch.optim.adam.Adam'>,0.001,16,0.0013176803106094163,0.02867292238911201,0.01952591662905788,0.8777867311308085,0.23094892646274737,0.2693570941931715,0.8763157894736842,0.5691326458886101,0.15243683612590125,0.12197853480842483,0.5569520816967792,0.47721125346972365,0.4997723488290411,0.6259351620947631
28602.52 sec
