2.0.1+cu117
0.15.2+cu117
torch.cuda.is_available(): True
Load training datasets


Feting data from directory:  ../saved_data/training_animal_count/cottonwood_eastface_2022/
loading annotations into memory...
Done (t=0.22s)
creating index...
index created!
Problematic image or label encountered, leaving out.
Problematic image or label encountered, leaving out.
Number of images found:  3479
Number of batches found:  596

Feting data from directory:  ../saved_data/training_animal_count/ngilchrist_eastface_2022_MP180_13_ODOT05/
loading annotations into memory...
Done (t=0.04s)
creating index...
index created!
Number of images found:  190
Number of batches found:  46

Feting data from directory:  ../saved_data/training_animal_count/crawford_westface_2022_MP150_ODOT006/
loading annotations into memory...
Done (t=0.33s)
creating index...
index created!
Number of images found:  3468
Number of batches found:  508

Feting data from directory:  ../saved_data/training_animal_count/caltech/
loading annotations into memory...
Done (t=1.89s)
creating index...
index created!
Number of images found:  6055
Number of batches found:  762

Feting data from directory:  ../saved_data/training_animal_count/fence_ends_HERS0033_2023_MP178_WEST/
loading annotations into memory...
Done (t=0.12s)
creating index...
index created!
Number of images found:  1151
Number of batches found:  247

Feting data from directory:  ../saved_data/training_animal_count/vandevert_westface_2023_MP154_ODOT065/
loading annotations into memory...
Done (t=0.06s)
creating index...
index created!
Number of images found:  956
Number of batches found:  273

Feting data from directory:  ../saved_data/training_animal_count/jump_outs_ HERS0039_CENTURY_SE_2023/
loading annotations into memory...
Done (t=0.17s)
creating index...
index created!
Number of images found:  2149
Number of batches found:  705

Feting data from directory:  ../saved_data/training_animal_count/ngilchrist_repelcam_2023_MP180_13_ODOT010/
loading annotations into memory...
Done (t=0.17s)
creating index...
index created!
Number of images found:  1523
Number of batches found:  413

Feting data from directory:  ../saved_data/training_animal_count/jump_outs_HERS0040_VANDEVERT_NW_2023/
loading annotations into memory...
Done (t=0.11s)
creating index...
index created!
Number of images found:  796
Number of batches found:  229

Number of training images:  16039
Number of validation images:  3728
Number of batches for training:  3019
Number of batches for validation:  760
Load testing datasets


GettingCottonwood Eastfacedata
loading annotations into memory...
Done (t=0.03s)
creating index...
index created!
Number of batches for verification:  6
Number of individual images for verification:  100

GettingNGilchrist Eastfacedata
loading annotations into memory...
Done (t=0.10s)
creating index...
index created!
Number of batches for verification:  33
Number of individual images for verification:  100

GettingFence Endsdata
loading annotations into memory...
Done (t=0.11s)
creating index...
index created!
Number of batches for verification:  276
Number of individual images for verification:  946

GettingIdahodata
loading annotations into memory...
Done (t=0.04s)
creating index...
index created!
Number of batches for verification:  86
Number of individual images for verification:  127
training size,epoch number,optimizer,learning rate,batch size,training loss,validation MSE,validation MAE,validation ACC,batch validation MSE,batch validation MAE,batch validation ACC,r2,individual testing MSE,individual testing MAE,individual testing ACC,batch testing MSE,batching testing MAE,batching testing ACC
3207,1,<class 'torch.optim.adam.Adam'>,0.001,16,0.010431799591272967,0.02927378190845219,0.02287322851577414,0.8127682403433476,0.28120382845855757,0.28439031772217466,0.8394736842105263,0.3962765892641956,0.20003363922697792,0.14757312945611864,0.4053417124901807,0.7002817454814343,0.6687821420165071,0.3516209476309227
3207,5,<class 'torch.optim.adam.Adam'>,0.001,16,0.005361649494979439,0.028997267730576048,0.02024508087172337,0.8358369098712446,0.24929442120931594,0.22402105863255106,0.8776315789473684,0.4647836814417642,0.20838566070719466,0.14341698221361904,0.48939512961508247,0.6338509027080231,0.5987827220834104,0.4937655860349127
3207,10,<class 'torch.optim.adam.Adam'>,0.001,16,0.0033624979844801813,0.04002483039564761,0.02267755146733937,0.8170600858369099,0.38256693906532335,0.3173578479768414,0.85,0.17865763291850423,0.17323320554730315,0.13718173238510983,0.4304791830322074,0.6386216567256606,0.6545566783432949,0.3266832917705736
3207,15,<class 'torch.optim.adam.Adam'>,0.001,16,0.0018665636173066996,0.045924843410869394,0.023150128947946647,0.8412017167381974,0.2848398244210499,0.18871487182025848,0.8894736842105263,0.38847038093367514,0.22461921029944756,0.1411541997245092,0.5365278868813825,0.507625306243628,0.4285846023153783,0.71571072319202
16039,1,<class 'torch.optim.adam.Adam'>,0.01,32,0.004712384769919359,0.01454549733661275,0.010370483250225307,0.8009656652360515,0.2890477551672547,0.2562427623687606,0.8289473684210527,0.37943626810008757,0.21555779145380255,0.14541318853720817,0.4846818538884525,0.656956563654002,0.589278258429724,0.513715710723192
16039,5,<class 'torch.optim.adam.Adam'>,0.01,32,0.0026152433090195766,0.01528232493797565,0.010175502992958598,0.8006974248927039,0.3991426207874145,0.26532610496015924,0.8197368421052632,0.14307090246228837,0.21047649394696286,0.1433592760483299,0.4752553024351925,0.6909414433563764,0.6026476629431409,0.4763092269326683
16039,10,<class 'torch.optim.adam.Adam'>,0.01,32,0.0019006063199560666,0.03557404415590025,0.010869308274894825,0.8302038626609443,1.137442833691351,0.2781863450023689,0.8697368421052631,-1.4420039373156635,0.2069399410114625,0.14746773037225452,0.42419481539670073,0.7299714453926216,0.6678717118917855,0.40648379052369077
16039,15,<class 'torch.optim.adam.Adam'>,0.01,32,0.0017677924047164474,0.014472438827908473,0.00873331887279777,0.8336909871244635,0.25745445220500573,0.19533162556196515,0.8776315789473684,0.44726471838154314,0.23308010273188132,0.16448922818475414,0.38413197172034563,0.9924250906004827,0.8210107525833824,0.30673316708229426
3207,1,<class 'torch.optim.adam.Adam'>,0.01,16,0.017878475705568837,2.139901251604085,0.13813497303573358,0.5590128755364807,0.38042461134486044,0.4000145780902944,0.6947368421052632,0.18325705946847293,1.1271190077903483,0.18117428987337464,0.32128829536527886,0.9081358657968394,0.8145807769679072,0.19950124688279303
3207,5,<class 'torch.optim.adam.Adam'>,0.01,16,0.00771147234113855,0.031169491668147847,0.025486897913011616,0.7910407725321889,0.30985025802331523,0.3477850502552955,0.8,0.3347748725941895,0.21271774584691833,0.15599237156275422,0.38177533385703066,0.8177882639550818,0.7544822783913101,0.2593516209476309
3207,10,<class 'torch.optim.adam.Adam'>,0.01,16,0.006754089944880069,0.027912545149052684,0.02175056597201929,0.7813841201716738,0.2998373213253326,0.3137050066731478,0.7960526315789473,0.3562718787644693,0.19886731255801543,0.1499764183294745,0.37549096622152395,0.8276101182848025,0.7531443998180423,0.27680798004987534
3207,15,<class 'torch.optim.adam.Adam'>,0.01,16,0.005797034054576403,0.03154112580467151,0.022082664340318785,0.8082081545064378,0.277471703441842,0.2683795371926145,0.8407894736842105,0.404289183593058,0.20157776294227628,0.15110385430704595,0.3904163393558523,0.9088875666867837,0.8099904152148977,0.26683291770573564
6415,1,<class 'torch.optim.adam.Adam'>,1e-06,64,0.002726537762725158,0.009019027104353445,0.007069431549106033,0.7398068669527897,0.30755508140346416,0.34173195721140426,0.7697368421052632,0.3397024316873585,0.18716506011204653,0.14421238304823286,0.4186959937156324,0.6327608282998906,0.6337277337332765,0.4239401496259352
6415,5,<class 'torch.optim.adam.Adam'>,1e-06,64,0.0011743017664688784,0.006950221162353334,0.005806920590286859,0.8106223175965666,0.2445771052947232,0.29361029247704307,0.8052631578947368,0.47491140350883665,0.16146902976801233,0.1318760834376782,0.4493322859387274,0.5668377490547117,0.5955121296450979,0.428927680798005
6415,10,<class 'torch.optim.adam.Adam'>,1e-06,64,0.0008668666312054369,0.0066759708965029325,0.005526217823856122,0.83181330472103,0.21183183067725306,0.24385769686808711,0.8486842105263158,0.5452130361149106,0.15520961875372508,0.12779321364666285,0.46975648075412413,0.5261067499814452,0.5573477655686345,0.4912718204488778
6415,15,<class 'torch.optim.adam.Adam'>,1e-06,64,0.0006649629383501093,0.005798480623349739,0.0052362302030424706,0.8245708154506438,0.21479814900515545,0.28681518202157397,0.8381578947368421,0.5388445810960838,0.14338348158825415,0.12480286606686235,0.4783974862529458,0.5417487958273981,0.5890952181860694,0.456359102244389
16039,1,<class 'torch.optim.adam.Adam'>,0.01,16,0.009706502977452753,0.04072538069439372,0.02535905892253242,0.7660944206008584,0.44145941998628807,0.3165843992150928,0.7934210526315789,0.052219915758637825,0.23331276148416763,0.15169285347272599,0.40769835035349566,1.074218371303106,0.7430817744789873,0.3516209476309227
16039,5,<class 'torch.optim.adam.Adam'>,0.01,16,0.004762054855516445,0.02858660020253445,0.018599602750546496,0.8261802575107297,0.25085576469747245,0.2187135345841709,0.8618421052631579,0.4614315899348933,0.20200307088983097,0.14974098779899064,0.3676355066771406,0.7532392115016979,0.716743267385145,0.2718204488778055
16039,10,<class 'torch.optim.adam.Adam'>,0.01,16,0.0036341913654988935,0.03208315147543146,0.019149701590669768,0.8387875536480687,0.24895822401395526,0.2170110994851903,0.8736842105263158,0.4655054662552127,0.20549007292361549,0.1521182857082172,0.3762765121759623,0.7890083507301469,0.7307660213283768,0.2593516209476309
16039,15,<class 'torch.optim.adam.Adam'>,0.01,16,0.0025828314462470626,0.02988868922243982,0.018468436610169486,0.845225321888412,0.21726771534798445,0.20040983216542946,0.8776315789473684,0.533542600514548,0.1765009372546601,0.14134806943567177,0.389630793401414,0.6745629765231793,0.670760502653229,0.371571072319202
9623,1,<class 'torch.optim.adam.Adam'>,1e-06,32,0.004504011359379729,0.01650278378365953,0.013170220193656984,0.778969957081545,0.2717202889589827,0.2971334846984399,0.8092105263157895,0.41663702995302165,0.18354372738093103,0.14017279273468214,0.4399057344854674,0.5912186029397588,0.6001922568849792,0.45885286783042395
9623,5,<class 'torch.optim.adam.Adam'>,1e-06,32,0.00207069315477721,0.012468955436593538,0.010456353785717947,0.8336909871244635,0.21405198343905954,0.27049646718966724,0.8381578947368421,0.5404465447064344,0.15356789783004726,0.1272419311416402,0.4791830322073841,0.5114132604515876,0.5514886888566234,0.5211970074812967
9623,10,<class 'torch.optim.adam.Adam'>,1e-06,32,0.0015311326613241503,0.011827795367084379,0.010191053863566833,0.8371781115879828,0.18440107466065533,0.2127421543982468,0.8631578947368421,0.6041047999755313,0.14677643176542782,0.11982738194461891,0.5703063629222309,0.4283860631042709,0.4693839469009504,0.6533665835411472
9623,15,<class 'torch.optim.adam.Adam'>,1e-06,32,0.0011936659442426743,0.011406800490824003,0.00954897316820248,0.8436158798283262,0.18145951432225196,0.23479673463949247,0.8618421052631579,0.6104201109474594,0.1335817090523168,0.11495851204443053,0.572663000785546,0.40912032407739085,0.4637420706896859,0.6259351620947631
6415,1,<class 'torch.optim.adam.Adam'>,0.0001,64,0.0013214665798242447,0.005549738111669925,0.005152122249483039,0.8379828326180258,0.1874754341935093,0.2809218119633825,0.868421052631579,0.597504384524266,0.1369383515305788,0.12015074225492302,0.47054202670856243,0.508080821121101,0.5773290015589864,0.3690773067331671
6415,5,<class 'torch.optim.adam.Adam'>,0.0001,64,0.0002673636194222715,0.0034136111416370315,0.003480213926105796,0.8841201716738197,0.09143379404668472,0.1411814848108119,0.9184210526315789,0.8036985408866396,0.07986254363838098,0.08501111711642448,0.7132757266300078,0.23592334655781055,0.3455121798111019,0.8204488778054863
6415,10,<class 'torch.optim.adam.Adam'>,0.0001,64,9.248678484279736e-05,0.003996336447922393,0.0033175350314749667,0.8988733905579399,0.09216961036642274,0.1202281563885902,0.9236842105263158,0.8021187965196064,0.10038119083142481,0.09387060331300674,0.6857816182246661,0.3051691708103754,0.39323319880259305,0.7905236907730673
6415,15,<class 'torch.optim.adam.Adam'>,0.0001,64,5.575528287416613e-05,0.00436879868535205,0.0031767806673798182,0.8978004291845494,0.09751493865908198,0.12438189216497306,0.925,0.7906427783985167,0.08433864202453785,0.0859880065033322,0.7132757266300078,0.2624785774784293,0.36975224533970663,0.7955112219451371
3207,1,<class 'torch.optim.adam.Adam'>,1e-06,64,0.003288526676936725,0.010561500915801832,0.007953183509633265,0.6783798283261803,0.3365237200523974,0.35637382654669253,0.7328947368421053,0.277508951474291,0.2172010834786078,0.1537560459287824,0.4312647289866457,0.6379045273350316,0.6045453236937671,0.5062344139650873
3207,5,<class 'torch.optim.adam.Adam'>,1e-06,64,0.0014619653714030266,0.007685259648083105,0.006383754648747874,0.7773605150214592,0.2724331898120149,0.3157243089358273,0.7855263157894737,0.41510648703357167,0.17749934167676523,0.13748522462778362,0.45640219952867245,0.5877581622928908,0.5988911033011137,0.46633416458852867
3207,10,<class 'torch.optim.adam.Adam'>,1e-06,64,0.0010204732244980085,0.0067258478310199,0.005768295161649905,0.8039163090128756,0.24991908667528953,0.30432927548689276,0.8026315789473685,0.46344256930926786,0.16022319610534969,0.13143263706602362,0.46190102120974075,0.5614782918502542,0.5883937403931285,0.4688279301745636
3207,15,<class 'torch.optim.adam.Adam'>,1e-06,64,0.0008089121316112683,0.006538599927394047,0.0057530326952622175,0.802038626609442,0.24759148839035164,0.3154915294609964,0.7934210526315789,0.4684397445736561,0.16069526476951979,0.13240949372056424,0.45247446975648076,0.5670525945195373,0.5890471632650442,0.46633416458852867
6415,1,<class 'torch.optim.adam.Adam'>,1e-06,32,0.005010480508614776,0.01705731097568834,0.013609300755252142,0.7674356223175965,0.28624238316688627,0.30849081006293233,0.8026315789473685,0.38545919459132005,0.18152067459276924,0.1383566161543014,0.47761194029850745,0.5821571748150691,0.5852840043641534,0.5187032418952618
6415,5,<class 'torch.optim.adam.Adam'>,1e-06,32,0.0023416987072243786,0.012706712999505035,0.01129578213435258,0.8074034334763949,0.2418867493041021,0.3061710958810229,0.8197368421052632,0.4806874007006605,0.15389341530291317,0.1331332089600372,0.4399057344854674,0.6343376863394722,0.651601555062797,0.3740648379052369
6415,10,<class 'torch.optim.adam.Adam'>,1e-06,32,0.0017335742998023287,0.012394238417256672,0.01061458754165362,0.8224248927038627,0.20638446822898118,0.24774235673738937,0.8315789473684211,0.5569081112746732,0.14323537130360928,0.12341311134438952,0.5043205027494109,0.4980341475624246,0.5424758264623081,0.5211970074812967
6415,15,<class 'torch.optim.adam.Adam'>,1e-06,32,0.0013577298092091817,0.012284327098548157,0.01034498289067602,0.83181330472103,0.1907783193264124,0.22581519161007907,0.8565789473684211,0.5904133355998158,0.13433657375774116,0.1187703081517124,0.5349567949725059,0.4699680419083022,0.5259348754573642,0.5386533665835411
9623,1,<class 'torch.optim.adam.Adam'>,0.0001,64,0.001157093351832871,0.005715367508164803,0.004484229701143478,0.8763412017167382,0.14174270626385235,0.1493361551902796,0.9223684210526316,0.6956891007421373,0.11140932929128942,0.09637405847631635,0.6904948939512962,0.29210640342496375,0.3854073716926753,0.800498753117207
9623,5,<class 'torch.optim.adam.Adam'>,0.0001,64,0.0002010889987895912,0.004607536373340201,0.003443740877870454,0.8849248927038627,0.10323493076244684,0.14129748186831803,0.9302631578947368,0.7783623896714588,0.07702569306194519,0.08609370524846514,0.7352710133542812,0.2633594033813144,0.3971186425546161,0.7955112219451371
9623,10,<class 'torch.optim.adam.Adam'>,0.0001,64,8.184340388734666e-05,0.004764167080301584,0.003311170101197748,0.8894849785407726,0.10114292231672206,0.1261972239731174,0.9315789473684211,0.7828537739464125,0.08388421123510362,0.0836820671022471,0.7282010997643362,0.21542939388410148,0.33540800468359805,0.827930174563591
9623,15,<class 'torch.optim.adam.Adam'>,0.0001,64,4.720173902182673e-05,0.004540615617157692,0.0031360503577911036,0.8956545064377682,0.09450363600461369,0.11082754253752922,0.9342105263157895,0.7971078220653867,0.08600375069542979,0.08547593809544267,0.7282010997643362,0.25355404746192434,0.36869911534567723,0.8104738154613467
3207,1,<class 'torch.optim.adam.Adam'>,0.0001,64,0.0016461455347123904,0.007860918841104906,0.007196140647446137,0.6907188841201717,0.21644308995680275,0.2422041038516909,0.8605263157894737,0.5353130091968924,0.1302443728558185,0.12482192751549868,0.4391201885310291,0.5986255739954904,0.6401226173510353,0.3167082294264339
3207,5,<class 'torch.optim.adam.Adam'>,0.0001,64,0.00028446790380946455,0.004888241065370295,0.004565678029261178,0.8594420600858369,0.13846030101012072,0.1665778928387322,0.8907894736842106,0.7027361765153064,0.10363303817924449,0.1045859899936655,0.615082482325216,0.37863236727420946,0.4939425178522481,0.6458852867830424
3207,10,<class 'torch.optim.adam.Adam'>,0.0001,64,0.00015227035623674532,0.004847110713764129,0.003879973760810021,0.8792918454935622,0.11844086002189659,0.14475555082685068,0.9052631578947369,0.7457164055266651,0.11093497882236243,0.10230903927666975,0.6637863315003928,0.33432972224348795,0.44211277452081515,0.7655860349127181
3207,15,<class 'torch.optim.adam.Adam'>,0.0001,64,7.946967768172423e-05,0.004841731268664734,0.003717239578394419,0.8736587982832618,0.13101288659708657,0.1544379305168006,0.9144736842105263,0.7187252109824194,0.11111256624295801,0.10892366403121229,0.5569520816967792,0.4104005066408518,0.5253619679303241,0.5286783042394015
6415,1,<class 'torch.optim.adam.Adam'>,0.001,16,0.008446390177787443,0.0316887179378604,0.020984021934796555,0.8366416309012875,0.2753135392875069,0.2193166226932877,0.8657894736842106,0.40892259721478763,0.20339471047771315,0.1443304926440857,0.4383346425765907,0.5964015477131982,0.5913885006973719,0.4139650872817955
6415,5,<class 'torch.optim.adam.Adam'>,0.001,16,0.004014742721270679,0.026028591298094508,0.021762140610858863,0.8194742489270386,0.27061804297912345,0.3044538275779862,0.8355263157894737,0.4190034795406361,0.1728223391120137,0.13607336454918698,0.48232521602513745,0.4935593348264636,0.5700409387115232,0.5112219451371571
6415,10,<class 'torch.optim.adam.Adam'>,0.001,16,0.0025667678806146816,0.02984008087592735,0.022324977518566946,0.8564914163090128,0.19994942350726183,0.1709040280627577,0.8907894736842106,0.5707236682145163,0.2179793691621451,0.13368699300188486,0.5632364493322859,0.4438289758529669,0.33605522717212205,0.7556109725685786
6415,15,<class 'torch.optim.adam.Adam'>,0.001,16,0.0014843677574444187,0.02680722737046935,0.01759439241990463,0.8457618025751072,0.1762912854393367,0.212886159563143,0.8618421052631579,0.6215159040763845,0.16250145418611694,0.1278021769080156,0.5208169677926159,0.5584294714262116,0.5799373540646418,0.5037406483790524
9623,1,<class 'torch.optim.adam.Adam'>,0.001,16,0.00792083630937772,0.028954271803202324,0.02066508338630775,0.8216201716738197,0.2617186709593736,0.23970515218710428,0.8657894736842106,0.4381097470874131,0.18660158828095538,0.14001882636044627,0.4304791830322074,0.69939824162358,0.6715983648754266,0.3566084788029925
9623,5,<class 'torch.optim.adam.Adam'>,0.001,16,0.003617150856841638,0.02973893253920128,0.018181026156775876,0.8505901287553648,0.2305022990590998,0.19728294985466882,0.9026315789473685,0.5051289494887605,0.18059615718127112,0.1368058597074949,0.4713275726630008,0.5542052579054005,0.5895907775292224,0.45885286783042395
9623,10,<class 'torch.optim.adam.Adam'>,0.001,16,0.0019938342229950065,0.026192370603058904,0.01586286943853541,0.8615879828326181,0.19482544841219132,0.16699260029647695,0.8960526315789473,0.5817244583165821,0.1645419616240067,0.13098688937360764,0.48232521602513745,0.6252114102733327,0.6225123568681856,0.4538653366583541
9623,15,<class 'torch.optim.adam.Adam'>,0.001,16,0.001260404351891689,0.025133945862387902,0.017795934117011438,0.842274678111588,0.19970173834987726,0.2257028621180277,0.8605263157894737,0.5712554304319357,0.17344900546763206,0.13105764973744785,0.5090337784760408,0.6029434655480376,0.5824984315959295,0.5386533665835411
3207,1,<class 'torch.optim.adam.Adam'>,1e-06,32,0.005893285467286774,0.019580696421663393,0.015227150195977718,0.6995708154506438,0.3127032824800494,0.3285622038535382,0.7736842105263158,0.32864963505664135,0.2044275813009546,0.14589314282713026,0.47761194029850745,0.5839904885963034,0.5661940542130993,0.5635910224438903
3207,5,<class 'torch.optim.adam.Adam'>,1e-06,32,0.0029067428916748493,0.015277642200105373,0.01250247482226386,0.7848712446351931,0.25999840846401345,0.3097191769237581,0.8,0.44180302317358344,0.17551198626194625,0.13847948275418706,0.42812254516889237,0.6089206721310592,0.6159258777847016,0.4239401496259352
3207,10,<class 'torch.optim.adam.Adam'>,1e-06,32,0.0020790158491901124,0.01410959602449521,0.011827454890240416,0.8044527896995708,0.23228408562759964,0.2725449927494322,0.8223684210526315,0.5013035959978691,0.1623906375537974,0.13209167152104748,0.46975648075412413,0.5632659652616617,0.5862795560808848,0.46633416458852867
3207,15,<class 'torch.optim.adam.Adam'>,1e-06,32,0.001794300314781262,0.013542212180137762,0.011473669354751899,0.8071351931330472,0.22444362712721636,0.2671842576617277,0.8328947368421052,0.5181364583297428,0.15359547989222003,0.12865350818011298,0.46897093479968577,0.5364230395306937,0.5655351766150566,0.4837905236907731
3207,1,<class 'torch.optim.adam.Adam'>,1e-06,32,0.005860693817815938,0.01979694135343184,0.01532242777297681,0.7014484978540773,0.31329155105954787,0.33000468273745165,0.7736842105263158,0.3273866597766293,0.19624967432382626,0.14429146131589857,0.46897093479968577,0.6069454385865186,0.5975961776408472,0.5187032418952618
3207,5,<class 'torch.optim.adam.Adam'>,1e-06,32,0.002965135814631918,0.015694050539021138,0.012405889596422344,0.7974785407725322,0.25498266588293983,0.2830986061574597,0.8184210526315789,0.4525714442443495,0.17965921010267508,0.13633543131792536,0.47682639434406915,0.5461754906615864,0.5558543751699074,0.5386533665835411
3207,10,<class 'torch.optim.adam.Adam'>,1e-06,32,0.002193905338517204,0.0137849212424278,0.01136998167509301,0.8146459227467812,0.23684854220545307,0.28603660533400743,0.8171052631578948,0.49150404949184123,0.1665985203909235,0.13342710930886273,0.4579732914375491,0.5384199279410189,0.5686784091398603,0.49625935162094764
3207,15,<class 'torch.optim.adam.Adam'>,1e-06,32,0.001843360178335214,0.012811431332487341,0.011011732258542156,0.8111587982832618,0.21861990235693576,0.2777800529043337,0.825,0.5306395581091149,0.15728946408302247,0.12857011528297943,0.49096622152395913,0.5002473781959216,0.5363772305848072,0.543640897755611
9623,1,<class 'torch.optim.adam.Adam'>,0.001,16,0.007233424610622358,0.031056470139493742,0.020360362446215405,0.8527360515021459,0.2542503251581077,0.21944013734495169,0.8842105263157894,0.45414372160586614,0.19910675324503266,0.14053969499592883,0.5553809897879026,0.5715343238474648,0.5300118947527058,0.685785536159601
9623,5,<class 'torch.optim.adam.Adam'>,0.001,16,0.0032421027060836605,0.029441384600361515,0.01855192951910006,0.8315450643776824,0.20819521555270462,0.1929719191044569,0.8855263157894737,0.553020572095031,0.15871332448582368,0.12820552162627066,0.49018067556952083,0.5531793151427913,0.5741863555072846,0.5062344139650873
9623,10,<class 'torch.optim.adam.Adam'>,0.001,16,0.0018417219636442782,0.025367829911190968,0.01950537197115979,0.8489806866952789,0.18625989118027894,0.24180060190785874,0.8697368421052631,0.6001140623958716,0.14344224211545326,0.11734438728239718,0.5946582875098193,0.47308412649152515,0.49386111985046666,0.713216957605985
9623,15,<class 'torch.optim.adam.Adam'>,0.001,16,0.001047419140094911,0.024396314796886222,0.015951134922990152,0.8605150214592274,0.16158936387033032,0.15554428366257955,0.9,0.653079821987279,0.1722565262990134,0.11958881890736316,0.5899450117831894,0.4398652726935486,0.40953509251301423,0.7182044887780549
9623,1,<class 'torch.optim.adam.Adam'>,0.0001,64,0.0011836570685366068,0.005939397791024825,0.00536251716043944,0.8658798283261803,0.13248563157770227,0.15583528086641116,0.9171052631578948,0.7155633433232281,0.10761472653471027,0.105434273348394,0.6182246661429693,0.37507331207138817,0.47081402024983465,0.6633416458852868
9623,5,<class 'torch.optim.adam.Adam'>,0.0001,64,0.0002229085534591908,0.004178671607979505,0.003407316402304326,0.8881437768240343,0.09811865638576123,0.14098330048452082,0.9157894736842105,0.7893466451664145,0.07124874319318146,0.08979939456183378,0.6779261586802828,0.32089419070879993,0.4702683871523698,0.655860349127182
9623,10,<class 'torch.optim.adam.Adam'>,0.0001,64,9.803908265806571e-05,0.0043478085731392,0.0034780486510834724,0.8953862660944206,0.1007844070279152,0.14646246975140745,0.9328947368421052,0.7836234807815633,0.08515868369445417,0.09493329226004965,0.6794972505891594,0.3526365926134279,0.4771134597330617,0.6658354114713217
9623,15,<class 'torch.optim.adam.Adam'>,0.0001,64,6.719346131446545e-05,0.004370150367165776,0.003218242495876333,0.8996781115879828,0.09332841662130696,0.11206098411379284,0.9342105263157895,0.7996309298110217,0.09595080495535638,0.09519382385655548,0.6527886881382561,0.3350031691664556,0.446070583597606,0.6882793017456359
3207,1,<class 'torch.optim.adam.Adam'>,0.0001,64,0.0016785944423730922,0.006817779235957518,0.005378596232844268,0.8535407725321889,0.19344400600596573,0.22485262723149438,0.8934210526315789,0.5846903138357238,0.15948322387843833,0.13644980360627268,0.44069128043990574,0.7760112058822778,0.7383638171483751,0.33665835411471323
3207,5,<class 'torch.optim.adam.Adam'>,0.0001,64,0.00028524694948027095,0.005920531175223223,0.00446964110859346,0.8674892703862661,0.15421448201260254,0.18245651596470883,0.9118421052631579,0.6689131379795852,0.11733394702053311,0.10807998574690751,0.5561665357423409,0.41261816788773314,0.5117668528527839,0.5062344139650873
3207,10,<class 'torch.optim.adam.Adam'>,0.0001,64,0.00013379713540445488,0.004984168050003282,0.003826452844852158,0.8811695278969958,0.13575970538853427,0.15865906435800226,0.9078947368421053,0.7085341467421898,0.10303871848231631,0.1022379232653931,0.584446190102121,0.37670932911526067,0.49460481592172995,0.5336658354114713
3207,15,<class 'torch.optim.adam.Adam'>,0.0001,64,0.00011589556375165892,0.005517680534709229,0.004247184539045898,0.884656652360515,0.13115064792862002,0.1900766781874393,0.9184210526315789,0.7184294467192768,0.11049991766354274,0.10375617584689152,0.648075412411626,0.33014735524874966,0.45314962801028813,0.6932668329177057
9623,1,<class 'torch.optim.adam.Adam'>,0.0001,64,0.0011262331929460059,0.004732891515520893,0.004527659930864373,0.8752682403433476,0.12362821430875978,0.16022396072941392,0.9118421052631579,0.7345795495966057,0.10251100297259329,0.10380024775769049,0.5970149253731343,0.3606509242326911,0.47896234843499047,0.5960099750623441
9623,5,<class 'torch.optim.adam.Adam'>,0.0001,64,0.00020162509614935625,0.00448597900873218,0.0035591544983149086,0.8897532188841202,0.09627257839977692,0.1350606795302347,0.9263157894736842,0.7933100352413623,0.0815437417391864,0.089799885897775,0.6873527101335428,0.2770520824752995,0.42224065580421555,0.7256857855361596
9623,10,<class 'torch.optim.adam.Adam'>,0.0001,64,8.411834338335563e-05,0.004183414223296128,0.003542703680310382,0.8948497854077253,0.09500853453765808,0.11851864936761558,0.9342105263157895,0.7960238418377255,0.0813037541600106,0.08369462209616883,0.7258444619010213,0.24603567497479503,0.3597043418137361,0.8204488778054863
9623,15,<class 'torch.optim.adam.Adam'>,0.0001,64,5.6536322297760856e-05,0.004460183819635999,0.0030638458239226384,0.8967274678111588,0.09680409936932018,0.10396040186384006,0.9381578947368421,0.7921688973977321,0.08567401223247001,0.08412910826381323,0.7250589159465829,0.24317444065378832,0.357426031485683,0.8029925187032418
9623,1,<class 'torch.optim.adam.Adam'>,0.001,16,0.007589857285253097,0.037571714960174564,0.028263118525751158,0.7685085836909872,0.46177776690263234,0.3827320819720626,0.7171052631578947,0.008597964654572299,0.19262074573598884,0.14490892188821078,0.3762765121759623,0.7369424370701756,0.7031218651635689,0.26932668329177056
9623,5,<class 'torch.optim.adam.Adam'>,0.001,16,0.0035268636691355663,0.02916899358487964,0.02045490070897686,0.8462982832618026,0.22013308577984853,0.187401287782153,0.8763157894736842,0.5273908653096926,0.19663007595515167,0.13622188061704013,0.5475255302435192,0.5417509327714182,0.5257489253160662,0.6059850374064838
9623,10,<class 'torch.optim.adam.Adam'>,0.001,16,0.00205443018929331,0.028400405716798527,0.01978316270374561,0.8503218884120172,0.18692904156899795,0.16223395683459546,0.8934210526315789,0.5986774394871566,0.18246981549379984,0.1291690666026612,0.5718774548311076,0.4510281733108738,0.4323370575700466,0.71571072319202
9623,15,<class 'torch.optim.adam.Adam'>,0.001,16,0.0011228404505934965,0.02250524160120928,0.01624041413408684,0.8530042918454935,0.18949505258253405,0.1826342282473649,0.8934210526315789,0.5931684149597354,0.15105421617268333,0.11844343621364611,0.5710919088766693,0.515407554914004,0.5100685773496318,0.628428927680798
3207,1,<class 'torch.optim.adam.Adam'>,0.0001,64,0.0018388667966593155,0.009449690220629709,0.00730588624469712,0.7803111587982833,0.23321726438953821,0.21295801753570376,0.8921052631578947,0.4993001317814767,0.1661425818991317,0.1253608831519792,0.5828750981932443,0.44603355375712406,0.4646457975911455,0.7206982543640897
3207,5,<class 'torch.optim.adam.Adam'>,0.0001,64,0.00041336686814178884,0.006791634527095014,0.005225045718412542,0.8640021459227468,0.15384196079999363,0.17922900535019212,0.8921052631578947,0.6697129138226718,0.09871299017323457,0.0921700601045332,0.7187745483110762,0.2640548261812463,0.3616784393759514,0.8079800498753117
3207,10,<class 'torch.optim.adam.Adam'>,0.0001,64,0.0002028680007787445,0.005643205235556344,0.004299717635523863,0.8766094420600858,0.13952727176473984,0.19239860690002772,0.9,0.7004454679922067,0.08922810115214196,0.09237571611476642,0.6983503534956795,0.3011401202015627,0.4219036978899392,0.7331670822942643
3207,15,<class 'torch.optim.adam.Adam'>,0.0001,64,0.00013335906806955707,0.005162710939482046,0.003775025098364752,0.884656652360515,0.13008597946572936,0.15616897997005205,0.9144736842105263,0.720715209341557,0.10782620949667335,0.10149067962572904,0.6410054988216811,0.3529159564069234,0.46174682796633154,0.6658354114713217
9623,1,<class 'torch.optim.adam.Adam'>,0.0001,64,0.0011069117800898678,0.00559337276070031,0.0043591673929612015,0.869098712446352,0.14957765151671207,0.16471526280143542,0.9184210526315789,0.6788680720174256,0.11411663406253818,0.10824375271574775,0.5498821681068342,0.4075961967175449,0.5055093313578953,0.5187032418952618
9623,5,<class 'torch.optim.adam.Adam'>,0.0001,64,0.0001998489241027775,0.004730920053522858,0.003769093352997508,0.8932403433476395,0.09145248181442511,0.11380774197413733,0.9328947368421052,0.8036584210708548,0.08936615425870935,0.0888543248246808,0.7289866457187746,0.25419124422426775,0.3698691982134917,0.830423940149626
9623,10,<class 'torch.optim.adam.Adam'>,0.0001,64,9.567829664917761e-05,0.004512577033361876,0.003241460036902085,0.9007510729613734,0.098950922581073,0.13060812561429644,0.9394736842105263,0.7875598307655698,0.08799644889869125,0.0861431844693441,0.7321288295365279,0.23652158519884747,0.3603082485961498,0.8229426433915212
9623,15,<class 'torch.optim.adam.Adam'>,0.0001,64,5.65398565728121e-05,0.004334238803517793,0.002984918230273181,0.9050429184549357,0.09282900716691887,0.11269379740973053,0.9460526315789474,0.8007031227136314,0.08922740306273777,0.08712753252611326,0.7234878240377062,0.2615680729255074,0.3704039134744768,0.8129675810473815
3207,1,<class 'torch.optim.adam.Adam'>,0.0001,64,0.00168581059046315,0.005631516983356855,0.005500726649625619,0.851931330472103,0.161853783112999,0.18470414040218058,0.8723684210526316,0.6525121365499802,0.11842109064118152,0.10375508313847871,0.6535742340926944,0.34213636577315815,0.41780211008676416,0.7531172069825436
3207,5,<class 'torch.optim.adam.Adam'>,0.0001,64,0.00036369651291167434,0.00377552733205003,0.003894376332667764,0.8677575107296137,0.1217158914110298,0.1906725015638298,0.9013157894736842,0.7386851621414472,0.09322644416601321,0.09728842611422431,0.6802827965435978,0.29920495035394584,0.43409513131229954,0.7556109725685786
3207,10,<class 'torch.optim.adam.Adam'>,0.0001,64,0.00012998895362161255,0.004360074148405455,0.004121123497322393,0.8704399141630901,0.14120759388524504,0.2067729526836621,0.8947368421052632,0.6968379486132734,0.09113370087708311,0.1001118794815192,0.6182246661429693,0.37283808397628115,0.498271194739532,0.6084788029925187
3207,15,<class 'torch.optim.adam.Adam'>,0.0001,64,8.724377947093673e-05,0.004157247292597342,0.003657219919491991,0.8814377682403434,0.12136572580540649,0.14451341460655,0.9092105263157895,0.7394369430631085,0.09279447711084385,0.09203296967834024,0.7093479968578161,0.27509034131194915,0.3884498553903323,0.8054862842892768
9623,1,<class 'torch.optim.adam.Adam'>,0.0001,64,0.0011224184395474603,0.00558163665730682,0.0044381467129859286,0.8822424892703863,0.12702420405291173,0.14250695414743142,0.9236842105263158,0.7272886112956705,0.1070383279403278,0.0919290788117606,0.7062058130400628,0.25041843486028176,0.3109563647855324,0.830423940149626
9623,5,<class 'torch.optim.adam.Adam'>,0.0001,64,0.00018426748202165415,0.00430752771962514,0.0037475979363329934,0.898068669527897,0.09454925760416583,0.16424692812326708,0.9302631578947368,0.79700987594877,0.06713884715651121,0.08237501830067441,0.7329143754909663,0.23809175767363788,0.38555080117541657,0.7930174563591023
9623,10,<class 'torch.optim.adam.Adam'>,0.0001,64,8.904536403117505e-05,0.003915716307397628,0.0031174941472069642,0.9055793991416309,0.08428203752458757,0.13779913712979147,0.9368421052631579,0.8190528215087852,0.07674330113871658,0.08227784017895444,0.7478397486252946,0.24038475280239868,0.3597872606257994,0.830423940149626
9623,15,<class 'torch.optim.adam.Adam'>,0.0001,64,5.510891122944017e-05,0.0041587919911395665,0.0032325988863255075,0.9045064377682404,0.08338911212300859,0.13613039461993856,0.9315789473684211,0.8209698674535963,0.06933949914830755,0.07330524359624145,0.7682639434406913,0.19346907023494142,0.29428769139912064,0.8403990024937655
9623,1,<class 'torch.optim.adam.Adam'>,0.0001,64,0.0011304961334537298,0.005347937279552733,0.0045010732414896394,0.8763412017167382,0.13188808505064012,0.17748403885450803,0.9157894736842105,0.7168462319787565,0.10648718291768498,0.1031682595598913,0.5883739198743126,0.38323082721685037,0.4870792635881395,0.5660847880299252
9623,5,<class 'torch.optim.adam.Adam'>,0.0001,64,0.0002035755720678618,0.004400022912474725,0.0035163921088204107,0.8910944206008584,0.08898732589080699,0.1270984635859924,0.9276315789473685,0.8089509258782808,0.08072157822536105,0.08597148498754366,0.7077769049489395,0.26288305090719927,0.3898826270710277,0.7855361596009975
9623,10,<class 'torch.optim.adam.Adam'>,0.0001,64,8.598993350701856e-05,0.0037793538427228195,0.0031153135373389006,0.8969957081545065,0.08589640081644538,0.11627163836781523,0.9315789473684211,0.8155869054725349,0.0669881814396013,0.08154462048259344,0.7407698350353495,0.2733435047655575,0.41118287971879625,0.7481296758104738
9623,15,<class 'torch.optim.adam.Adam'>,0.0001,64,6.142212012648167e-05,0.0039727589070033525,0.002901706914517373,0.8983369098712446,0.09251886431167373,0.11835953717512128,0.9302631578947368,0.8013689788161026,0.08042249497086013,0.091710309380225,0.6323644933228594,0.3475209527532207,0.4784994379401281,0.571072319201995
9623,1,<class 'torch.optim.adam.Adam'>,0.0001,64,0.0011268561404184085,0.005623765711476747,0.005534532128197696,0.8530042918454935,0.1790154822385927,0.28629672367517883,0.8763157894736842,0.6156672570333421,0.11636648763221552,0.11445376493815165,0.4595443833464258,0.5255908516621141,0.6050906429099769,0.34663341645885287
9623,5,<class 'torch.optim.adam.Adam'>,0.0001,64,0.00020984255555937025,0.005114102720127085,0.004159462890016163,0.8825107296137339,0.10964693295887795,0.13417955626684583,0.9184210526315789,0.7645963017566927,0.07500092117153807,0.09239620337290551,0.6496465043205027,0.3548524438960214,0.4885731619501723,0.6184538653366584
9623,10,<class 'torch.optim.adam.Adam'>,0.0001,64,8.30311663760445e-05,0.004420505551813178,0.0032127274124375484,0.8967274678111588,0.10090733064005873,0.13440023307492466,0.9223684210526316,0.7833595681472341,0.08613055064219917,0.10044708373266487,0.5875883739198743,0.4269995182768431,0.5546481518952775,0.45885286783042395
9623,15,<class 'torch.optim.adam.Adam'>,0.0001,64,7.60303657808925e-05,0.004541334098548721,0.0032914838925515635,0.8953862660944206,0.09596047818520795,0.12484797431450141,0.9342105263157895,0.7939800889867271,0.07510804455103659,0.0828653329151894,0.7329143754909663,0.24302531658857535,0.3742996287390478,0.8154613466334164
9623,1,<class 'torch.optim.adam.Adam'>,0.0001,64,0.001169266887833717,0.0054221387059215954,0.0047033317866755145,0.8755364806866953,0.1343136688421137,0.2073312508800116,0.9092105263157895,0.7116386846488432,0.11928643494019928,0.10802441532229778,0.6504320502749411,0.3525440051209014,0.45358585246241745,0.7007481296758105
9623,5,<class 'torch.optim.adam.Adam'>,0.0001,64,0.00020075062925490957,0.004499710046050694,0.003689326695666165,0.8902896995708155,0.11356441890678498,0.17030041099673038,0.9197368421052632,0.7561857569177106,0.08632198280592616,0.09461624913491186,0.6362922230950511,0.3342859425074305,0.46641526995528665,0.6508728179551122
9623,10,<class 'torch.optim.adam.Adam'>,0.0001,64,8.316821503434278e-05,0.004515920385474523,0.0032889751733436606,0.8951180257510729,0.10259906509837827,0.12976453353797918,0.925,0.7797275456559289,0.07483759419495538,0.07953502393480558,0.7399842890809112,0.2087183525994168,0.3415727812397361,0.8254364089775561
9623,15,<class 'torch.optim.adam.Adam'>,0.0001,64,5.679841247418878e-05,0.004105715190016469,0.002979175115699676,0.8967274678111588,0.09709396295347746,0.11962423823087623,0.9289473684210526,0.7915465838617577,0.08319916333535902,0.08476531419987905,0.7313432835820896,0.26198195624954,0.3832473204171568,0.7930174563591023
9623,1,<class 'torch.optim.adam.Adam'>,0.0001,64,0.001162029568008768,0.006676591119365247,0.005388732439970254,0.8562231759656652,0.14544391337668497,0.14656460891281695,0.9105263157894737,0.6877428833544836,0.10680746912756375,0.10466888773445997,0.5923016496465043,0.4061420686939845,0.504936433641096,0.5286783042394015
9623,5,<class 'torch.optim.adam.Adam'>,0.0001,64,0.00021337030237616284,0.00478763855961771,0.0035738166413657657,0.8951180257510729,0.09966232147012846,0.1269379591789881,0.9342105263157895,0.7860325117100656,0.08911357215128173,0.09290094982513694,0.6771406127258445,0.2981998764267076,0.42652019941041297,0.7306733167082294
9623,10,<class 'torch.optim.adam.Adam'>,0.0001,64,9.330041408912393e-05,0.004109303735780166,0.0031441713287595004,0.8991416309012875,0.09324692647856067,0.11611712578389989,0.9302631578947368,0.7998058823640031,0.07933008623496585,0.08952440259845025,0.7164179104477612,0.30677542841052297,0.43776507415527716,0.7281795511221946
9623,15,<class 'torch.optim.adam.Adam'>,0.0001,64,5.068313574904653e-05,0.004056463681577101,0.002879220122959097,0.9015557939914163,0.08598302115116778,0.11012779169372822,0.9342105263157895,0.8154009395735604,0.0794582865680247,0.08400777908143034,0.7195600942655145,0.2601216352369939,0.3841826380172424,0.7830423940149626
9623,1,<class 'torch.optim.adam.Adam'>,0.0001,64,0.0011218818359268216,0.005388744613115752,0.004770993626808404,0.8672210300429185,0.12850952026241472,0.1559124285649312,0.9131578947368421,0.7240997530567872,0.10971683888159874,0.10408700527352605,0.6606441476826395,0.3212180234252281,0.43339017452556,0.7381546134663342
9623,5,<class 'torch.optim.adam.Adam'>,0.0001,64,0.00017847955893912138,0.004346487116840041,0.003602321015854762,0.8908261802575107,0.08804752652310513,0.12318854614308006,0.9342105263157895,0.8109686021520289,0.09352400905142838,0.09162993168126198,0.7069913589945012,0.2875302237143955,0.3972597783686886,0.7805486284289277
9623,10,<class 'torch.optim.adam.Adam'>,0.0001,64,7.066325507669011e-05,0.003929135310683447,0.0032636938005078248,0.9020922746781116,0.08049374492009236,0.11159373559302797,0.9394736842105263,0.8271860011781136,0.06912006032611086,0.07734189305135517,0.7580518460329929,0.2207231212337966,0.33557063372262247,0.8179551122194514
9623,15,<class 'torch.optim.adam.Adam'>,0.0001,64,7.329243414213735e-05,0.004264849599334911,0.0032261465256434143,0.9050429184549357,0.07891524407740685,0.10229350999978028,0.9421052631578948,0.8305749228199636,0.07467638119896625,0.07971771036985112,0.7336999214454045,0.2305336967620918,0.3305030107646809,0.8104738154613467
9623,1,<class 'torch.optim.adam.Adam'>,0.0001,64,0.0011555952454826062,0.00531912905208031,0.004669373291404718,0.8551502145922747,0.16311690326776354,0.2522014858691316,0.8697368421052631,0.6498003134036846,0.10530198845761417,0.10552964895196955,0.589159465828751,0.3734468354076515,0.49741776869109744,0.5511221945137157
9623,5,<class 'torch.optim.adam.Adam'>,0.0001,64,0.00021560750077609725,0.005124771180602646,0.004160620080299132,0.8908261802575107,0.11342065648180048,0.13109055100204914,0.9276315789473685,0.7564944065618715,0.0937471767658026,0.09287547195317093,0.6567164179104478,0.2794866833677483,0.38971491281101084,0.743142144638404
9623,10,<class 'torch.optim.adam.Adam'>,0.0001,64,9.256803164130654e-05,0.004124898126732574,0.003369172609335235,0.8937768240343348,0.08874260811195091,0.14877669010801534,0.9328947368421052,0.8094763150506078,0.07968382161858674,0.08884663619935068,0.6991358994501178,0.27051888652586736,0.41816329044705614,0.7581047381546134
9623,15,<class 'torch.optim.adam.Adam'>,0.0001,64,6.79572275692155e-05,0.004472636809580571,0.003170793796110051,0.8975321888412017,0.10423723320615028,0.13157074864169485,0.9328947368421052,0.7762105238294272,0.07890367620986262,0.08229896998163151,0.7368421052631579,0.24615354821029248,0.36154073342086374,0.7980049875311721
9623,1,<class 'torch.optim.adam.Adam'>,0.0001,64,0.001109869583742814,0.006408035719183637,0.005270118341489411,0.8744635193133047,0.1478604120881851,0.15148012059201535,0.9171052631578948,0.6825548434792522,0.16569556241596406,0.12295801649038378,0.6087981146897093,0.3796026569958812,0.4137183596517082,0.7680798004987531
9623,5,<class 'torch.optim.adam.Adam'>,0.0001,64,0.00021141437406385624,0.003859087823822199,0.003528359196200775,0.8937768240343348,0.10930866055624092,0.16151293400233904,0.9171052631578948,0.7653225505529015,0.09295058167290428,0.08902053581221499,0.7344854673998429,0.2555585009054209,0.377732502858612,0.827930174563591
9623,10,<class 'torch.optim.adam.Adam'>,0.0001,64,9.285304555882345e-05,0.004360270049660806,0.0032959005179866957,0.8924356223175965,0.11821873627962307,0.13944695909801674,0.9184210526315789,0.7461932948970733,0.0849073142109369,0.0874052123149794,0.7007069913589945,0.27086037880044767,0.38227317820389073,0.773067331670823
9623,15,<class 'torch.optim.adam.Adam'>,0.0001,64,3.8733527238867775e-05,0.004212975862751767,0.0032725645361124447,0.9010193133047211,0.1035347441219056,0.1471866918286603,0.9302631578947368,0.7777187126135643,0.08995072624062404,0.08875925949711033,0.7172034564021995,0.2673343529903892,0.39720607691089116,0.7855361596009975
9623,1,<class 'torch.optim.adam.Adam'>,0.0001,64,0.001141808747530609,0.005061126266138492,0.004836860348674361,0.8597103004291845,0.15653100538124518,0.23846545046881626,0.8921052631578947,0.6639397369970552,0.10317155095409875,0.1061405052678939,0.5734485467399842,0.40612586374130355,0.5178440961977491,0.5112219451371571
9623,5,<class 'torch.optim.adam.Adam'>,0.0001,64,0.00021300256995275766,0.0040714380655101955,0.003810274750473929,0.8822424892703863,0.10448014325327448,0.1844161562352,0.9131578947368421,0.7756890129376295,0.09029808351433051,0.09427102384042618,0.655145326001571,0.29111805284944586,0.4333785716397804,0.7206982543640897
9623,10,<class 'torch.optim.adam.Adam'>,0.0001,64,9.359842606827038e-05,0.004444682276148205,0.0034612378049561905,0.8991416309012875,0.10008484770135848,0.1573875678605155,0.9394736842105263,0.7851253836013028,0.07601791495578154,0.0826742815297135,0.7431264728986646,0.25638632219288576,0.3830259343576699,0.7905236907730673
9623,15,<class 'torch.optim.adam.Adam'>,0.0001,64,5.303508307917192e-05,0.004437191224489121,0.0031439485368138986,0.8999463519313304,0.10169600724421515,0.12723408253177215,0.9289473684210526,0.7816663433547597,0.09613035743017605,0.10175995696379926,0.5506677140612726,0.4375123625871576,0.5429905241267045,0.4488778054862843
9623,1,<class 'torch.optim.adam.Adam'>,0.0001,64,0.0010927328957970805,0.005893029600317898,0.004648091215560365,0.8830472103004292,0.13669247667249412,0.13978483554122872,0.9302631578947368,0.7065315607056619,0.12530087365646125,0.11193586033545815,0.5255302435192458,0.4307446466357515,0.523756516841879,0.5062344139650873
9623,5,<class 'torch.optim.adam.Adam'>,0.0001,64,0.0001998557069435736,0.004424256707797458,0.003475838442744743,0.8959227467811158,0.10304733171359395,0.13973514559482667,0.9223684210526316,0.7787651516849385,0.09619375557978166,0.09639358083305637,0.6669285153181461,0.294152736922886,0.42652716159244575,0.7531172069825436
9623,10,<class 'torch.optim.adam.Adam'>,0.0001,64,9.771841482130518e-05,0.00449401997489447,0.0034261169291776904,0.9015557939914163,0.08695050019393322,0.10585577521277101,0.9381578947368421,0.8133238338783109,0.06975964004148064,0.07499490735740734,0.7454831107619796,0.18240219915993064,0.2892756369568761,0.8453865336658354
9623,15,<class 'torch.optim.adam.Adam'>,0.0001,64,5.8820315495491104e-05,0.004167434345738954,0.003133577558455805,0.9031652360515021,0.08436966677811807,0.10631705176967539,0.9394736842105263,0.8188646886862849,0.07589197795789558,0.08343441107289139,0.6959937156323645,0.24700745222647508,0.3695823985182139,0.7605985037406484
9623,1,<class 'torch.optim.adam.Adam'>,0.0001,64,0.0012291689952780276,0.005521413384509061,0.00482495007596814,0.8733905579399142,0.1306041492357451,0.18111691145520462,0.9078947368421053,0.7196027458163712,0.1214634998396437,0.10613410183918448,0.6630007855459544,0.3115577041486526,0.4133092809579988,0.8029925187032418
9623,5,<class 'torch.optim.adam.Adam'>,0.0001,64,0.0001927467845204165,0.004766852812753598,0.0038310940069638095,0.8833154506437768,0.10080515661932621,0.13735418239314306,0.9289473684210526,0.7835789282243312,0.10401977745745512,0.09441016054034046,0.7148468185388845,0.2972998476670524,0.39471360946775524,0.8254364089775561
9623,10,<class 'torch.optim.adam.Adam'>,0.0001,64,0.00011636547187396856,0.00440980508811612,0.003399584958002035,0.8886802575107297,0.09598021624837397,0.12525803712931902,0.9236842105263158,0.7939377175436123,0.0892089093982378,0.08480185144547979,0.7391987431264729,0.24735375611329344,0.35087381479820406,0.827930174563591
9623,15,<class 'torch.optim.adam.Adam'>,0.0001,64,8.168159464701691e-05,0.004339117358954296,0.0033092930625180828,0.8994098712446352,0.08447209092410281,0.11292956433700103,0.9328947368421052,0.8186447900230213,0.0735378421548287,0.07575346076113332,0.7541241162608012,0.21863802187128847,0.31330152292575625,0.8229426433915212
9623,1,<class 'torch.optim.adam.Adam'>,0.0001,64,0.0011403732748736428,0.004410843369890756,0.00467778944166561,0.8637339055793991,0.15392939235793265,0.25600531840647917,0.8894736842105263,0.6695252033254044,0.10362492561946095,0.10930451258829701,0.5161036920659858,0.46251289992810857,0.5691135302696962,0.38154613466334164
9623,5,<class 'torch.optim.adam.Adam'>,0.0001,64,0.0001911477589216941,0.0036956165600448144,0.003410153508650003,0.8935085836909872,0.08568429371500227,0.14712441388125483,0.9223684210526316,0.8160422842364752,0.06576083216707751,0.08103861612943056,0.7470542026708562,0.23881384669104883,0.3814987373954043,0.7980049875311721
9623,10,<class 'torch.optim.adam.Adam'>,0.0001,64,9.648321019763354e-05,0.004103223419480441,0.003276831650299064,0.8927038626609443,0.08513453494274231,0.11039114810134235,0.9315789473684211,0.8172225748678767,0.08766923685920647,0.09001004631950785,0.6771406127258445,0.34795548406680693,0.45204928144812584,0.6683291770573566
9623,15,<class 'torch.optim.adam.Adam'>,0.0001,64,5.8030498327396456e-05,0.004073576555515403,0.003150370843356771,0.8961909871244635,0.08488477361313239,0.1266705209781465,0.9342105263157895,0.8177587932940908,0.07549950146476377,0.07621036392460283,0.7549096622152396,0.20176346295130246,0.31689880596023245,0.830423940149626
9623,1,<class 'torch.optim.adam.Adam'>,0.0001,64,0.0011398828590652075,0.00435414292665734,0.00431421750061246,0.8739270386266095,0.13337748753289194,0.21164578820921873,0.8894736842105263,0.7136485944171592,0.10116655444581858,0.09879974194473858,0.6496465043205027,0.32036603625703464,0.44420013686368,0.7007481296758105
9623,5,<class 'torch.optim.adam.Adam'>,0.0001,64,0.0002106034826860103,0.004093520267358921,0.003890082112197712,0.880901287553648,0.10509021937269716,0.19429310225930654,0.9078947368421053,0.774379226493156,0.06461331071857704,0.08792148325489856,0.6959937156323645,0.30494130916119055,0.4702750117032605,0.6359102244389028
9623,10,<class 'torch.optim.adam.Adam'>,0.0001,64,6.811426281354138e-05,0.004672556634904425,0.003727842186269842,0.8975321888412017,0.08334459071022586,0.10635865128010903,0.9315789473684211,0.8210654489990696,0.07634088999173569,0.07982725484511768,0.7407698350353495,0.21724288398059627,0.3430431174890062,0.8179551122194514
9623,15,<class 'torch.optim.adam.Adam'>,0.0001,64,4.9554479562137505e-05,0.004332101605572766,0.0031107500267450903,0.8956545064377682,0.09042199002621357,0.12684040902868698,0.9315789473684211,0.8058708071462141,0.07663618932223362,0.08334487616958774,0.7219167321288296,0.26587224099050266,0.39985439242641824,0.7531172069825436
9623,1,<class 'torch.optim.adam.Adam'>,0.0001,64,0.0012612170118315544,0.0045092715242230075,0.004552829071335782,0.8605150214592274,0.13170687130241943,0.16745629780190555,0.8973684210526316,0.7172352819084602,0.11208064607670128,0.11039276609383085,0.5467399842890809,0.46723473033480806,0.5485589727109061,0.46384039900249374
9623,5,<class 'torch.optim.adam.Adam'>,0.0001,64,0.00024675349021164206,0.0047287338537208,0.0041534506711837045,0.8905579399141631,0.09848794034628135,0.11843329271987865,0.9394736842105263,0.7885538196018299,0.07578472636536002,0.08416102209420347,0.7289866457187746,0.2637386439807353,0.39079319421861536,0.7830423940149626
9623,10,<class 'torch.optim.adam.Adam'>,0.0001,64,0.00010788781429962939,0.004425919111598235,0.0034102697780779502,0.8918991416309013,0.10439641471815635,0.1250369260332694,0.9368421052631579,0.7758687704954368,0.07280067432822128,0.08843486462423442,0.6826394344069128,0.3358685977458586,0.46393781024358816,0.6508728179551122
9623,15,<class 'torch.optim.adam.Adam'>,0.0001,64,6.416114550430351e-05,0.004321995211511355,0.0032447536382024765,0.8897532188841202,0.1064727397791538,0.13708544961716,0.9302631578947368,0.7714110589851754,0.08718592964129745,0.09109131672118921,0.6794972505891594,0.3335797474297667,0.44440106456713785,0.6932668329177057
9623,1,<class 'torch.optim.adam.Adam'>,0.0001,64,0.0012069189415631616,0.005244516369850722,0.005408565229996079,0.8403969957081545,0.19526071889520372,0.32609885428100827,0.843421052631579,0.5807899618153851,0.10909046671521182,0.10996083179978948,0.5907305577376276,0.4373345145285341,0.5382684207988202,0.5810473815461347
9623,5,<class 'torch.optim.adam.Adam'>,0.0001,64,0.0002198212421098036,0.0038724939484756776,0.0035214998395593894,0.8881437768240343,0.08869127418355742,0.14749021577207666,0.9315789473684211,0.8095865218591743,0.07825719830393499,0.08782488173232338,0.7069913589945012,0.26330177081043965,0.40643555252926605,0.7605985037406484
9623,10,<class 'torch.optim.adam.Adam'>,0.0001,64,9.983830831359998e-05,0.0038935018367585706,0.0030657485699033277,0.9004828326180258,0.08344964486937244,0.12615233541123178,0.9355263157894737,0.8208399062675145,0.08618609153657189,0.0857616007029542,0.7297721916732128,0.24302802764795411,0.36204539720628626,0.8254364089775561
9623,15,<class 'torch.optim.adam.Adam'>,0.0001,64,6.548594055542666e-05,0.00409208049312186,0.0031299633253765464,0.9010193133047211,0.0765264490513069,0.11155001036087542,0.9342105263157895,0.8357034865117831,0.07324285219272159,0.08349574535085767,0.7132757266300078,0.26305696061564204,0.3828352707765643,0.7680798004987531
9623,1,<class 'torch.optim.adam.Adam'>,0.0001,64,0.0011141723051673407,0.004667590494175709,0.0044721713121740605,0.8548819742489271,0.1668917392409821,0.24289235798887124,0.875,0.64169602403133,0.10830560564710953,0.1114172616538951,0.4948939512961508,0.4713243458528742,0.566807971138535,0.38403990024937656
9623,5,<class 'torch.optim.adam.Adam'>,0.0001,64,0.00019595812656590043,0.004561927571269192,0.003971530472292153,0.8945815450643777,0.1112557258614475,0.13336575799621642,0.9315789473684211,0.7611423454840089,0.10572820844520406,0.0954385930211382,0.6590730557737627,0.3011302452713814,0.393535078658799,0.743142144638404
9623,10,<class 'torch.optim.adam.Adam'>,0.0001,64,9.362717404141658e-05,0.0038695957955340713,0.0030729543525613683,0.9004828326180258,0.0849246546874214,0.11603018583631829,0.9342105263157895,0.8176731716456026,0.07922639549840721,0.08275273714971035,0.7376276512175962,0.23986095673056018,0.3620066038353782,0.8154613466334164
9623,15,<class 'torch.optim.adam.Adam'>,0.0001,64,4.124859410774489e-05,0.0041062406528053624,0.003038709121856183,0.8916309012875536,0.09766057693316868,0.12204229291038293,0.9276315789473685,0.7903301080601319,0.07983210874708468,0.08317528896670985,0.7305577376276512,0.26034616224162954,0.38433122527588187,0.7630922693266833
9623,1,<class 'torch.optim.adam.Adam'>,0.0001,64,0.0011511349075597822,0.004899907701293031,0.004912705064747211,0.8760729613733905,0.11885978887738881,0.1531829288964601,0.8907894736842106,0.7448169969684897,0.09364894461504916,0.09352253879312915,0.7258444619010213,0.2660843165117206,0.3770269231122925,0.8453865336658354
9623,5,<class 'torch.optim.adam.Adam'>,0.0001,64,0.00020206041846420082,0.0046493272538658615,0.0036737846486398335,0.8897532188841202,0.1329691609051887,0.17901145438908747,0.9144736842105263,0.7145252434704832,0.06318980462943151,0.08355757800565165,0.7203456402199528,0.2640300201043738,0.4179599303519934,0.743142144638404
9623,10,<class 'torch.optim.adam.Adam'>,0.0001,64,6.377833800443205e-05,0.0044032326217964615,0.0034570444870916047,0.8972639484978541,0.09323361065075436,0.11258429606739236,0.9328947368421052,0.7998344703613915,0.07799857325401482,0.08024306483171699,0.7494108405341713,0.20211844107480456,0.328212546235754,0.8403990024937655
9623,15,<class 'torch.optim.adam.Adam'>,0.0001,64,5.571836249683733e-05,0.004185555242961312,0.0030781396808574383,0.8988733905579399,0.09582471057749439,0.1314074963257697,0.9315789473684211,0.794271573709809,0.0773338180978015,0.08439088941574424,0.7203456402199528,0.23576545558420664,0.3769609304121754,0.7855361596009975
9623,1,<class 'torch.optim.adam.Adam'>,0.0001,64,0.0011318956550075607,0.005421073818499374,0.004758294955567485,0.8462982832618026,0.1925859717333521,0.20896302377314943,0.8473684210526315,0.5865324456400949,0.08395562720655493,0.09741590804298235,0.6268656716417911,0.35757992518577447,0.4709782404569616,0.655860349127182
9623,5,<class 'torch.optim.adam.Adam'>,0.0001,64,0.00020908760218522497,0.004143412044079966,0.0034879233624162593,0.8905579399141631,0.10139685710419916,0.12918204769835268,0.9236842105263158,0.7823085955472617,0.087854584495794,0.09330425815267572,0.6834249803613511,0.2963561227334894,0.43822438475162606,0.7506234413965087
9623,10,<class 'torch.optim.adam.Adam'>,0.0001,64,0.00010387651478285405,0.004134537765052761,0.00360232905400797,0.8935085836909872,0.09466614327526085,0.14336036038339922,0.9302631578947368,0.7967589324057207,0.08110438181713324,0.08924203480499485,0.7054202670856246,0.3067682886324184,0.4339464532020978,0.7456359102244389
9623,15,<class 'torch.optim.adam.Adam'>,0.0001,64,5.170470371583592e-05,0.004316960387491489,0.003081505818396423,0.9012875536480687,0.08734306836256757,0.1069982437956098,0.9394736842105263,0.8124810181435842,0.0861401405551408,0.08792589975261983,0.6912804399057345,0.2835484811042192,0.40121584436728475,0.7381546134663342
9623,1,<class 'torch.optim.adam.Adam'>,0.0001,64,0.0011673593227988182,0.005406020341097285,0.005031482464446018,0.8615879828326181,0.1392595326729959,0.19213184286399107,0.8921052631578947,0.7010202868560007,0.1255613994877566,0.11732238026896238,0.4996072270227808,0.4402409542842866,0.5370233470662277,0.428927680798005
9623,5,<class 'torch.optim.adam.Adam'>,0.0001,64,0.00020541533857590193,0.005032528505576655,0.003792320553996788,0.8961909871244635,0.10238030916924415,0.14625349806033466,0.9328947368421052,0.7801972009107038,0.08517176267585423,0.09480999265588931,0.6370777690494894,0.3365010088204895,0.48195837028417504,0.6084788029925187
9623,10,<class 'torch.optim.adam.Adam'>,0.0001,64,9.225436995516497e-05,0.0044158060591300155,0.0031390742122999076,0.8964592274678111,0.09547906586835117,0.11118453156301066,0.9394736842105263,0.795013645515265,0.08473544283478072,0.08826206888248507,0.6857816182246661,0.29928840238131954,0.4210928903655741,0.6882793017456359
9623,15,<class 'torch.optim.adam.Adam'>,0.0001,64,7.428063611429024e-05,0.004537577660906213,0.0033818644615361874,0.8994098712446352,0.08970624917639204,0.12404330036553897,0.9355263157894737,0.8074074500489724,0.07786261665406004,0.086992123901686,0.6747839748625295,0.32494673040865596,0.45202661903942015,0.6433915211970075
