2.0.1+cu117
0.15.2+cu117
torch.cuda.is_available(): True
Load training datasets


Feting data from directory:  ../saved_data/training_animal_count/cottonwood_eastface_2022/
loading annotations into memory...
Done (t=0.02s)
creating index...
index created!
Problematic image or label encountered, leaving out.
Problematic image or label encountered, leaving out.
Number of images found:  3479
Number of batches found:  596

Feting data from directory:  ../saved_data/training_animal_count/ngilchrist_eastface_2022_MP180_13_ODOT05/
loading annotations into memory...
Done (t=0.00s)
creating index...
index created!
Number of images found:  190
Number of batches found:  46

Feting data from directory:  ../saved_data/training_animal_count/crawford_westface_2022_MP150_ODOT006/
loading annotations into memory...
Done (t=0.19s)
creating index...
index created!
Number of images found:  3468
Number of batches found:  508

Feting data from directory:  ../saved_data/training_animal_count/caltech/
loading annotations into memory...
Done (t=0.60s)
creating index...
index created!
Number of images found:  6055
Number of batches found:  762

Feting data from directory:  ../saved_data/training_animal_count/fence_ends_HERS0033_2023_MP178_WEST/
loading annotations into memory...
Done (t=0.01s)
creating index...
index created!
Number of images found:  1151
Number of batches found:  247

Feting data from directory:  ../saved_data/training_animal_count/vandevert_westface_2023_MP154_ODOT065/
loading annotations into memory...
Done (t=0.01s)
creating index...
index created!
Number of images found:  956
Number of batches found:  273

Feting data from directory:  ../saved_data/training_animal_count/jump_outs_ HERS0039_CENTURY_SE_2023/
loading annotations into memory...
Done (t=0.01s)
creating index...
index created!
Number of images found:  2149
Number of batches found:  705

Feting data from directory:  ../saved_data/training_animal_count/ngilchrist_repelcam_2023_MP180_13_ODOT010/
loading annotations into memory...
Done (t=0.01s)
creating index...
index created!
Number of images found:  1523
Number of batches found:  413

Feting data from directory:  ../saved_data/training_animal_count/jump_outs_HERS0040_VANDEVERT_NW_2023/
loading annotations into memory...
Done (t=0.01s)
creating index...
index created!
Number of images found:  796
Number of batches found:  229

Number of training images:  15424
Number of validation images:  4343
Number of batches for training:  3019
Number of batches for validation:  760
Load testing datasets


GettingCottonwood Eastfacedata
loading annotations into memory...
Done (t=0.00s)
creating index...
index created!
Number of batches for verification:  6
Number of individual images for verification:  100

GettingNGilchrist Eastfacedata
loading annotations into memory...
Done (t=0.00s)
creating index...
index created!
Number of batches for verification:  33
Number of individual images for verification:  100

GettingFence Endsdata
loading annotations into memory...
Done (t=0.01s)
creating index...
index created!
Number of batches for verification:  276
Number of individual images for verification:  946

GettingIdahodata
loading annotations into memory...
Done (t=0.00s)
creating index...
index created!
Number of batches for verification:  86
Number of individual images for verification:  127
training size,epoch number,optimizer,learning rate,batch size,training loss,validation MSE,validation MAE,validation ACC,batch validation MSE,batch validation MAE,batch validation ACC,r2,individual testing MSE,individual testing MAE,individual testing ACC,batch testing MSE,batching testing MAE,batching testing ACC
12339,1,<class 'torch.optim.adam.Adam'>,0.001,64,0.0023670704599519114,0.004183435166263646,0.005215220872142088,0.7236932995625144,0.3422864376758534,0.3755118477329808,0.6671052631578948,0.19051800253164064,0.21189499392417166,0.16742871408200788,0.3150039277297722,1.2920873421310006,0.9961747698615911,0.19950124688279303
12339,5,<class 'torch.optim.adam.Adam'>,0.001,64,0.0007628802867052727,0.0029005952086792876,0.002831089570037566,0.8837209302325582,0.1842801204641718,0.16061841014429534,0.9131578947368421,0.5641912083184479,0.17045203076375262,0.13175801244909668,0.5098193244304792,0.5728491735485307,0.5776044924527481,0.57356608478803
12339,10,<class 'torch.optim.adam.Adam'>,0.001,64,0.0003898451113251441,0.002174422403936037,0.0026328415021681165,0.9136541561132857,0.1467121975743529,0.16650982855292235,0.925,0.6530365509359699,0.12630543743958147,0.10866092150710459,0.6347211311861743,0.39566052195381385,0.46584165743796013,0.6982543640897756
12339,15,<class 'torch.optim.adam.Adam'>,0.001,64,0.00020720580296047634,0.001945178874305336,0.0020648472349050267,0.9138844116969836,0.11733666547269686,0.11772581480051342,0.9342105263157895,0.7225075024279286,0.13005947430762754,0.1023194662023951,0.6331500392772977,0.3657708372689386,0.38126733282260467,0.7481296758104738
12339,1,<class 'torch.optim.adam.Adam'>,0.01,64,0.003501701320200224,0.00787479569052541,0.004663527650051394,0.8431959475017269,0.44701820322940494,0.31415274691228806,0.8473684210526315,-0.05716487938758674,0.31528864852150934,0.17061023022145477,0.35742340926944227,2.1799696041865144,0.9684616162295353,0.24937655860349128
12339,5,<class 'torch.optim.adam.Adam'>,0.01,64,0.0016951709318507847,0.0036139188061146427,0.0036880920370712606,0.869445084043288,0.29870192299231446,0.2442327685948265,0.8657894736842106,0.29359214071092055,0.22827291291495302,0.16026690504780713,0.373134328358209,0.8229420713602819,0.745898100308275,0.26683291770573564
12339,10,<class 'torch.optim.adam.Adam'>,0.01,64,0.0013486699600671484,0.005450417779363742,0.004005748676507121,0.8632281832834446,0.4533772949308155,0.26565517351815576,0.875,-0.07220362619745613,0.20625537208109893,0.1493185443706,0.3762765121759623,0.8255236549340677,0.7446059677982122,0.28428927680798005
12339,15,<class 'torch.optim.adam.Adam'>,0.01,64,0.0011125386267869068,0.006825153138844505,0.005227798930983266,0.7996776421828229,0.39766404692380886,0.2852927344410043,0.8342105263157895,0.05955406116362827,0.3150048604718866,0.19970229157950445,0.3118617439120189,1.9452403210216105,1.2046060533520586,0.19950124688279303
6169,1,<class 'torch.optim.adam.Adam'>,1e-06,64,0.0026993878121738557,0.0037817368491876793,0.005219611900895251,0.7976053419295418,0.2804840273757194,0.3548103876742779,0.7710526315789473,0.33667610437587514,0.18303908470971253,0.13732338670380737,0.48232521602513745,0.5968645292164898,0.5838848660117075,0.5037406483790524
6169,5,<class 'torch.optim.adam.Adam'>,1e-06,64,0.0012990763988530044,0.0029464815915893525,0.004210400798890054,0.8570112825236011,0.2098747018508173,0.2660443963482976,0.8605263157894737,0.5036619100513319,0.16587016618560388,0.12617114287539907,0.5451688923802043,0.5148501302123688,0.5234165175764489,0.5685785536159601
6169,10,<class 'torch.optim.adam.Adam'>,1e-06,64,0.0008942000175395841,0.002737878535080966,0.003964178897174525,0.8754317292194336,0.18160819569218842,0.2246719902283267,0.8894736842105263,0.5705100944201189,0.15960186344576166,0.11990746580509108,0.5875883739198743,0.4620666903192917,0.47505119798282286,0.6408977556109726
6169,15,<class 'torch.optim.adam.Adam'>,1e-06,64,0.000705706712578931,0.0026754523616094564,0.003897072010097376,0.8786553073912042,0.17437840347684205,0.22157680329768673,0.8868421052631579,0.5876080177603947,0.1533618680071521,0.11783472128001753,0.5899450117831894,0.455047957114453,0.4738664262349766,0.6234413965087282
6169,1,<class 'torch.optim.adam.Adam'>,0.0001,80,0.0012069588614946865,0.0021419848096472256,0.0028395496759989996,0.8878655307391204,0.17348447984201293,0.15329040068593858,0.9276315789473685,0.5897220898633426,0.15053593641796675,0.11920412743093925,0.631578947368421,0.3902588327518947,0.4563250733571977,0.7082294264339152
6169,5,<class 'torch.optim.adam.Adam'>,0.0001,80,0.00023232679768809818,0.0014580804468635423,0.002168953732675104,0.9141146672806816,0.13024044513414962,0.13299932396039366,0.9328947368421052,0.6919910216006566,0.10644138337845291,0.09912722537883698,0.6810683424980362,0.2988028003725466,0.4066431785926706,0.7531172069825436
6169,10,<class 'torch.optim.adam.Adam'>,0.0001,80,0.0001043517658166004,0.0012217763371314427,0.001926247096544802,0.9290812802210454,0.0992810569690095,0.14433147349443876,0.9381578947368421,0.7652076728507374,0.0895650271178361,0.09359107925779737,0.6967792615868028,0.2950735069668946,0.4323726024367194,0.7481296758104738
6169,15,<class 'torch.optim.adam.Adam'>,0.0001,80,9.579024801336012e-05,0.0011270521412364025,0.0017736511000037715,0.9309233248906286,0.08784898613107558,0.14234168102572622,0.9381578947368421,0.7922436724958493,0.08545985094771646,0.09095810403211886,0.6920659858601729,0.2729161066471422,0.42178555140666607,0.7331670822942643
15424,1,<class 'torch.optim.adam.Adam'>,0.0001,16,0.004661294651917941,0.008509503610366958,0.012475235800698637,0.9113516002763067,0.13952612161675293,0.1731952299510962,0.9223684210526316,0.6700310839289785,0.09843106568755855,0.10217677623337867,0.558523173605656,0.3867904952423097,0.5218859785364156,0.4139650872817955
15424,5,<class 'torch.optim.adam.Adam'>,0.0001,16,0.0011596248950054473,0.005740858214134713,0.008203104645315745,0.9304628137232328,0.07916004585278255,0.12070735002083606,0.9355263157894737,0.8127923699218557,0.07941188654099289,0.07673481539424394,0.7399842890809112,0.19732570032548968,0.2972262515465815,0.8179551122194514
15424,10,<class 'torch.optim.adam.Adam'>,0.0001,16,0.0006112875133403124,0.005480825237761698,0.008664085064619444,0.9371402256504721,0.06721892963760859,0.08887088214978575,0.9328947368421052,0.8410322242501925,0.07698047965181917,0.06885881525978668,0.7549096622152396,0.17837817251646582,0.2234025476941667,0.8379052369077307
15424,15,<class 'torch.optim.adam.Adam'>,0.0001,16,0.0003519174267401853,0.005936485661814324,0.00771872354437617,0.9343771586460972,0.0715000293843901,0.08558628854623652,0.9447368421052632,0.8309077413697784,0.09122161128949874,0.07497095157489625,0.7329143754909663,0.20778464088438164,0.21853809323547377,0.8329177057356608
3084,1,<class 'torch.optim.adam.Adam'>,1e-06,32,0.005387549173816478,0.007810965734515738,0.010702158664740261,0.7906976744186046,0.2868563350777507,0.35265657614279344,0.7578947368421053,0.32160606633246114,0.19094259721279666,0.13843224946488478,0.48625294579732914,0.6002460136400953,0.5730137167187255,0.5187032418952618
3084,5,<class 'torch.optim.adam.Adam'>,1e-06,32,0.0028820839697246267,0.006348685233851827,0.00901815727534943,0.8441169698365185,0.2329730594172367,0.29437729706987736,0.8460526315789474,0.44903601588860775,0.16719017897857658,0.1308024821031871,0.4838963079340141,0.5886789460230574,0.5863168174470601,0.4688279301745636
3084,10,<class 'torch.optim.adam.Adam'>,1e-06,32,0.002147933840872442,0.005954639287504655,0.008727389304368364,0.8581625604420907,0.22581488404059266,0.29867035107515555,0.8447368421052631,0.46596456358960103,0.16241107049829034,0.12875306881373078,0.49332285938727416,0.5680877110731418,0.5840336549818107,0.46633416458852867
3084,15,<class 'torch.optim.adam.Adam'>,1e-06,32,0.0017649144533388654,0.005762765112421135,0.008337780668552697,0.8710568731291733,0.18869640499255913,0.2291802312737625,0.8802631578947369,0.5537470182354631,0.16727522883245258,0.1248440393550323,0.5538098978790259,0.5086347279923977,0.51381129504848,0.5610972568578554
6169,1,<class 'torch.optim.adam.Adam'>,1e-06,16,0.010004170657455447,0.013815768206315795,0.019380767667812326,0.8344462353212065,0.24395029283678613,0.3116566079889277,0.8381578947368421,0.423075663879934,0.17360108131864704,0.13072085039922784,0.5161036920659858,0.5655033597592667,0.5590334758719898,0.5211970074812967
6169,5,<class 'torch.optim.adam.Adam'>,1e-06,16,0.00568794010472459,0.01197133943457401,0.01692880756489121,0.8664517614552153,0.20209012117924488,0.24893274224044656,0.8828947368421053,0.5220718709126025,0.16024867140575336,0.12640455872909065,0.5137470542026709,0.5439419628959459,0.5541023546667244,0.5012468827930174
6169,10,<class 'torch.optim.adam.Adam'>,1e-06,16,0.004107463711014896,0.011259029582297228,0.01659443023743894,0.8659912502878194,0.17522880296648666,0.2207151426149434,0.875,0.5855968990063015,0.15331683820954875,0.12073718312797074,0.5483110761979576,0.48375367291060556,0.4997806375302802,0.5835411471321695
6169,15,<class 'torch.optim.adam.Adam'>,1e-06,16,0.0034237587806347667,0.010713503797455589,0.015529980047106496,0.8779645406401105,0.17556314770026293,0.24360541936598326,0.8868421052631579,0.5848061996723318,0.14355019836414765,0.11957042071549843,0.5514532600157109,0.5083447155018875,0.5461053436533768,0.5211970074812967
12339,1,<class 'torch.optim.adam.Adam'>,1e-06,64,0.00232513201278751,0.0034216026638939226,0.004766226068718928,0.8372093023255814,0.23155682424308333,0.28149660116943875,0.8486842105263158,0.45238530607383776,0.1769700580384825,0.1318683526614053,0.5184603299293009,0.5606702959709385,0.5474401491826535,0.5536159600997507
12339,5,<class 'torch.optim.adam.Adam'>,1e-06,64,0.001072379826940249,0.0026776957798053556,0.00386960280194086,0.8839511858162561,0.18327896682379563,0.21919892593041845,0.8960526315789473,0.5665588522714173,0.16147495720364324,0.12173292681118306,0.5687352710133543,0.487237276554575,0.49871094090088347,0.5885286783042394
12339,10,<class 'torch.optim.adam.Adam'>,1e-06,64,0.0007187295494496518,0.002415045152302302,0.003566941113865049,0.8950034538337555,0.16722059169103107,0.214021061620626,0.9013157894736842,0.6045357179490103,0.15586326196617817,0.11908346231959509,0.575019638648861,0.4624925722109992,0.48359519271110357,0.6059850374064838
12339,15,<class 'torch.optim.adam.Adam'>,1e-06,64,0.0005719880227385062,0.0023034086351004335,0.0034945974001652793,0.8959244761685471,0.1628832101169752,0.2293005909868761,0.8960526315789473,0.6147933164700434,0.14666751466101827,0.11825081669759863,0.565593087195601,0.4840220155423679,0.518542961500808,0.5685785536159601
15424,1,<class 'torch.optim.adam.Adam'>,1e-06,80,0.001833522231491955,0.0026189376620029815,0.003723260906471131,0.8379000690766751,0.23455227566537323,0.29828885043848696,0.843421052631579,0.44530128840955796,0.1739483458240197,0.13211750724036114,0.49803613511390415,0.5764089318630957,0.5712732645982593,0.516209476309227
15424,5,<class 'torch.optim.adam.Adam'>,1e-06,80,0.0007774761212068027,0.002139849184694692,0.003114643533082154,0.8832604190651623,0.18005344309287105,0.21284942695576894,0.8947368421052632,0.5741869740818584,0.1628781168941827,0.1222682143331089,0.5679497250589159,0.47376762570957015,0.48619466575740505,0.600997506234414
15424,10,<class 'torch.optim.adam.Adam'>,1e-06,80,0.0005320559821069371,0.0019121266886053233,0.0028341709778326985,0.8966152429196408,0.16094903754592407,0.20082737327504316,0.9,0.6193674748828811,0.15417577122840723,0.11815924758423714,0.5883739198743126,0.4435779873711135,0.47137302717430857,0.6309226932668329
15424,15,<class 'torch.optim.adam.Adam'>,1e-06,80,0.0003968032580656405,0.001852809432435085,0.0027278701202429687,0.9019111213446926,0.15171079830037085,0.20409668006468565,0.906578947368421,0.6412152351624741,0.1491020045756053,0.11785363623958728,0.582089552238806,0.44589048910899565,0.484927692092918,0.6184538653366584
12339,1,<class 'torch.optim.adam.Adam'>,1e-06,64,0.002339531372034315,0.003394436903491757,0.004817070405576022,0.8206309002993323,0.2486760300750174,0.31887228277536406,0.8157894736842105,0.41189965325011846,0.17342524274741794,0.13294303202701663,0.49018067556952083,0.5875690475252366,0.5818056922099388,0.5037406483790524
12339,5,<class 'torch.optim.adam.Adam'>,1e-06,64,0.0010499315985004233,0.002683438666914565,0.003892872088822302,0.8804973520607875,0.18128951387791944,0.22121154373805774,0.8921052631578947,0.5712637690428415,0.16374150511625063,0.1216712277865466,0.5742340926944226,0.47915320064185224,0.4874134161590861,0.6059850374064838
12339,10,<class 'torch.optim.adam.Adam'>,1e-06,64,0.0006994826820154362,0.002434156789617442,0.003644030231526994,0.8931614091641722,0.1638503050564975,0.20711590927584392,0.9,0.6125061991430327,0.1556120874160478,0.11863018031826847,0.5836606441476826,0.45106416078239386,0.47009634254430593,0.628428927680798
12339,15,<class 'torch.optim.adam.Adam'>,1e-06,64,0.0005249822215942541,0.0023754274079307225,0.0035183217986344247,0.8959244761685471,0.1619524373916985,0.22883737592124626,0.9039473684210526,0.6169945166040257,0.14615409444060648,0.11688651666864577,0.5734485467399842,0.4506295002586636,0.48850869325145224,0.5985037406483791
3084,1,<class 'torch.optim.adam.Adam'>,0.01,32,0.011537726040828089,0.014805443734170764,0.014912454544770507,0.5673497582316371,0.3640448276103393,0.33459792422914975,0.7342105263157894,0.13906103284425042,0.29034053132053483,0.17140741378964397,0.4744697564807541,0.6933191944799614,0.5949846711381341,0.6633416458852868
3084,5,<class 'torch.optim.adam.Adam'>,0.01,32,0.003999506711027308,0.13754278629153605,0.015921353888956324,0.8160257886253741,3.0288409991455985,0.4557209431144752,0.8144736842105263,-6.162984207372608,1.5745886287056436,0.22814260551944457,0.36606441476826396,18.364215798355282,1.717863754366996,0.2194513715710723
3084,10,<class 'torch.optim.adam.Adam'>,0.01,32,0.0037355391730236713,0.013852217166264046,0.012512096403080446,0.7347455675800139,0.21860660569269433,0.19663798391426865,0.8907894736842106,0.4830116151468188,0.20618630541835442,0.14398263108010131,0.5113904163393559,0.6300945721387845,0.5720295899935494,0.5910224438902744
3084,15,<class 'torch.optim.adam.Adam'>,0.01,32,0.003583705537721766,0.0075029245814282365,0.008916077620280988,0.8344462353212065,0.28528067935275153,0.2848877378298264,0.8171052631578948,0.3253323868251421,0.2575552967443171,0.175058839160829,0.3401413982717989,0.9501963726741228,0.8074230024419223,0.2743142144638404
15424,1,<class 'torch.optim.adam.Adam'>,0.0001,80,0.0008742496432495956,0.001451030184864147,0.0026778836294771916,0.9125028781947963,0.13230302896379886,0.218801085527153,0.9,0.6871131610429169,0.0867638853913574,0.0960210617353667,0.6575019638648861,0.32408447752415775,0.4638230793336012,0.6957605985037406
15424,5,<class 'torch.optim.adam.Adam'>,0.0001,80,0.0001550718326479268,0.0012068526363444168,0.0018586406860377914,0.9325351139765139,0.09406627670550526,0.15469438540749253,0.9473684210526315,0.7775402427995777,0.09687970357259625,0.09070440404518022,0.6959937156323645,0.24528798543400995,0.36163380190943767,0.7755610972568578
15424,10,<class 'torch.optim.adam.Adam'>,0.0001,80,5.902413040643734e-05,0.0011026310028292576,0.001697991033893781,0.9382915035689615,0.07892732860202943,0.12576167576235572,0.95,0.8133427284116599,0.08132523443048105,0.08223935703250221,0.7164179104477612,0.2276083803134998,0.34207602832327016,0.7855361596009975
15424,15,<class 'torch.optim.adam.Adam'>,0.0001,80,4.660110426657298e-05,0.0010274990802515412,0.0013948061762730593,0.9389822703200552,0.06610613271273441,0.08855912574615918,0.9539473684210527,0.8436639052780066,0.08285604771085354,0.07856477598476064,0.7329143754909663,0.19763197515715178,0.29416470116055443,0.8204488778054863
6169,1,<class 'torch.optim.adam.Adam'>,0.0001,64,0.0014925805610570013,0.002614594012972344,0.003942697687876985,0.898687543172922,0.161093470813332,0.1526426346286347,0.925,0.6190259068188333,0.11048038091862798,0.09929531410289673,0.6794972505891594,0.34657101609583263,0.4291712565352197,0.7306733167082294
6169,5,<class 'torch.optim.adam.Adam'>,0.0001,64,0.00030867585505940556,0.001613684451057838,0.0024829190683315462,0.9290812802210454,0.11128651196304944,0.1363039248377869,0.9368421052631579,0.7368156659945428,0.10126248806397133,0.09612131599579753,0.6802827965435978,0.309417984728534,0.4324753272098645,0.7206982543640897
6169,10,<class 'torch.optim.adam.Adam'>,0.0001,64,0.00010898845862977063,0.0015540772334046555,0.002439503052968625,0.9253971908818789,0.1036231789741639,0.14105469624536407,0.9381578947368421,0.7549388767675769,0.08051632722651876,0.08583663799196412,0.7250589159465829,0.26257990152376776,0.3900295854441617,0.7655860349127181
6169,15,<class 'torch.optim.adam.Adam'>,0.0001,64,5.296109195011789e-05,0.0013711669988588832,0.002333027720039626,0.9334561363113055,0.09611333106630038,0.14437777610667246,0.9421052631578948,0.7726991098581729,0.08509688140658091,0.09226179015380093,0.6975648075412412,0.31190196318043706,0.44746649046277537,0.7182044887780549
12339,1,<class 'torch.optim.adam.Adam'>,1e-05,16,0.005919748270941973,0.01016328368492934,0.014742933398988866,0.8876352751554225,0.1804130633471501,0.24003446818648005,0.8921052631578947,0.5733365075234451,0.1439405379038471,0.11678309038059036,0.5828750981932443,0.4037656949948362,0.464765752022366,0.6384039900249376
12339,5,<class 'torch.optim.adam.Adam'>,1e-05,16,0.0016329034057588703,0.007515305601855542,0.011288861288416092,0.9187197789546396,0.11255227942225815,0.14113373483261585,0.9355263157894737,0.7338222233584077,0.10971022894555148,0.10179396720203657,0.6362922230950511,0.3407199765995391,0.44907558876835274,0.6608478802992519
12339,10,<class 'torch.optim.adam.Adam'>,1e-05,16,0.0006373976265009399,0.006538684627160451,0.009676630810956485,0.9253971908818789,0.11065059403738982,0.15221863190251353,0.9355263157894737,0.7383195610202913,0.10329322118943306,0.0976131413371916,0.6818538884524745,0.31078897206724326,0.42318114143171515,0.7281795511221946
12339,15,<class 'torch.optim.adam.Adam'>,1e-05,16,0.00042234100405269764,0.005853400047591431,0.008665156990955316,0.9309233248906286,0.10094989456075437,0.1358122303236374,0.9381578947368421,0.7612610035592877,0.09418978929821986,0.09351935978607222,0.6920659858601729,0.2954793133904784,0.4162011856347917,0.7506234413965087
6169,1,<class 'torch.optim.adam.Adam'>,1e-05,64,0.0016290716564835016,0.0025758796785178614,0.003713165906725626,0.891319364494589,0.18401576785542645,0.22172203281232597,0.8947368421052632,0.564816380529493,0.16119584018468436,0.12162880464007043,0.5805184603299293,0.4679930174089461,0.49341294427455734,0.6034912718204489
6169,5,<class 'torch.optim.adam.Adam'>,1e-05,64,0.00039550860835582593,0.002191501625625049,0.00327914488321072,0.9076675109371403,0.15053085346775538,0.19974855838073907,0.9171052631578948,0.6440057097787568,0.14155228757859153,0.11634170066474557,0.5781618224666143,0.4507017122083363,0.5050880600305789,0.5635910224438903
6169,10,<class 'torch.optim.adam.Adam'>,1e-05,64,0.00021099329099220942,0.0021728686911154527,0.0032827477012667655,0.9136541561132857,0.14085833531822992,0.16783407511385648,0.9210526315789473,0.6668805010297107,0.13897470148823107,0.11141205011030772,0.6229379418695994,0.3889148953885365,0.4424908079039723,0.6982543640897756
6169,15,<class 'torch.optim.adam.Adam'>,1e-05,64,0.00014558297758301503,0.002141372834002261,0.003135422716869782,0.9159567119502648,0.13852256905691726,0.159397854843471,0.9315789473684211,0.6724044117289336,0.13787702032151278,0.11150867856295672,0.6276512175962293,0.38321879870307296,0.4515065893070991,0.6807980049875312
6169,1,<class 'torch.optim.adam.Adam'>,0.01,64,0.004554620880103996,0.006033655879630929,0.00684171448428044,0.7768823393967303,0.28011073509314405,0.22532306811527203,0.8342105263157895,0.33755891396330395,0.23046140095930676,0.152576561439241,0.48232521602513745,0.6672563249034229,0.5786480893499387,0.5112219451371571
6169,5,<class 'torch.optim.adam.Adam'>,0.01,64,0.0019835890695744963,0.00889796423467381,0.00560563565974902,0.8215519226341239,0.6395772045127756,0.35809451740627224,0.8236842105263158,-0.5125525836503264,0.2767730306955256,0.17161091688130772,0.3354281225451689,1.6852329131919912,0.9716424528054168,0.23192019950124687
6169,10,<class 'torch.optim.adam.Adam'>,0.01,64,0.0017152383735122316,0.005416794681560051,0.005142789545927678,0.7665208381303247,0.2757872383735465,0.2122945975708334,0.8526315789473684,0.34778366726683785,0.200474602714345,0.12938730668010248,0.5530243519245875,0.6640465413355596,0.5091287060048515,0.5910224438902744
6169,15,<class 'torch.optim.adam.Adam'>,0.01,64,0.001367713128617989,0.007636577803611536,0.006641361537326626,0.7071148975362652,0.3359542124804703,0.24270827457504837,0.8131578947368421,0.20549323434408906,0.24240287508870076,0.14388781528113714,0.5349567949725059,0.6384485863486127,0.4549811067352271,0.6583541147132169
9254,1,<class 'torch.optim.adam.Adam'>,1e-05,16,0.00625837071335194,0.010035683954833237,0.015554664378173884,0.8936219203315681,0.1605936179891484,0.18274076216805138,0.9157894736842105,0.6202080162146484,0.15093125350362177,0.11452943534653953,0.6378633150039277,0.38680376810079586,0.41021277863959643,0.7531172069825436
9254,5,<class 'torch.optim.adam.Adam'>,1e-05,16,0.001874880348631127,0.007556598601468643,0.011502679024812073,0.9210223347916187,0.13131727785580002,0.17576648531800235,0.9223684210526316,0.6894443926463878,0.127495345617853,0.11080222060349357,0.6001571091908877,0.41197567398891655,0.496791217297297,0.5960099750623441
9254,10,<class 'torch.optim.adam.Adam'>,1e-05,16,0.0008918413115346892,0.006689491273885481,0.010461804729136019,0.9242459129633893,0.10572594493552856,0.13638274970856545,0.9368421052631579,0.749965993861134,0.10332450270645913,0.09727971037178178,0.6645718774548312,0.3241701936290847,0.42551077379754504,0.71571072319202
9254,15,<class 'torch.optim.adam.Adam'>,1e-05,16,0.00054741112636677,0.006301462081276634,0.010059839505260506,0.9260879576329726,0.11608730796154734,0.17035443027332228,0.9328947368421052,0.7254621378785845,0.10160847612216231,0.1000333618729698,0.648075412411626,0.3347411052351109,0.4601624486038921,0.6783042394014963
15424,1,<class 'torch.optim.adam.Adam'>,1e-05,64,0.0012694645584396694,0.002267547024681138,0.0034227883921442506,0.9026018880957863,0.1620199723434653,0.2142382917092427,0.9105263157894737,0.6168348003791786,0.1518984808357365,0.11963382336104,0.5569520816967792,0.4875332628055406,0.5314286951895366,0.5336658354114713
15424,5,<class 'torch.optim.adam.Adam'>,1e-05,64,0.00031973805538904217,0.0018513609524177237,0.00288920293899003,0.922634123877504,0.11421648975063989,0.1577742837614527,0.9315789473684211,0.7298864836512824,0.1303744569534395,0.11148939349886852,0.584446190102121,0.43690531346759887,0.5086710553690605,0.5411471321695761
15424,10,<class 'torch.optim.adam.Adam'>,1e-05,64,0.00014300674037450898,0.001747859290653238,0.0027065358519032614,0.9260879576329726,0.10414623708081726,0.15357282965958707,0.9407894736842105,0.7537018822578068,0.12249988809012854,0.10887704101352362,0.5813040062843676,0.4239761245628477,0.5093336409501305,0.5386533665835411
15424,15,<class 'torch.optim.adam.Adam'>,1e-05,64,0.00010253954553482493,0.0016659977698954683,0.0025487142312013416,0.9295417913884412,0.1042983771835652,0.1345763841913523,0.9526315789473684,0.7533420865114135,0.11878716960216112,0.10741120424979049,0.579732914375491,0.41403117253819466,0.5079318466166642,0.5336658354114713
6169,1,<class 'torch.optim.adam.Adam'>,0.0001,16,0.006242108544128547,0.010518744161158231,0.01567160154429279,0.8979967764218282,0.1544847654271872,0.13801355802110934,0.9368421052631579,0.6346550058793146,0.12328311490790597,0.10871450390991552,0.5860172820109977,0.3823155347195686,0.4640801650962033,0.6458852867830424
6169,5,<class 'torch.optim.adam.Adam'>,0.0001,16,0.0013524145742403976,0.007326332140939524,0.011331221865476783,0.9217131015427125,0.09236420436598154,0.16887396594607515,0.9381578947368421,0.781565514842123,0.10901806347777383,0.10274550884973788,0.6747839748625295,0.28509393326082166,0.4225473630142182,0.7655860349127181
6169,10,<class 'torch.optim.adam.Adam'>,0.0001,16,0.0007576272344026636,0.009836588884786805,0.013226687127602915,0.9182592677872439,0.1087656701262368,0.10744648621246022,0.9434210526315789,0.7427772693737639,0.09223080616779421,0.08841581752952496,0.7030636292223095,0.2811571311488086,0.3265529555289488,0.7880299251870324
6169,15,<class 'torch.optim.adam.Adam'>,0.0001,16,0.0005883837115225405,0.007525879378255131,0.009786935268823875,0.9127331337784941,0.13596672194913692,0.18331616239769286,0.8828947368421053,0.678448800296666,0.08724171096859072,0.08355902035161707,0.7258444619010213,0.2620070421427981,0.3508663760368106,0.7905236907730673
15424,1,<class 'torch.optim.adam.Adam'>,0.0001,32,0.002138345107392464,0.003791103277620483,0.006259319788707502,0.920331568040525,0.11583375237670965,0.14693684432851642,0.9118421052631579,0.7260617804994757,0.10437522404993615,0.0992921432707011,0.6842105263157895,0.32560218865116514,0.43683380140293565,0.7456359102244389
15424,5,<class 'torch.optim.adam.Adam'>,0.0001,32,0.00045779661413538654,0.0029867527102131588,0.004607452825483791,0.9316140916417223,0.0751082576304656,0.11697597289457917,0.9486842105263158,0.8223745505814904,0.08498778321250268,0.07960343214874181,0.7384131971720346,0.21065566494528587,0.2891093211090587,0.8428927680798005
15424,10,<class 'torch.optim.adam.Adam'>,0.0001,32,0.00021384022953777325,0.0025445190276551736,0.0035046114205229866,0.9357586921482846,0.06719173730943456,0.09446673074639157,0.95,0.8410965334407601,0.07398790112340484,0.07540406753036186,0.7384131971720346,0.2177895915516239,0.313758310460093,0.7930174563591023
15424,15,<class 'torch.optim.adam.Adam'>,0.0001,32,0.00019001790531328276,0.0027067917530990376,0.0032700378608173856,0.9394427814874511,0.07003434586197499,0.087436376992417,0.9513157894736842,0.8343739754236265,0.08822773739110604,0.07352631897588742,0.7360565593087196,0.21343183834344656,0.24261501249381134,0.8254364089775561
12339,1,<class 'torch.optim.adam.Adam'>,1e-05,16,0.00596366125710785,0.009562646988594886,0.01409326862066044,0.900990099009901,0.16656786424573583,0.19203166688645357,0.9118421052631579,0.6060793720206483,0.14407922545461113,0.11462136802833471,0.603299293008641,0.44203526325384673,0.48604268708180387,0.6059850374064838
12339,5,<class 'torch.optim.adam.Adam'>,1e-05,16,0.0017135035069728037,0.007077789619897824,0.011863743218578502,0.9102003223578172,0.13020440982676215,0.20585495817205426,0.8921052631578947,0.6920762407144526,0.11095020016717512,0.11275379774391137,0.5380989787902593,0.5143587663271598,0.5960019737170856,0.4164588528678304
12339,10,<class 'torch.optim.adam.Adam'>,1e-05,16,0.0007218493203821153,0.006495496348634228,0.009567528307753556,0.9237854017959936,0.1136742951065786,0.15249936331284086,0.9315789473684211,0.7311687373463033,0.09328323217488453,0.09539835971911077,0.6630007855459544,0.31985134781040886,0.43517410655522215,0.683291770573566
12339,15,<class 'torch.optim.adam.Adam'>,1e-05,16,0.00042998337174079444,0.006297459434087434,0.008758739104454566,0.9281602578862538,0.10111606924536548,0.12766596714867964,0.9368421052631579,0.7608680059913322,0.09409100974332732,0.08979863306479667,0.7227022780832679,0.2620311731671465,0.35931940267136564,0.8029925187032418
6169,1,<class 'torch.optim.adam.Adam'>,1e-05,32,0.003324675797802603,0.0052491561043257,0.007783669210677044,0.8795763297259959,0.18034106389008214,0.22440532478258798,0.8921052631578947,0.5735067894584589,0.1557314617858171,0.12245866525786558,0.5396700706991359,0.5202162396089784,0.557645569878289,0.4937655860349127
6169,5,<class 'torch.optim.adam.Adam'>,1e-05,32,0.0009494536277163374,0.004873092172848802,0.007207249503324528,0.901220354593599,0.16267476341974865,0.2170871134210182,0.9026315789473685,0.615286271176128,0.1353019495283964,0.11628996521433507,0.5451688923802043,0.4650945052952764,0.5406467620831475,0.5062344139650873
6169,10,<class 'torch.optim.adam.Adam'>,1e-05,32,0.0005131790747790249,0.004605972788363331,0.0063359426523638355,0.9125028781947963,0.14345903032012305,0.1714626024281116,0.9315789473684211,0.6607300486717212,0.13159374856945708,0.1115867674324401,0.6166535742340927,0.38054259044318023,0.4699926629681094,0.6583541147132169
6169,15,<class 'torch.optim.adam.Adam'>,1e-05,32,0.00032700096187736577,0.0040055957324536965,0.005695429703702362,0.9157264563665669,0.14142572554967153,0.17226317112187023,0.9302631578947368,0.6655386560620566,0.1234411824035432,0.11232584856234006,0.5428122545168892,0.4455881705647043,0.5420659141327043,0.45885286783042395
12339,1,<class 'torch.optim.adam.Adam'>,0.0001,80,0.000934053503598229,0.0020351175140763604,0.0032859772354563396,0.8851024637347455,0.18314394269793027,0.29107052368651093,0.8697368421052631,0.5668781770783784,0.09966905755049403,0.10609370501359335,0.575019638648861,0.4303638259824382,0.5456208318536938,0.4837905236907731
12339,5,<class 'torch.optim.adam.Adam'>,0.0001,80,0.00014789019426688236,0.0012222048964830908,0.001983637400631967,0.9364494588993784,0.09806754652160797,0.1612646242260541,0.9486842105263158,0.7680775373611642,0.09072553813592835,0.08621381810820206,0.7289866457187746,0.2510359839395761,0.34719513839765676,0.8179551122194514
12339,10,<class 'torch.optim.adam.Adam'>,0.0001,80,6.322965714789155e-05,0.0010503985321407847,0.0014646638175350385,0.9378309924015658,0.08057724958602556,0.09940398359352624,0.95,0.8094407887587358,0.07303804492196382,0.08216821079969827,0.746268656716418,0.24806496365191325,0.374434326882207,0.7805486284289277
12339,15,<class 'torch.optim.adam.Adam'>,0.0001,80,4.276073821394245e-05,0.001087588585004804,0.001450323057344864,0.9412848261570343,0.09046861395245157,0.10846975471481289,0.9486842105263158,0.7860484404679584,0.07106649894616658,0.07810356475058752,0.7604084838963079,0.22384397654323884,0.34694848823688573,0.827930174563591
12339,1,<class 'torch.optim.adam.Adam'>,1e-05,64,0.0013502950241407454,0.0024374033273597646,0.003621733047268837,0.8901680865760995,0.1803942333396106,0.2161429840556689,0.8934210526315789,0.5733810350866744,0.14596073314999666,0.11794762823727781,0.5506677140612726,0.4956330717552845,0.5433960802239968,0.5112219451371571
12339,5,<class 'torch.optim.adam.Adam'>,1e-05,64,0.0003333104191213153,0.00200170962448332,0.003180404541310203,0.9173382454524522,0.12727912889113782,0.14924905945693975,0.9276315789473685,0.6989943145947726,0.13700646855833648,0.11178355887005485,0.6276512175962293,0.4109022499762586,0.4581664989997361,0.6633416458852868
12339,10,<class 'torch.optim.adam.Adam'>,1e-05,64,0.0001664035226539863,0.0018473832726293299,0.0028375791612649717,0.9187197789546396,0.12405378158731536,0.18030960709101668,0.9368421052631579,0.7066220186559441,0.12433604835993055,0.110443827604695,0.5734485467399842,0.4348127636145126,0.5161950264980742,0.5336658354114713
12339,15,<class 'torch.optim.adam.Adam'>,1e-05,64,0.00010223681295594162,0.0017898035139847317,0.0026451366379489937,0.9230946350448999,0.12250897478876761,0.16629579420152463,0.9394736842105263,0.7102753778832421,0.12232754192176404,0.10900354563007651,0.5813040062843676,0.424845970933327,0.5061970471945635,0.5411471321695761
3084,1,<class 'torch.optim.adam.Adam'>,0.0001,80,0.001560548891768768,0.001991557693758676,0.0029751004819740436,0.874280451300944,0.19916328630200147,0.24475623362844712,0.8710526315789474,0.5289936200488827,0.144771282973561,0.11408508194132012,0.6284367635506677,0.37649349859163617,0.44253040685729494,0.7032418952618454
3084,5,<class 'torch.optim.adam.Adam'>,0.0001,80,0.0003246626926612607,0.0018015907858199248,0.0027845358240585188,0.8887865530739121,0.1691727276974391,0.24654148975142132,0.8907894736842106,0.5999190611715517,0.11904332891499107,0.11118663668058935,0.5365278868813825,0.4632758721386398,0.5587181148079788,0.4463840399002494
3084,10,<class 'torch.optim.adam.Adam'>,0.0001,80,0.00010794478975328219,0.0015508795413118942,0.002220033511653244,0.910660833525213,0.1410965247825122,0.1766024159782223,0.9210526315789473,0.6663172017292653,0.11672536714504732,0.1028367146755988,0.6606441476826395,0.34858406870542447,0.43901072699632354,0.6957605985037406
3084,15,<class 'torch.optim.adam.Adam'>,0.0001,80,7.06395275054932e-05,0.001465899639059782,0.0020588673213756277,0.920331568040525,0.12394373310739669,0.12678150939755142,0.9302631578947368,0.7068822707243887,0.1366343862924067,0.10650807220228338,0.6771406127258445,0.3255750906037921,0.3947639939586569,0.770573566084788
15424,1,<class 'torch.optim.adam.Adam'>,1e-05,16,0.005594729068913667,0.009507112490236691,0.014594062224404483,0.9049044439327654,0.14548161846931998,0.1641267399156564,0.9263157894736842,0.655946774133565,0.14390209477975707,0.11502877540903961,0.589159465828751,0.37862989353986637,0.41211779188931436,0.7107231920199502
15424,5,<class 'torch.optim.adam.Adam'>,1e-05,16,0.001474859264338219,0.006596683006242154,0.01031664883983374,0.9210223347916187,0.10837923735910336,0.17027678152938422,0.9302631578947368,0.7436911542060192,0.09534115665886721,0.09907399352057562,0.6347211311861743,0.34418596678622343,0.48039564112215266,0.600997506234414
15424,10,<class 'torch.optim.adam.Adam'>,1e-05,16,0.0006086056620644054,0.006719558485278625,0.009375898858423801,0.9260879576329726,0.10474347854290389,0.13163551959625788,0.9460526315789474,0.7522894543123971,0.09435028988143351,0.09412498682304245,0.6763550667714061,0.30322167413280743,0.4225315040609151,0.6957605985037406
15424,15,<class 'torch.optim.adam.Adam'>,1e-05,16,0.0003340780561064629,0.005771048462477063,0.008228890380804751,0.9300023025558369,0.09408072916285089,0.1164073795080185,0.9460526315789474,0.7775060621239855,0.09252361476193464,0.08997931460449757,0.7054202670856246,0.2580849345971107,0.3658673729366644,0.7905236907730673
12339,1,<class 'torch.optim.adam.Adam'>,1e-05,16,0.005902763713863427,0.010331737116449252,0.014850235151072512,0.891319364494589,0.16560162499298442,0.19264393240507496,0.9131578947368421,0.6083644562805185,0.14678104621560686,0.11810989787060261,0.5616653574234093,0.45266485091195324,0.5045978408213937,0.5660847880299252
12339,5,<class 'torch.optim.adam.Adam'>,1e-05,16,0.00163896850897711,0.007565804899138581,0.01153349343386219,0.9228643794612019,0.11638243869503663,0.14635469355669461,0.9381578947368421,0.7247641777760532,0.11955736784040577,0.10741115863912704,0.5703063629222309,0.3989869358122042,0.49939395725132524,0.5635910224438903
12339,10,<class 'torch.optim.adam.Adam'>,1e-05,16,0.0007197174384735029,0.006094563653662152,0.009684118225007405,0.9279300023025558,0.09868037302793915,0.1467718147684967,0.9328947368421052,0.7666282469594373,0.08952839037914484,0.09044392598472471,0.7195600942655145,0.2647814224653896,0.38312124477657594,0.8054862842892768
12339,15,<class 'torch.optim.adam.Adam'>,1e-05,16,0.00041055422979731945,0.005826615586691591,0.00930697156273767,0.9346074142297951,0.09104978679034696,0.1305667497266672,0.9407894736842105,0.7846740173219552,0.07987533105236061,0.0888871293242813,0.6975648075412412,0.30918680536433696,0.4166031803917186,0.6957605985037406
15424,1,<class 'torch.optim.adam.Adam'>,1e-05,16,0.005557244789450433,0.009136442147794062,0.014405313015478205,0.8998388210914114,0.14579682962097598,0.18196557891113976,0.9171052631578948,0.6552013229263791,0.130535502690538,0.11188516124954209,0.6017282010997643,0.4047352298195683,0.46811710516376387,0.6359102244389028
15424,5,<class 'torch.optim.adam.Adam'>,1e-05,16,0.0014358324575723638,0.00855140116817575,0.011880810732579907,0.9210223347916187,0.12663674479169285,0.16112056676371905,0.9328947368421052,0.7005135013404724,0.09363708145982672,0.09493268375158403,0.6732128829536528,0.28811477264430674,0.42169231687558634,0.7107231920199502
15424,10,<class 'torch.optim.adam.Adam'>,1e-05,16,0.0005936929040696642,0.006445677913718943,0.009389417361353994,0.9297720469721391,0.10881888880918918,0.1515257218448249,0.9381578947368421,0.7426514129440994,0.09223661211662935,0.09427808732151377,0.6857816182246661,0.3016215947893602,0.4303345547389806,0.7057356608478803
15424,15,<class 'torch.optim.adam.Adam'>,1e-05,16,0.0003473028686568184,0.005870710904247872,0.009125275427148333,0.9311535804743265,0.10334628436147429,0.14586947165601152,0.9407894736842105,0.7555937122201686,0.08781222087599612,0.0879899858696809,0.7234878240377062,0.25829554539808924,0.3772796435732199,0.7905236907730673
9254,1,<class 'torch.optim.adam.Adam'>,0.01,64,0.003839849725265804,0.004082738111130576,0.00473950826268083,0.8496431038452682,0.26328267552975776,0.2358439062764917,0.8592105263157894,0.37735602808399027,0.23870194068049408,0.16586503644751127,0.36370777690494893,0.8075113749397415,0.7418496819617147,0.2718204488778055
9254,5,<class 'torch.optim.adam.Adam'>,0.01,64,0.001908680355658999,0.004540746093599197,0.0040674496604197865,0.8512548929311535,0.3544429917089718,0.25095943164962686,0.85,0.16176864482716113,0.23128431167373556,0.1556826466518891,0.3762765121759623,1.000505505437907,0.804325569866973,0.2543640897755611
9254,10,<class 'torch.optim.adam.Adam'>,0.01,64,0.00147020528690782,0.004126512661881637,0.004385994977592022,0.8496431038452682,0.3257567104484053,0.28195347723207975,0.8631578947368421,0.22960957268313842,0.23785084142073804,0.16405787617582696,0.38884524744697563,1.036467661996003,0.8453436927159231,0.256857855361596
9254,15,<class 'torch.optim.adam.Adam'>,0.01,64,0.0012923163942137649,0.0036109900906177647,0.003640101203961277,0.8772737738890168,0.24743839398811723,0.19408956742600392,0.8881578947368421,0.4148265739430532,0.21245324968472665,0.15588152262426835,0.401413982717989,0.8571846375870344,0.7730751193669668,0.26184538653366585
15424,1,<class 'torch.optim.adam.Adam'>,0.01,64,0.0029402564038692575,0.0036884825106263297,0.004111493205779877,0.8567810269399033,0.27588084762412995,0.29112081184346034,0.843421052631579,0.3475622880857696,0.2103840465573645,0.1505201451234572,0.3935585231736057,0.7057106859608728,0.6747052384136324,0.314214463840399
15424,5,<class 'torch.optim.adam.Adam'>,0.01,64,0.0015272951498434442,0.0030955522283208333,0.0035064009108522537,0.860004605111674,0.24085693227560415,0.21701605622411557,0.875,0.43039124390460426,0.18735621620044435,0.14276476502484362,0.3605655930871956,0.8325367634992167,0.768501840215966,0.2543640897755611
15424,10,<class 'torch.optim.adam.Adam'>,0.01,64,0.0011375659931339014,0.003356488423703756,0.0035749048701415216,0.867142528206309,0.26414060949665935,0.23727184320358854,0.8671052631578947,0.37532707202434723,0.20318237357929186,0.149219181556518,0.3880597014925373,1.1358809427520804,0.8842720058642124,0.26184538653366585
15424,15,<class 'torch.optim.adam.Adam'>,0.01,64,0.0008371201581978606,0.00357899068070534,0.0037389195050453222,0.828459590145061,0.22842077112014905,0.18237956315279008,0.8868421052631579,0.4598018415639076,0.2054468325772683,0.14951388253329229,0.4218381775333857,0.780073473084289,0.7111011608283121,0.3740648379052369
12339,1,<class 'torch.optim.adam.Adam'>,0.0001,32,0.0024124134575131597,0.004899486518097643,0.0062420447692601,0.903522910430578,0.1443322426809954,0.1789426590732642,0.9184210526315789,0.6586649663466806,0.09252534351426027,0.092729244722845,0.6983503534956795,0.23800233592384176,0.36081594288665014,0.8029925187032418
12339,5,<class 'torch.optim.adam.Adam'>,0.0001,32,0.0004984271862123028,0.003386060176741039,0.004416521298097571,0.9323048583928161,0.10485525028557867,0.12434593257126643,0.9447368421052632,0.7520251187762508,0.0747740222883946,0.0815501133607699,0.7478397486252946,0.23502264863964398,0.35129980568047103,0.8204488778054863
12339,10,<class 'torch.optim.adam.Adam'>,0.0001,32,0.00027627851961591017,0.0029105165892460982,0.003890975913487078,0.9348376698134929,0.08164213929024156,0.1081863389056372,0.9434210526315789,0.8069224026309655,0.08132658246360487,0.08308448087539633,0.7227022780832679,0.2451139317886964,0.36313148015213575,0.7955112219451371
12339,15,<class 'torch.optim.adam.Adam'>,0.0001,32,0.0002083914109593041,0.003023044416945125,0.0040606226254835285,0.9373704812341699,0.08799404023594985,0.09590015308686385,0.9368421052631579,0.7919006309089276,0.0725458882576421,0.07784053041560916,0.7227022780832679,0.23557586490737,0.3438462794217237,0.7830423940149626
6169,1,<class 'torch.optim.adam.Adam'>,0.001,16,0.010222601703469125,0.020263330855252636,0.02042105911553057,0.7946120193414691,0.27979873443040304,0.22172910445553592,0.8565789473684211,0.3382967868872534,0.2169103217408826,0.14527489803292484,0.48625294579732914,0.7607036260208967,0.6099091111879767,0.5211970074812967
6169,5,<class 'torch.optim.adam.Adam'>,0.001,16,0.005115944478194481,0.012071058659707291,0.01159619558589705,0.881648629979277,0.2306448742888177,0.18604574105947425,0.9,0.45454200423863156,0.18644808236776045,0.13803492405562306,0.46111547525530244,0.6291948677847,0.6181584432572498,0.41895261845386533
6169,10,<class 'torch.optim.adam.Adam'>,0.001,16,0.003080260926988329,0.014455286966198886,0.013424230366773713,0.8761224959705273,0.21361543301428343,0.15252517735291468,0.9092105263157895,0.49481537308930135,0.17514738557262724,0.12288023671757163,0.5860172820109977,0.5274347873271545,0.4763954122669233,0.6683291770573566
6169,15,<class 'torch.optim.adam.Adam'>,0.001,16,0.0019489580518042967,0.013644755477415522,0.013731261647958072,0.8947731982500575,0.1951387369231282,0.16287580416292735,0.9,0.5385113808173027,0.1680781510846034,0.12244936766780369,0.5687352710133543,0.497682560937351,0.46476311558982975,0.683291770573566
15424,1,<class 'torch.optim.adam.Adam'>,0.0001,32,0.0021380087626659354,0.003198328028464548,0.0056138734165737765,0.9141146672806816,0.11569056686700863,0.1893177000168515,0.9078947368421053,0.7264004034274578,0.07733350060590832,0.09071314184160469,0.7101335428122545,0.29397589917600175,0.437490963588406,0.7206982543640897
15424,5,<class 'torch.optim.adam.Adam'>,0.0001,32,0.0004525296267331433,0.0030984673589028824,0.0051009209061887665,0.9364494588993784,0.08589007761168987,0.11629123919594445,0.95,0.7968763439140576,0.06721896033965268,0.07955195323161002,0.7659073055773763,0.25659238801596446,0.37988049522079437,0.827930174563591
15424,10,<class 'torch.optim.adam.Adam'>,0.0001,32,0.000264484474375339,0.0032112354746347003,0.0054655583112601614,0.9306930693069307,0.08465421298019356,0.15404488404992184,0.9394736842105263,0.79979907561048,0.08798822611178497,0.0788491160483725,0.7407698350353495,0.22218937748674403,0.29613279447684115,0.8254364089775561
15424,15,<class 'torch.optim.adam.Adam'>,0.0001,32,0.0001824011108669105,0.0028018313484176765,0.0031830045327479023,0.9362192033156804,0.07161260977124642,0.09039701617469913,0.9486842105263158,0.8306414931728143,0.08835613863267905,0.078979067190551,0.7250589159465829,0.26129603385254435,0.29019329938549837,0.8204488778054863
3084,1,<class 'torch.optim.adam.Adam'>,0.0001,16,0.007735015080949405,0.012133070799768067,0.020300647958807757,0.8316831683168316,0.1550946208718637,0.18047978849468851,0.8723684210526316,0.6332127384320759,0.11245074483748153,0.11501308682155909,0.4744697564807541,0.5397856691851033,0.627418490275369,0.3266832917705736
3084,5,<class 'torch.optim.adam.Adam'>,0.0001,16,0.001456587007643725,0.008386832282471232,0.012122502289292122,0.9125028781947963,0.13629804334376858,0.14524006251441804,0.9289473684210526,0.677665252190597,0.11590284921091894,0.10359503728398309,0.6700706991358995,0.33827365392242886,0.4229233833889191,0.7655860349127181
3084,10,<class 'torch.optim.adam.Adam'>,0.0001,16,0.000669476670104631,0.007065352248343151,0.010062730774856398,0.9196408012894313,0.1154660994608534,0.13539227602611248,0.9289473684210526,0.7269312468986115,0.10013756158134496,0.09224570717059737,0.7054202670856246,0.28954300208583694,0.39287425886068555,0.8029925187032418
3084,15,<class 'torch.optim.adam.Adam'>,0.0001,16,0.0004547141745298329,0.006808066000163061,0.009387188608432843,0.9210223347916187,0.1073544492078484,0.1289506605164589,0.9302631578947368,0.7461147010431779,0.10388649220574532,0.0914174450937445,0.7007069913589945,0.28892222454823535,0.3830638227710254,0.7880299251870324
15424,1,<class 'torch.optim.adam.Adam'>,0.0001,80,0.0008669677268978424,0.0017514325851617858,0.00236202682249013,0.910660833525213,0.12208418370204573,0.14589195397535437,0.9171052631578948,0.7112799692821856,0.1029960277649623,0.10042483284220813,0.6402199528672428,0.32500397001683523,0.45206872423985356,0.6483790523690773
15424,5,<class 'torch.optim.adam.Adam'>,0.0001,80,0.00015191438039259973,0.0011775680705510387,0.0018700078205252035,0.9355284365645867,0.07510506684140217,0.09873565853034195,0.9486842105263158,0.8223820939357878,0.08365059660504208,0.08927710619019835,0.7117046347211312,0.2816513074315678,0.4179447613322081,0.7780548628428927
15424,10,<class 'torch.optim.adam.Adam'>,0.0001,80,6.720404811880958e-05,0.0011816095045484446,0.0016825345505458705,0.9339166474787014,0.07906935569589305,0.09634768867399543,0.9447368421052632,0.8130068499965409,0.08546197147534587,0.08100659105757022,0.7391987431264729,0.2129950362537623,0.31295870087734257,0.8354114713216958
15424,15,<class 'torch.optim.adam.Adam'>,0.0001,80,4.6704677172244045e-05,0.0011406507539375673,0.0015234915338475502,0.9382915035689615,0.07299269484923904,0.08427411797088816,0.9526315789473684,0.8273776945648775,0.07327959713756403,0.07811753933580602,0.7549096622152396,0.235270354617434,0.3405284598339674,0.8229426433915212
12339,1,<class 'torch.optim.adam.Adam'>,0.0001,32,0.002413937431536793,0.007785971452948028,0.007936746406988864,0.86483997236933,0.18808443517929085,0.1924341042403524,0.8868421052631579,0.5551942798470307,0.09473667365629797,0.10232227912226813,0.6598586017282011,0.3807888976029127,0.49641070624539385,0.7032418952618454
12339,5,<class 'torch.optim.adam.Adam'>,0.0001,32,0.00048265550045180464,0.003162287456360235,0.004958000738322118,0.9352981809808888,0.0899150767043355,0.114404078175951,0.9460526315789474,0.7873575240752813,0.08024535532109806,0.0839916782633629,0.7274155538098979,0.22652692677946473,0.3431842414722627,0.8129675810473815
12339,10,<class 'torch.optim.adam.Adam'>,0.0001,32,0.0002619901844510536,0.0027353880279243933,0.003577963315463412,0.9357586921482846,0.06544707851470306,0.08961833840922305,0.9513157894736842,0.8452225210476043,0.07528106687988348,0.07271965561970155,0.7494108405341713,0.1842727606358129,0.25987021651053965,0.8503740648379052
12339,15,<class 'torch.optim.adam.Adam'>,0.0001,32,0.0001620149673858271,0.00293465597828884,0.00390630403429359,0.9323048583928161,0.08553600331626054,0.08869167676342553,0.9421052631578948,0.7977137054839329,0.08443934036525592,0.07289679326868388,0.7478397486252946,0.19428078752027428,0.235691387331731,0.8379052369077307
15424,1,<class 'torch.optim.adam.Adam'>,1e-05,80,0.0010240854582163849,0.0019091837187049962,0.0028499082749872035,0.8950034538337555,0.16335630020509756,0.21406841986003872,0.9052631578947369,0.6136744751110437,0.14798529362183457,0.11640486260181043,0.5930871956009427,0.4417258040249541,0.4923664454598342,0.6034912718204489
15424,5,<class 'torch.optim.adam.Adam'>,1e-05,80,0.00022916286844176654,0.0015550801303600512,0.0024051372182278654,0.915496200782869,0.12463296264399767,0.18277970989675899,0.9197368421052632,0.7052522971333997,0.12050530935369888,0.10870032054017308,0.6103692065985861,0.43189162222140914,0.5101654574720936,0.5635910224438903
15424,10,<class 'torch.optim.adam.Adam'>,1e-05,80,0.00012688138919819198,0.0014341254217879113,0.0021912090200694946,0.9207920792079208,0.11055247593060612,0.16688697101352246,0.9394736842105263,0.7385516014906355,0.1172848487840669,0.10615219454700237,0.6095836606441477,0.4149601749296854,0.4988571681277339,0.571072319201995
15424,15,<class 'torch.optim.adam.Adam'>,1e-05,80,7.772091961503453e-05,0.0013520053107288887,0.0020833945846656433,0.9253971908818789,0.10835941219884823,0.1529389009860001,0.9421052631578948,0.7437380446239951,0.11642450400176754,0.10479441136619236,0.6135113904163394,0.38976048432141625,0.4802659477137419,0.5935162094763092
3084,1,<class 'torch.optim.adam.Adam'>,0.0001,80,0.0014688856066258965,0.002621480095861366,0.0041001224652320424,0.8056642873589684,0.26876736679066004,0.38152614881186503,0.756578947368421,0.36438514169540437,0.130832373466012,0.11928351579902684,0.5090337784760408,0.4418021811144269,0.5632547847833717,0.4688279301745636
3084,5,<class 'torch.optim.adam.Adam'>,0.0001,80,0.00026550816161251213,0.0018552282643694222,0.00245689659892154,0.910660833525213,0.15572370192535914,0.16504332582025152,0.9276315789473685,0.6317250089874051,0.12078974564454224,0.10241559787908713,0.6810683424980362,0.29812258556276183,0.40071291365008105,0.7930174563591023
3084,10,<class 'torch.optim.adam.Adam'>,0.0001,80,0.00012991591836851278,0.0018502514480844554,0.0028772439422515192,0.910430577941515,0.16008850942121786,0.2523575392600737,0.9197368421052632,0.6214025678640821,0.10883992148482059,0.10844280527727583,0.5231736056559309,0.42259365771784096,0.5528682761563178,0.39650872817955113
3084,15,<class 'torch.optim.adam.Adam'>,0.0001,80,7.070075883167698e-05,0.0015272475387056166,0.0019126197444577385,0.9182592677872439,0.1256752611124884,0.12776340064347574,0.9355263157894737,0.7027873453550255,0.11258126576982308,0.10277750903267914,0.6410054988216811,0.34773314662769217,0.45975347121299576,0.6658354114713217
3084,1,<class 'torch.optim.adam.Adam'>,1e-05,80,0.0016731668502846116,0.0025369696372284914,0.0035495536066051346,0.857471793690997,0.20123111816373584,0.23089346719513598,0.881578947368421,0.5241033553233647,0.16188057406585246,0.12881106977517082,0.4988216810683425,0.5687249459857903,0.5837610711963694,0.4613466334164589
3084,5,<class 'torch.optim.adam.Adam'>,1e-05,80,0.0003624204395220515,0.0021478701481518867,0.0032244840649287053,0.8712871287128713,0.17150229152138843,0.22325483699892892,0.8736842105263158,0.5944098166671611,0.1510571382826601,0.11562833893833462,0.603299293008641,0.3932322723949986,0.42953184361516167,0.7007481296758105
3084,10,<class 'torch.optim.adam.Adam'>,1e-05,80,0.00017439099433366813,0.0022223504500786554,0.003051396530535867,0.8765830071379231,0.17732904041864506,0.2355691321451511,0.8789473684210526,0.5806299933880865,0.13646238051773357,0.11404433600657209,0.5710919088766693,0.43369129242690785,0.4978129242261189,0.57356608478803
3084,15,<class 'torch.optim.adam.Adam'>,1e-05,80,0.0001142927460268565,0.002079174186731576,0.0029497322929418774,0.8899378309924015,0.16117211134491027,0.21635324266788206,0.8947368421052632,0.6188399337390009,0.1392032364390656,0.11170074892378846,0.6182246661429693,0.3946224015997001,0.44920008917085996,0.6882793017456359
6169,1,<class 'torch.optim.adam.Adam'>,0.01,64,0.005053370040043534,0.0044889485155989875,0.005344907163667865,0.8035919871056874,0.2623732204742658,0.29547777385634716,0.843421052631579,0.3795068204787453,0.24563925056930452,0.16864539968773126,0.38648860958366066,1.0939427068078567,0.8738423024775679,0.2817955112219451
6169,5,<class 'torch.optim.adam.Adam'>,0.01,64,0.0019333361510491134,0.004332466716182251,0.004750997130013874,0.8171770665438637,0.27739924276217537,0.23197331994428838,0.8513157894736842,0.3439714052859455,0.23602388394647278,0.1549118533028174,0.4556166535742341,0.7023575482439929,0.6134369824443969,0.40648379052369077
6169,10,<class 'torch.optim.adam.Adam'>,0.01,64,0.0015220504636354085,0.004246007159589046,0.005259459040117187,0.7322127561593369,0.3586094021550238,0.40403553112655094,0.6684210526315789,0.15191539454245573,0.20003154225537562,0.15557470985996272,0.3511390416339356,1.0644952044969804,0.8953428856118064,0.24189526184538654
6169,15,<class 'torch.optim.adam.Adam'>,0.01,64,0.0013042765224621504,0.005164428481769101,0.0047562569722914075,0.7881648629979277,0.28814756316179113,0.20243731444015314,0.8631578947368421,0.3185524116825683,0.26520136383856674,0.15501527949283886,0.49018067556952083,0.625722624852277,0.5044844662608053,0.6882793017456359
9254,1,<class 'torch.optim.adam.Adam'>,1e-06,16,0.009459507098308334,0.013086149064579949,0.01880667981205518,0.8406631360810499,0.22254753969808688,0.2701660543275801,0.85,0.4736916003570468,0.17022088553627715,0.12815680410434951,0.5302435192458759,0.5543350691053035,0.5406791182917698,0.543640897755611
9254,5,<class 'torch.optim.adam.Adam'>,1e-06,16,0.005203946982273884,0.011117688373105197,0.016599472379687192,0.8579323048583928,0.19031212135750142,0.24328538557686108,0.8776315789473684,0.5499259729459389,0.14837257840556517,0.11995437137273382,0.5538098978790259,0.4964414776211135,0.5211201141079762,0.5586034912718204
9254,10,<class 'torch.optim.adam.Adam'>,1e-06,16,0.0038211935071279872,0.010751729988928987,0.015745357329151527,0.8775040294727147,0.1783237403389918,0.24187948029292258,0.8842105263157894,0.5782775961560102,0.1329227681141416,0.1134808028683078,0.584446190102121,0.4595308237159811,0.5080400199218283,0.5536159600997507
9254,15,<class 'torch.optim.adam.Adam'>,1e-06,16,0.0030970185575332483,0.010030276483452776,0.014591888776990419,0.8929311535804744,0.14767311254257018,0.19218299831141178,0.9105263157894737,0.6507640582008868,0.14109913091257928,0.11327643134724129,0.6142969363707776,0.4213731555416627,0.4559160474028225,0.6633416458852868
3084,1,<class 'torch.optim.adam.Adam'>,1e-06,32,0.00599976892833116,0.0079635849337053,0.010872138766629779,0.7833294957402717,0.2875743238414286,0.35192064648788224,0.75,0.31990807881481087,0.1869630935870386,0.13888057773729431,0.48153967007069914,0.6020659663237049,0.5847531384289116,0.513715710723192
3084,5,<class 'torch.optim.adam.Adam'>,1e-06,32,0.003103070377810688,0.006501992277915978,0.009174261129783536,0.8397421137462584,0.20902138835373607,0.251609799241353,0.8605263157894737,0.5056799501369573,0.16371964321392007,0.12808264162207061,0.5019638648860958,0.5637086259760592,0.5631122584094728,0.5087281795511222
3084,10,<class 'torch.optim.adam.Adam'>,1e-06,32,0.0023124292945844423,0.005993280862570632,0.008642746879706974,0.8611558830301634,0.1943143860251866,0.236586695181598,0.8736842105263158,0.5404609116189951,0.1534754301815309,0.12334834693843984,0.5333857030636292,0.5385600635934253,0.5507814054310024,0.5187032418952618
3084,15,<class 'torch.optim.adam.Adam'>,1e-06,32,0.0018180484793495614,0.0058697263079526205,0.008456804999112808,0.8629979276997467,0.19767325031357896,0.2515982002828662,0.875,0.5325174401216823,0.15124343054329586,0.12176620259658615,0.5435978004713276,0.5160468790660102,0.533969422045194,0.5361596009975063
15424,1,<class 'torch.optim.adam.Adam'>,0.0001,80,0.0008587959844182357,0.0013502268058458232,0.0022056144097146145,0.9217131015427125,0.11022018085844411,0.15906259309206355,0.9263157894736842,0.7393374584934089,0.08823982982295261,0.08866365074245179,0.7030636292223095,0.27021039507623323,0.38240633224905873,0.7830423940149626
15424,5,<class 'torch.optim.adam.Adam'>,0.0001,80,0.0001459751335131845,0.0010682734987399777,0.0017339240089693625,0.9332258807276076,0.07689935110560354,0.11599787172591804,0.9473684210526315,0.8181387481859876,0.07622589351271637,0.0852920573024783,0.7219167321288296,0.2556717917287243,0.40247003621238275,0.7655860349127181
15424,10,<class 'torch.optim.adam.Adam'>,0.0001,80,6.534028338160075e-05,0.0010616005926504268,0.0015117467734675348,0.9366797144830762,0.08194109657925129,0.10630142478836015,0.9513157894736842,0.8062153947647097,0.08144909745048971,0.08025843450961999,0.7478397486252946,0.21657210646741165,0.323124685494271,0.8503740648379052
15424,15,<class 'torch.optim.adam.Adam'>,0.0001,80,5.596963200034405e-05,0.0010517179050733494,0.0015360377102767765,0.9334561363113055,0.07330561121222433,0.08831237239248463,0.95,0.82663767435984,0.0856480465217721,0.08261320517579121,0.7266300078554595,0.21871438574387292,0.32151922054049975,0.8204488778054863
6169,1,<class 'torch.optim.adam.Adam'>,0.0001,64,0.0015389984306011426,0.00280298913833103,0.004290797452813548,0.8441169698365185,0.1736806283121027,0.1860451745310504,0.8723684210526316,0.589258215361576,0.10710397393125178,0.10575982146638169,0.605655930871956,0.4273383538201814,0.4703515272197358,0.6458852867830424
6169,5,<class 'torch.optim.adam.Adam'>,0.0001,64,0.00027608361587648186,0.0019264490239196952,0.0026684025709540673,0.9150356896154732,0.12145681042109462,0.14585897018152633,0.9302631578947368,0.7127636654972062,0.11664243980271946,0.10253947261919891,0.6708562450903378,0.3108855489089934,0.41537289194381816,0.743142144638404
6169,10,<class 'torch.optim.adam.Adam'>,0.0001,64,0.00014058029794518113,0.0017028036856504456,0.0024366574098156424,0.9240156573796915,0.10885605558961489,0.1425743182655424,0.9210526315789473,0.7425635160826626,0.09701218754283569,0.09486895585717971,0.6810683424980362,0.3006027373357927,0.4118463550868474,0.7556109725685786
6169,15,<class 'torch.optim.adam.Adam'>,0.0001,64,6.480359343709513e-05,0.0015400154621177573,0.002160782818349034,0.9276997467188579,0.09918664505350021,0.1313186855913189,0.9328947368421052,0.7654309504952608,0.09377659233821557,0.0926568606079725,0.7038491751767478,0.29806319566854733,0.41012168898156603,0.7581047381546134
15424,1,<class 'torch.optim.adam.Adam'>,0.0001,32,0.002223804211355089,0.004565699253297335,0.006241826211461927,0.9118121114437026,0.15081150202086263,0.16141133569793678,0.9263157894736842,0.6433420019166645,0.10760180128702436,0.10057514572321478,0.6472898664571878,0.3206681918915276,0.42271856525378704,0.7206982543640897
15424,5,<class 'torch.optim.adam.Adam'>,0.0001,32,0.00043103683670643134,0.0033949738002339116,0.004247319114536232,0.9318443472254202,0.08619407878700996,0.10523784158163164,0.9526315789473684,0.79615740593106,0.06827850787890695,0.0742852077830381,0.7643362136684996,0.22078675173219273,0.31115485547328753,0.8354114713216958
15424,10,<class 'torch.optim.adam.Adam'>,0.0001,32,0.0002838107220630724,0.00265319708139888,0.003731548239764546,0.9369099700667741,0.06471619825844276,0.1019253175289027,0.9526315789473684,0.8469509983146121,0.07448416644388071,0.06836344914376233,0.7706205813040062,0.1829034504532542,0.2288061524009764,0.8678304239401496
15424,15,<class 'torch.optim.adam.Adam'>,0.0001,32,0.0001947998813812317,0.003217863636496647,0.004371920289592262,0.9300023025558369,0.08150198664112765,0.08502179302863384,0.9407894736842105,0.8072538556480899,0.1004198048174762,0.07953957948491316,0.7258444619010213,0.21796583756899385,0.25476874105465086,0.827930174563591
12339,1,<class 'torch.optim.adam.Adam'>,0.0001,32,0.002526898296183546,0.004488763668547158,0.006809737182503441,0.9120423670274004,0.13729156343974008,0.17002164499932212,0.9342105263157895,0.6753156462229146,0.14625637910971878,0.11767599607897573,0.6347211311861743,0.38365008625219266,0.4665883892863766,0.7007481296758105
12339,5,<class 'torch.optim.adam.Adam'>,0.0001,32,0.0004701009103895503,0.0031210698060615875,0.004388928049697103,0.9327653695602118,0.07183326079497035,0.11067113063028572,0.9513157894736842,0.8301196746459534,0.07304097816543961,0.0808034742935813,0.7494108405341713,0.20988263819627467,0.33461328123015655,0.8478802992518704
12339,10,<class 'torch.optim.adam.Adam'>,0.0001,32,0.00022594956537724188,0.002929764591014189,0.0037873722329794086,0.9352981809808888,0.08026713380149095,0.08777338002416256,0.95,0.8101741894749186,0.08516543121542056,0.07850504242387094,0.7486252945797329,0.20829968742405114,0.2959682688888097,0.8553615960099751
12339,15,<class 'torch.optim.adam.Adam'>,0.0001,32,0.00015142948034089094,0.002964208888770481,0.0047037331222280114,0.9334561363113055,0.07467660496411516,0.08882243998691831,0.9434210526315789,0.823395375828761,0.07094545152745424,0.07539241107799645,0.7643362136684996,0.2621443526592721,0.3413667427724288,0.800498753117207
12339,1,<class 'torch.optim.adam.Adam'>,0.0001,80,0.0009487607807768774,0.0016686937726919152,0.0027003514994516534,0.905825466267557,0.12013796365656827,0.1326251590845028,0.925,0.7158826330322554,0.14014510088078955,0.10531161660262664,0.6512175962293795,0.24956541609396693,0.28293464947352537,0.7905236907730673
12339,5,<class 'torch.optim.adam.Adam'>,0.0001,80,0.0001554394204278804,0.001147913748465758,0.0017702435907778476,0.9290812802210454,0.0818615303308011,0.12288478058272678,0.9394736842105263,0.8064035581589638,0.0856709164300379,0.08325650574762347,0.7266300078554595,0.21041430390815682,0.32056099097441854,0.827930174563591
12339,10,<class 'torch.optim.adam.Adam'>,0.0001,80,7.340373354463916e-05,0.0011783886006933573,0.0015953321635187867,0.9348376698134929,0.0898717330397148,0.11856754679772022,0.9486842105263158,0.7874600241913146,0.08716747892061387,0.0879722418335251,0.7172034564021995,0.2719834070227769,0.38931265485442784,0.7805486284289277
12339,15,<class 'torch.optim.adam.Adam'>,0.0001,80,4.818954796031624e-05,0.0011170452187018352,0.0016021094315616924,0.9348376698134929,0.087464700501801,0.0962879233895556,0.9473684210526315,0.7931524807934434,0.08450721248825946,0.08258346936578416,0.7329143754909663,0.2451463614038862,0.3419147190310414,0.8179551122194514
3084,1,<class 'torch.optim.adam.Adam'>,1e-06,16,0.011794328409332864,0.01550514635531523,0.021403321658799157,0.8003684089339167,0.2712044521862425,0.3279092047167452,0.7973684210526316,0.3586216131126313,0.18672449687621662,0.13493158443825787,0.5106048703849175,0.5710189045528126,0.5452936054149322,0.5785536159600998
3084,5,<class 'torch.optim.adam.Adam'>,1e-06,16,0.006763664953019253,0.013002433116956705,0.018417068781348765,0.8367487911581856,0.20998583504945692,0.2444211435124376,0.8565789473684211,0.503399094952959,0.1765034550141385,0.1291946395207416,0.5373134328358209,0.5013253824767652,0.4931248913326317,0.6034912718204489
3084,10,<class 'torch.optim.adam.Adam'>,1e-06,16,0.005247425101939033,0.011681823100017192,0.01721083965378095,0.8588533271931844,0.20934513368366903,0.2742975722410177,0.8539473684210527,0.5049143034839859,0.15845688750845938,0.12222610807627182,0.5475255302435192,0.49940487770128195,0.5174510146762962,0.5586034912718204
3084,15,<class 'torch.optim.adam.Adam'>,1e-06,16,0.0043638256328946265,0.012057698996758615,0.017316058655502113,0.8558600046051117,0.18597846647227348,0.22030585609670533,0.8855263157894737,0.560174744327161,0.15894642489057295,0.12093192372011652,0.5789473684210527,0.4603570913402625,0.463250956825559,0.6533665835411472
12339,1,<class 'torch.optim.adam.Adam'>,0.0001,64,0.0011824293686897443,0.002011511787933439,0.0031468115443324756,0.9194105457057333,0.12400547382161814,0.16591597521359003,0.9315789473684211,0.7067362719108958,0.12350027965332724,0.10985438084084971,0.5561665357423409,0.38714184726601236,0.49906087163464163,0.5561097256857855
12339,5,<class 'torch.optim.adam.Adam'>,0.0001,64,0.00020871799287405636,0.0016702657967339236,0.002184092504429757,0.9306930693069307,0.0924424477558764,0.10789590746679,0.9434210526315789,0.7813804805285067,0.11129519553461005,0.0998727193816279,0.6441476826394344,0.331624898998411,0.44157937111709256,0.6957605985037406
12339,10,<class 'torch.optim.adam.Adam'>,0.0001,64,9.394794951531704e-05,0.001413517656251222,0.0021825164107032394,0.9369099700667741,0.07383743651647569,0.10926161356098754,0.9565789473684211,0.825379948002977,0.08086337947897046,0.07783310655694681,0.7407698350353495,0.21108698642882842,0.3086040005101787,0.827930174563591
12339,15,<class 'torch.optim.adam.Adam'>,0.0001,64,5.651218227909888e-05,0.0014689118905246408,0.001709352667509288,0.9350679253971909,0.07798647815776324,0.08823114778282808,0.9513157894736842,0.8155677681036825,0.09251987836152896,0.08392055868043126,0.7384131971720346,0.24400563885257653,0.3404356456823889,0.830423940149626
6169,1,<class 'torch.optim.adam.Adam'>,0.0001,16,0.006305755943275503,0.008985584815344365,0.013293337563257351,0.8956942205848492,0.14649398736971783,0.1907072642805839,0.9092105263157895,0.6535525939073695,0.11739462629505283,0.10726693069499399,0.572663000785546,0.37837631446682213,0.48540259162173083,0.6034912718204489
6169,5,<class 'torch.optim.adam.Adam'>,0.0001,16,0.0014340435075666468,0.00825980161277021,0.010293040811439112,0.9097398111904214,0.13771536643452292,0.14653343011772163,0.9276315789473685,0.674313386563268,0.12955951200266283,0.10888301233050632,0.6103692065985861,0.3894722013199877,0.4710303107532034,0.6658354114713217
6169,10,<class 'torch.optim.adam.Adam'>,0.0001,16,0.0009061873797972669,0.006819985786784417,0.008976976678200837,0.9237854017959936,0.10113991137672707,0.13865681735700683,0.9276315789473685,0.760811620286453,0.08090775359968105,0.07615319642956016,0.7454831107619796,0.20967826481321475,0.28393943918093184,0.8428927680798005
6169,15,<class 'torch.optim.adam.Adam'>,0.0001,16,0.0005092622404345528,0.007162290423912934,0.008352922701115793,0.9270089799677642,0.09636091864793098,0.11973871406608898,0.9394736842105263,0.7721135840825164,0.08362164721400452,0.07412937232523642,0.7384131971720346,0.18939940561303817,0.2536513513776281,0.8503740648379052
12339,1,<class 'torch.optim.adam.Adam'>,0.0001,64,0.0011647726708860237,0.002429345629949765,0.0033929220596107504,0.9072069997697444,0.12204768118440935,0.14970448543317616,0.9236842105263158,0.7113662949341515,0.11286395730885866,0.09721901965929665,0.6928515318146111,0.25544815650017355,0.32928336384309054,0.8229426433915212
12339,5,<class 'torch.optim.adam.Adam'>,0.0001,64,0.0002046069817150931,0.0018328867639103381,0.0028246221435583325,0.9300023025558369,0.07531911390806703,0.10298137814174162,0.95,0.8218758867105391,0.06739037974932555,0.07907759610641066,0.7415553809897879,0.2506104940029243,0.371793875663525,0.7955112219451371
12339,10,<class 'torch.optim.adam.Adam'>,0.0001,64,9.434425913195068e-05,0.0014237442990752537,0.0019010973477964711,0.9318443472254202,0.07283629760717483,0.10439023199417677,0.9434210526315789,0.8277475666932063,0.07469360567651286,0.08023794537200904,0.7486252945797329,0.24033131654906262,0.3582716188916096,0.8229426433915212
12339,15,<class 'torch.optim.adam.Adam'>,0.0001,64,7.64221825258175e-05,0.0013829786476282214,0.0018544402097862437,0.9350679253971909,0.07590008610761556,0.10619527252979184,0.9368421052631579,0.8205019353470444,0.06987613598042638,0.07632196141525413,0.7517674783974863,0.2162932674878432,0.32293775643772465,0.8254364089775561
6169,1,<class 'torch.optim.adam.Adam'>,0.0001,32,0.003086743414677374,0.004227032252350848,0.0077061156317464715,0.8823393967303708,0.15434601556413882,0.2502583176142683,0.881578947368421,0.6349831351435007,0.10324328738537808,0.10672831470519889,0.5632364493322859,0.43001729441957176,0.5529627209329545,0.47880299251870323
6169,5,<class 'torch.optim.adam.Adam'>,0.0001,32,0.0006135115464873011,0.0032002706970181466,0.005284808207266401,0.9288510246373475,0.1021770433619373,0.1296192512945517,0.9223684210526316,0.7583588822082243,0.07637290577663346,0.07942732567229518,0.746268656716418,0.2403322949794982,0.3407754098759625,0.8204488778054863
6169,10,<class 'torch.optim.adam.Adam'>,0.0001,32,0.000320014829689558,0.0029500786883268878,0.005201048325578271,0.9332258807276076,0.08503446569582737,0.14380031816759392,0.9368421052631579,0.7988998013826718,0.07692811687945429,0.0830671576752334,0.7391987431264729,0.2543082879823844,0.3772467352319834,0.8104738154613467
6169,15,<class 'torch.optim.adam.Adam'>,0.0001,32,0.00015888126878528907,0.002837854641571816,0.004128358114768963,0.9329956251439098,0.08475262312110482,0.11412240637123193,0.9328947368421052,0.7995663428921505,0.07602982207896712,0.0781681986374946,0.7415553809897879,0.24323126195136374,0.33078918740283375,0.800498753117207
12339,1,<class 'torch.optim.adam.Adam'>,0.01,16,0.011631525392142255,0.02780773226624634,0.018373332690381522,0.8411236472484458,0.4203942972307602,0.2537186616149388,0.8526315789473684,0.005798703122000148,0.20570624231405138,0.1502076787332721,0.3699921445404556,0.8532368216125228,0.7650009868411055,0.27680798004987534
12339,5,<class 'torch.optim.adam.Adam'>,0.01,16,0.006179580519907101,0.014228137248825524,0.01464194480708028,0.8669122726226111,0.25940058255765286,0.21409268465481307,0.8828947368421053,0.3865368873677508,0.1992460065851547,0.14761474089754067,0.391987431264729,0.8643991445984149,0.7832037444944097,0.2518703241895262
12339,10,<class 'torch.optim.adam.Adam'>,0.01,16,0.0041721932975530346,0.013414200473402657,0.012951890288438496,0.8869445084043288,0.23851850789508644,0.21115243152568214,0.8921052631578947,0.43592145003246896,0.20527646622817208,0.14972000624852816,0.394344069128044,0.6309879001786994,0.6514550487596793,0.2967581047381546
12339,15,<class 'torch.optim.adam.Adam'>,0.01,16,0.0029533939709761163,0.014782661788685376,0.015430981151359904,0.8846419525673498,0.22718135309676804,0.16489096789767868,0.8973684210526316,0.4627329708088994,0.20476585583067597,0.14960322235268303,0.396700706991359,0.7060995167949413,0.6793392917461823,0.3566084788029925
6169,1,<class 'torch.optim.adam.Adam'>,0.0001,64,0.0015339760255013589,0.0024313477792005343,0.0038790485632740736,0.8933916647478701,0.16052937520972835,0.21598099877102006,0.9092105263157895,0.6203599478939652,0.14227701242459326,0.10934164809342548,0.6755695208169678,0.31277330648146695,0.3695175274207891,0.8104738154613467
6169,5,<class 'torch.optim.adam.Adam'>,0.0001,64,0.0002944817472763165,0.001737534292188076,0.002632685470575565,0.917798756619848,0.1214231355668806,0.17314775964539303,0.9263157894736842,0.7128432980645303,0.10273377117303983,0.0990117769190882,0.6590730557737627,0.3495168035553701,0.46594440647194213,0.6608478802992519
6169,10,<class 'torch.optim.adam.Adam'>,0.0001,64,0.0001620119097142141,0.0015216151952757255,0.0023933410963621277,0.9258577020492746,0.10574230895419984,0.13487636562877972,0.9355263157894737,0.7499272908170189,0.09684644385431371,0.09627033560116134,0.6897093479968578,0.31974106278797687,0.4446076279612922,0.7556109725685786
6169,15,<class 'torch.optim.adam.Adam'>,0.0001,64,6.23176880743947e-05,0.001576520136943301,0.0020767776216199093,0.9265484688003685,0.1048992792415579,0.11390829225879555,0.9421052631578948,0.7519209929384979,0.11054617698687164,0.09849186727626415,0.6834249803613511,0.3200273549259839,0.42179252846895754,0.7755610972568578
6169,1,<class 'torch.optim.adam.Adam'>,0.0001,80,0.0012209983646729562,0.0022451994027543557,0.0034300971869743835,0.8982270320055261,0.15192578658133069,0.16169370222027954,0.9092105263157895,0.6407067898494075,0.1264110280102805,0.10220535474961795,0.6842105263157895,0.271581102680618,0.30059878767103404,0.8379052369077307
6169,5,<class 'torch.optim.adam.Adam'>,0.0001,80,0.00023759522691639592,0.0018090953329466962,0.002276599390040667,0.9205618236242229,0.13211285897330172,0.14149981530775366,0.9381578947368421,0.6875628987416202,0.10293558445373749,0.09819567045204207,0.6700706991358995,0.31500972927879023,0.4267466675508721,0.7356608478802993
6169,10,<class 'torch.optim.adam.Adam'>,0.0001,80,9.885607002712732e-05,0.0014232329092705384,0.0019189720274719697,0.925166935298181,0.12007435191117868,0.15112138860246266,0.9342105263157895,0.7160330790210361,0.10150523670879631,0.10311513797666085,0.5899450117831894,0.38487919490777917,0.5058556520182668,0.5386533665835411
6169,15,<class 'torch.optim.adam.Adam'>,0.0001,80,4.7749994220150204e-05,0.0014054748732978343,0.0017193251684215413,0.9323048583928161,0.11138366801712801,0.12137286890616739,0.9473684210526315,0.736585897263113,0.10116736686503108,0.0947944753922563,0.6849960722702279,0.29147218043667555,0.3958435132635056,0.7880299251870324
9254,1,<class 'torch.optim.adam.Adam'>,0.0001,80,0.0010156590030199512,0.0016843642106212397,0.0028907953354721104,0.9067464886023486,0.1550046720747914,0.23616562828936272,0.9039473684210526,0.6334254677387692,0.10091309556927758,0.09998959666359453,0.655145326001571,0.3313965387651456,0.4560284178583253,0.6658354114713217
9254,5,<class 'torch.optim.adam.Adam'>,0.0001,80,0.0001778553641756088,0.0013027519957792256,0.0022071407579920023,0.9288510246373475,0.0933284994228352,0.11013158792139668,0.9368421052631579,0.7792850294862808,0.08331350971352403,0.08599427022853426,0.7525530243519246,0.2567344943931302,0.37633608233304394,0.8229426433915212
9254,10,<class 'torch.optim.adam.Adam'>,0.0001,80,7.622749768855722e-05,0.001212398982438491,0.0016800026732492414,0.9316140916417223,0.09294336174889119,0.12405770764514608,0.9447368421052632,0.7801958531258278,0.08343165232020797,0.08646791625419706,0.7321288295365279,0.2491870526297733,0.37352510325220456,0.8129675810473815
9254,15,<class 'torch.optim.adam.Adam'>,0.0001,80,4.9726477990610076e-05,0.0010688686520358727,0.0017543223879728728,0.9325351139765139,0.08223102791386279,0.10803238704531012,0.9381578947368421,0.8055297236770762,0.06992785127244482,0.0857599669926963,0.7203456402199528,0.29427858507056626,0.4365273894848966,0.7331670822942643
32763.89 sec
