2.0.1+cu117
0.15.2+cu117
torch.cuda.is_available(): True

Feting data from directory:  ../saved_data/training_animal_count/cottonwood_eastface_2022/
loading annotations into memory...
Done (t=0.05s)
creating index...
index created!
Problematic image or label encountered, leaving out.
Problematic image or label encountered, leaving out.
Number of images found:  3479
Number of batches found:  596

Feting data from directory:  ../saved_data/training_animal_count/ngilchrist_eastface_2022_MP180_13_ODOT05/
loading annotations into memory...
Done (t=0.02s)
creating index...
index created!
Number of images found:  190
Number of batches found:  46

Feting data from directory:  ../saved_data/training_animal_count/crawford_westface_2022_MP150_ODOT006/
loading annotations into memory...
Done (t=0.23s)
creating index...
index created!
Number of images found:  3468
Number of batches found:  508

Feting data from directory:  ../saved_data/training_animal_count/caltech/
loading annotations into memory...
Done (t=1.36s)
creating index...
index created!
Number of images found:  6055
Number of batches found:  762

Feting data from directory:  ../saved_data/training_animal_count/fence_ends_HERS0033_2023_MP178_WEST/
loading annotations into memory...
Done (t=0.03s)
creating index...
index created!
Number of images found:  1151
Number of batches found:  247

Feting data from directory:  ../saved_data/training_animal_count/vandevert_westface_2023_MP154_ODOT065/
loading annotations into memory...
Done (t=0.04s)
creating index...
index created!
Number of images found:  956
Number of batches found:  273

Feting data from directory:  ../saved_data/training_animal_count/ngilchrist_repelcam_2023_MP180_13_ODOT010/
loading annotations into memory...
Done (t=0.03s)
creating index...
index created!
Number of images found:  1523
Number of batches found:  413

Feting data from directory:  ../saved_data/training_animal_count/jump_outs_HERS0039_CENTURY_SE_2023/
loading annotations into memory...
Done (t=0.04s)
creating index...
index created!
Number of images found:  2149
Number of batches found:  705

Feting data from directory:  ../saved_data/training_animal_count/jump_outs_HERS0040_VANDEVERT_NW_2023/
loading annotations into memory...
Done (t=0.03s)
creating index...
index created!
Number of images found:  796
Number of batches found:  229

Number of training images:  15566
Number of validation images:  4201
Number of batches for training:  3019
Number of batches for validation:  760
Multiple GPUs available, using: 2

Training and Validating ResNet34
Epoch: 0
training loss: 0.000644687530513435
validation MSE: 0.0026977123635878904, MAE: 0.0022107150278838296 and ACC: 0.9147821947155439
batch validation MSE: 0.12849914235360044, MAE: 0.17138174221801913 and ACC: 0.9289473684210526
Lowest batch validation MAE achieved, saving weights
R^2:  0.7390173917914264
Epoch: 1
training loss: 0.0002873719258962162
validation MSE: 0.002306190708537303, MAE: 0.0022549937450156497 and ACC: 0.9174006189002618
batch validation MSE: 0.12601164116271327, MAE: 0.2178502279382787 and ACC: 0.9368421052631579
Epoch: 2
training loss: 0.00018224136835794842
validation MSE: 0.002226020510519494, MAE: 0.001811470691858658 and ACC: 0.9162104260890265
batch validation MSE: 0.08528874575139037, MAE: 0.11670432460102204 and ACC: 0.9368421052631579
Lowest batch validation MAE achieved, saving weights
R^2:  0.8267779954869687
Epoch: 3
training loss: 0.0001416370110435752
validation MSE: 0.0023095788148042146, MAE: 0.0018203510213142292 and ACC: 0.9235896215186861
batch validation MSE: 0.08779141460567993, MAE: 0.13974230801196474 and ACC: 0.9447368421052632
Epoch: 4
training loss: 0.00010827822075192506
validation MSE: 0.0033686520579215375, MAE: 0.0023266837866327303 and ACC: 0.9204951202094739
batch validation MSE: 0.10263215265359843, MAE: 0.12175077158271481 and ACC: 0.9328947368421052
Epoch: 5
training loss: 9.092173503084078e-05
validation MSE: 0.0019289483698104902, MAE: 0.0017416310669325329 and ACC: 0.9331111640085694
batch validation MSE: 0.07912222129972728, MAE: 0.10232236902474573 and ACC: 0.9526315789473684
Lowest batch validation MAE achieved, saving weights
R^2:  0.839302244950219
Epoch: 6
training loss: 7.803887111778246e-05
validation MSE: 0.0020268153246484166, MAE: 0.0016363874145190905 and ACC: 0.935015472506546
batch validation MSE: 0.08139486126640497, MAE: 0.10963932583598714 and ACC: 0.9513157894736842
Epoch: 7
training loss: 6.27973045451732e-05
validation MSE: 0.0020776701051035975, MAE: 0.0016254196739344336 and ACC: 0.9331111640085694
batch validation MSE: 0.08230297163719275, MAE: 0.11372347526546371 and ACC: 0.9447368421052632
Epoch: 8
training loss: 4.834645038057077e-05
validation MSE: 0.002034010000336175, MAE: 0.0016257148914409802 and ACC: 0.9335872411330636
batch validation MSE: 0.0883949919951766, MAE: 0.0997802225358196 and ACC: 0.9539473684210527
Lowest batch validation MAE achieved, saving weights
R^2:  0.820469184348162
Epoch: 9
training loss: 4.118104668969048e-05
validation MSE: 0.0019400157145242469, MAE: 0.0015760533931964184 and ACC: 0.9300166626993573
batch validation MSE: 0.06942583172579939, MAE: 0.10757918484803093 and ACC: 0.9473684210526315
Epoch: 10
training loss: 4.3791803717960235e-05
validation MSE: 0.002053728931982729, MAE: 0.0015999301709367728 and ACC: 0.9278743156391336
batch validation MSE: 0.07535022254524318, MAE: 0.12220766618847848 and ACC: 0.9434210526315789
Epoch: 11
training loss: 4.107503733156984e-05
validation MSE: 0.0019153255489038124, MAE: 0.0015150074938157434 and ACC: 0.9316829326350868
batch validation MSE: 0.07038558993781692, MAE: 0.11567038927031191 and ACC: 0.9407894736842105
Epoch: 12
training loss: 3.1389340860454446e-05
validation MSE: 0.0018751888249284602, MAE: 0.0014216196997070335 and ACC: 0.9343013568198049
batch validation MSE: 0.06809892410170296, MAE: 0.09239434685656114 and ACC: 0.9526315789473684
Lowest batch validation MAE achieved, saving weights
R^2:  0.8616906343448749
Epoch: 13
training loss: 2.76028086463274e-05
validation MSE: 0.0018996629640956602, MAE: 0.001664645256910458 and ACC: 0.9316829326350868
batch validation MSE: 0.06510321413850806, MAE: 0.08768839787103627 and ACC: 0.9434210526315789
Lowest batch validation MAE achieved, saving weights
R^2:  0.8677749425540491
Epoch: 14
training loss: 3.244398786714122e-05
validation MSE: 0.0020171766146661945, MAE: 0.0014786537531812087 and ACC: 0.9328731254463223
batch validation MSE: 0.07323173776365588, MAE: 0.0980709514678701 and ACC: 0.9421052631578948
Epoch: 15
training loss: 3.017019808787068e-05
validation MSE: 0.0023395021992960135, MAE: 0.0016026669664060578 and ACC: 0.9278743156391336
batch validation MSE: 0.07867273860627487, MAE: 0.09080963256817899 and ACC: 0.95
Epoch: 16
training loss: 2.5990478198652958e-05
validation MSE: 0.0019027943769957577, MAE: 0.0014897280214613774 and ACC: 0.9354915496310402
batch validation MSE: 0.07087373156494194, MAE: 0.09051512935885081 and ACC: 0.9486842105263158
Epoch: 17
training loss: 1.9839777825299718e-05
validation MSE: 0.0019492147218686403, MAE: 0.0013935651441282727 and ACC: 0.9357295881932873
batch validation MSE: 0.06856362881101179, MAE: 0.09360697014061244 and ACC: 0.9447368421052632
Epoch: 18
training loss: 1.8818620343535365e-05
validation MSE: 0.0019419454332991772, MAE: 0.001439516042186033 and ACC: 0.935015472506546
batch validation MSE: 0.07011170489675964, MAE: 0.08872469797926513 and ACC: 0.9447368421052632
Epoch: 19
training loss: 2.0340405205391767e-05
validation MSE: 0.0019947462919163964, MAE: 0.0013844858951666218 and ACC: 0.9371578195667698
batch validation MSE: 0.0721332787245376, MAE: 0.09167151132990656 and ACC: 0.95

Training and Validating ResNet50
Epoch: 0
training loss: 0.0005978660752055547
validation MSE: 0.002685670169162143, MAE: 0.00217338200411153 and ACC: 0.9145441561532969
batch validation MSE: 0.13455950655317, MAE: 0.1509143222098876 and ACC: 0.9276315789473685
Lowest batch validation MAE achieved, saving weights
R^2:  0.726708747599305
Epoch: 1
training loss: 0.00025021352678476105
validation MSE: 0.002041932567027119, MAE: 0.0018588164712638692 and ACC: 0.9238276600809331
batch validation MSE: 0.09813823721535815, MAE: 0.1319143448368107 and ACC: 0.9302631578947368
Lowest batch validation MAE achieved, saving weights
R^2:  0.8006805910374724
Epoch: 2
training loss: 0.00014932928507549052
validation MSE: 0.002013815256696699, MAE: 0.0017693415089068995 and ACC: 0.926208045703404
batch validation MSE: 0.07314974263903765, MAE: 0.11947745376536133 and ACC: 0.9421052631578948
Lowest batch validation MAE achieved, saving weights
R^2:  0.8514323889236206
Epoch: 3
training loss: 0.00010317238209261527
validation MSE: 0.002205731358952861, MAE: 0.0018278421234216215 and ACC: 0.9285884313258748
batch validation MSE: 0.0837472941676597, MAE: 0.11540475692232384 and ACC: 0.9342105263157895
Lowest batch validation MAE achieved, saving weights
R^2:  0.8299086929226194
Epoch: 4
training loss: 8.16971388434029e-05
validation MSE: 0.0022365134932106094, MAE: 0.0018826948974961697 and ACC: 0.931920971197334
batch validation MSE: 0.08244636214749924, MAE: 0.12327654265161407 and ACC: 0.9394736842105263
Epoch: 5
training loss: 6.005902215276025e-05
validation MSE: 0.0020961314785611033, MAE: 0.0017419463288242038 and ACC: 0.9302547012616044
batch validation MSE: 0.08215642869637337, MAE: 0.10815642924709735 and ACC: 0.9394736842105263
Lowest batch validation MAE achieved, saving weights
R^2:  0.8331397474212795
Epoch: 6
training loss: 5.0530953710133164e-05
validation MSE: 0.001958527126950512, MAE: 0.001620498473670221 and ACC: 0.9321590097595811
batch validation MSE: 0.07529238723447135, MAE: 0.11519281211260118 and ACC: 0.9460526315789474
Epoch: 7
training loss: 3.67507011968641e-05
validation MSE: 0.0017748653951440857, MAE: 0.001569410976243286 and ACC: 0.9312068555105927
batch validation MSE: 0.06812413459971352, MAE: 0.11500749464980081 and ACC: 0.9421052631578948
Epoch: 8
training loss: 3.2547546995352115e-05
validation MSE: 0.001914554204852971, MAE: 0.0016089395961997567 and ACC: 0.9304927398238515
batch validation MSE: 0.07296103701354686, MAE: 0.11221167429987537 and ACC: 0.9473684210526315
Epoch: 9
training loss: 3.0205624528240246e-05
validation MSE: 0.0022239351689006793, MAE: 0.0016641685190696826 and ACC: 0.9309688169483457
batch validation MSE: 0.09354715828664249, MAE: 0.1130434362168767 and ACC: 0.9368421052631579
Epoch: 10
training loss: 3.221909192310088e-05
validation MSE: 0.0019392025897962079, MAE: 0.0015870693408642686 and ACC: 0.9316829326350868
batch validation MSE: 0.07527202694819547, MAE: 0.1250962365345147 and ACC: 0.9407894736842105
Epoch: 11
training loss: 2.6714400075446393e-05
validation MSE: 0.0019499341997011753, MAE: 0.0015404941888791668 and ACC: 0.9309688169483457
batch validation MSE: 0.07455136766065587, MAE: 0.10993646636825839 and ACC: 0.9421052631578948
Epoch: 12
training loss: 2.538614436132314e-05
validation MSE: 0.0022127346898679827, MAE: 0.0016420846221929957 and ACC: 0.9314448940728398
batch validation MSE: 0.07771462764432113, MAE: 0.0970202515440944 and ACC: 0.9447368421052632
Lowest batch validation MAE achieved, saving weights
R^2:  0.8421610763104417
Epoch: 13
training loss: 2.313639755816332e-05
validation MSE: 0.0019984863821188308, MAE: 0.0015300052553961544 and ACC: 0.9345393953820519
batch validation MSE: 0.07310256674725489, MAE: 0.10445805943791607 and ACC: 0.9473684210526315
Epoch: 14
training loss: 2.0030796506832105e-05
validation MSE: 0.001976351858321972, MAE: 0.0015393142415296177 and ACC: 0.9345393953820519
batch validation MSE: 0.07567143246487756, MAE: 0.10630000558265142 and ACC: 0.9473684210526315
Epoch: 15
training loss: 2.050571022455315e-05
validation MSE: 0.0019327675168896807, MAE: 0.0015206552937296963 and ACC: 0.9321590097595811
batch validation MSE: 0.07088996205212221, MAE: 0.10623365777520169 and ACC: 0.9460526315789474
Epoch: 16
training loss: 2.3306021908475593e-05
validation MSE: 0.0019622674546945175, MAE: 0.001506428120108452 and ACC: 0.9343013568198049
batch validation MSE: 0.07075228384694218, MAE: 0.10485934147023057 and ACC: 0.95
Epoch: 17
training loss: 2.19967649807991e-05
validation MSE: 0.0019579961074800384, MAE: 0.0015070098772613073 and ACC: 0.9354915496310402
batch validation MSE: 0.07051112733656342, MAE: 0.10243583963448671 and ACC: 0.9460526315789474
Epoch: 18
training loss: 2.455460015046812e-05
validation MSE: 0.0019371789480554873, MAE: 0.0015365876234363755 and ACC: 0.9288264698881219
batch validation MSE: 0.07359231903626305, MAE: 0.10953409148894838 and ACC: 0.9407894736842105
Epoch: 19
training loss: 3.0131312502252774e-05
validation MSE: 0.0019700749522534844, MAE: 0.0014969735337393365 and ACC: 0.9316829326350868
batch validation MSE: 0.07584476388905682, MAE: 0.11315046319076301 and ACC: 0.9394736842105263

Training and Validating ResNet152
Epoch: 0
training loss: 0.0005479376130337337
validation MSE: 0.0023161816893784355, MAE: 0.002086216517784175 and ACC: 0.9145441561532969
batch validation MSE: 0.10371851948721753, MAE: 0.1346924100732921 and ACC: 0.9302631578947368
Lowest batch validation MAE achieved, saving weights
R^2:  0.7893470013700182
Epoch: 1
training loss: 0.00022934743841136236
validation MSE: 0.002253834221142299, MAE: 0.001861746695404307 and ACC: 0.9226374672696976
batch validation MSE: 0.10050703705903469, MAE: 0.1303459403350165 and ACC: 0.9434210526315789
Lowest batch validation MAE achieved, saving weights
R^2:  0.7958695390033563
Epoch: 2
training loss: 0.00015027699260931158
validation MSE: 0.0021339672431909674, MAE: 0.0017437178444696365 and ACC: 0.9259700071411568
batch validation MSE: 0.08744155216542368, MAE: 0.12292558397411515 and ACC: 0.9368421052631579
Lowest batch validation MAE achieved, saving weights
R^2:  0.8224056308508016
Epoch: 3
training loss: 9.768375235469827e-05
validation MSE: 0.0021547232349388794, MAE: 0.0017266380907672838 and ACC: 0.9309688169483457
batch validation MSE: 0.07973418330030663, MAE: 0.10633172520044211 and ACC: 0.95
Lowest batch validation MAE achieved, saving weights
R^2:  0.8380593453128795
Epoch: 4
training loss: 7.052739035738071e-05
validation MSE: 0.0018542564889272887, MAE: 0.0016667389214904329 and ACC: 0.9240656986431802
batch validation MSE: 0.07491825106711864, MAE: 0.11962033529079666 and ACC: 0.9223684210526316
Epoch: 5
training loss: 5.6091686002321404e-05
validation MSE: 0.0020949619980602107, MAE: 0.001633494416678755 and ACC: 0.9290645084503689
batch validation MSE: 0.0901638464193688, MAE: 0.11093139720982627 and ACC: 0.9342105263157895
Epoch: 6
training loss: 4.841835815269827e-05
validation MSE: 0.002027286671470497, MAE: 0.0015367663265253584 and ACC: 0.9314448940728398
batch validation MSE: 0.07158156751645459, MAE: 0.10191858792432437 and ACC: 0.95
Lowest batch validation MAE achieved, saving weights
R^2:  0.8546173619582758
Epoch: 7
training loss: 3.965905404936981e-05
validation MSE: 0.002025149326897418, MAE: 0.001521859377874445 and ACC: 0.9302547012616044
batch validation MSE: 0.08378580799362928, MAE: 0.1106658622573473 and ACC: 0.9381578947368421
Epoch: 8
training loss: 3.35992790456944e-05
validation MSE: 0.002062337998064219, MAE: 0.0015228543168085014 and ACC: 0.9295405855748631
batch validation MSE: 0.08008372438617127, MAE: 0.10148754297314506 and ACC: 0.9434210526315789
Lowest batch validation MAE achieved, saving weights
R^2:  0.8373494284078853
Epoch: 9
training loss: 2.878220834163584e-05
validation MSE: 0.0019466102942504574, MAE: 0.0014592499876342991 and ACC: 0.9312068555105927
batch validation MSE: 0.07926385140731937, MAE: 0.1046158762060498 and ACC: 0.9394736842105263
Epoch: 10
training loss: 2.4369908573619755e-05
validation MSE: 0.0018759323980138717, MAE: 0.0014795488665725923 and ACC: 0.934777433944299
batch validation MSE: 0.07572038678953252, MAE: 0.10646932159158352 and ACC: 0.9526315789473684
Epoch: 11
training loss: 2.7209822633895428e-05
validation MSE: 0.0018692142072671764, MAE: 0.0014906729638250178 and ACC: 0.929302547012616
batch validation MSE: 0.08145474586943631, MAE: 0.11558957841051253 and ACC: 0.9421052631578948
Epoch: 12
training loss: 2.394581761521797e-05
validation MSE: 0.0019139714220244477, MAE: 0.0014282388577600855 and ACC: 0.9352535110687932
batch validation MSE: 0.07094587845810223, MAE: 0.09274999504712851 and ACC: 0.9526315789473684
Lowest batch validation MAE achieved, saving weights
R^2:  0.8559084514541423
Epoch: 13
training loss: 2.0425014918590243e-05
validation MSE: 0.001975868706166003, MAE: 0.0014273555853116572 and ACC: 0.9343013568198049
batch validation MSE: 0.07586566612852753, MAE: 0.0991223485674709 and ACC: 0.9539473684210527
Epoch: 14
training loss: 2.465455612500015e-05
validation MSE: 0.0017938720014933263, MAE: 0.0014916484649196689 and ACC: 0.9302547012616044
batch validation MSE: 0.08583050564232285, MAE: 0.1151688091800009 and ACC: 0.9368421052631579
Epoch: 15
training loss: 2.9877944355290878e-05
validation MSE: 0.0018052002725220124, MAE: 0.0013633607847935755 and ACC: 0.9309688169483457
batch validation MSE: 0.07169249565310823, MAE: 0.09709540493908878 and ACC: 0.9421052631578948
Epoch: 16
training loss: 2.4542089990664097e-05
validation MSE: 0.0018951192528669644, MAE: 0.0013989200764569576 and ACC: 0.9328731254463223
batch validation MSE: 0.07542656715857693, MAE: 0.09585814439127908 and ACC: 0.9394736842105263
Epoch: 17
training loss: 2.7278822657391815e-05
validation MSE: 0.0018500317749549319, MAE: 0.0013848770448840024 and ACC: 0.9307307783860985
batch validation MSE: 0.06654683791420939, MAE: 0.09094783905893564 and ACC: 0.9381578947368421
Lowest batch validation MAE achieved, saving weights
R^2:  0.8648429331114327
Epoch: 18
training loss: 3.1687627211677394e-05
validation MSE: 0.00199091970897739, MAE: 0.0013750627569515516 and ACC: 0.9328731254463223
batch validation MSE: 0.07948384693019081, MAE: 0.0956436197065111 and ACC: 0.9407894736842105
Epoch: 19
training loss: 3.203568893582774e-05
validation MSE: 0.0016892700339916902, MAE: 0.0013137501033749703 and ACC: 0.9331111640085694
batch validation MSE: 0.06892640453788035, MAE: 0.09396469823550432 and ACC: 0.9381578947368421

Training and Validating RetinaNet
Epoch: 0
training loss: 0.030976040326080402
validation MSE: 0.0517019763007189, MAE: 0.03146869841749343 and ACC: 0.7491073553915735
batch validation MSE: 0.2776315789473684, MAE: 0.1881578947368421 and ACC: 0.843421052631579
Lowest batch validation MAE achieved, saving weights
R^2:  0.436128428818071
Epoch: 1
training loss: 0.019100643351362242
validation MSE: 0.04425136905125396, MAE: 0.0257795767712752 and ACC: 0.8000476077124494
batch validation MSE: 0.19210526315789472, MAE: 0.15 and ACC: 0.868421052631579
Lowest batch validation MAE achieved, saving weights
R^2:  0.6098329412674803
Epoch: 2
training loss: 0.016260893990721382
validation MSE: 0.03663413499727387, MAE: 0.022161390548148516 and ACC: 0.8286122351820995
batch validation MSE: 0.22631578947368422, MAE: 0.15526315789473685 and ACC: 0.8710526315789474
Epoch: 3
training loss: 0.013514477988756358
validation MSE: 0.033777672284005855, MAE: 0.02106641314726902 and ACC: 0.8348012378005237
batch validation MSE: 0.20657894736842106, MAE: 0.14605263157894738 and ACC: 0.8776315789473684
Lowest batch validation MAE achieved, saving weights
R^2:  0.5804367930068111
Epoch: 4
training loss: 0.014033177445386007
validation MSE: 0.03244465621978832, MAE: 0.02039990515949839 and ACC: 0.8400380861699596
batch validation MSE: 0.15263157894736842, MAE: 0.11315789473684211 and ACC: 0.9039473684210526
Lowest batch validation MAE achieved, saving weights
R^2:  0.6900042547056693
Epoch: 5
training loss: 0.011396277404391315
validation MSE: 0.047012616373674834, MAE: 0.02316115244644876 and ACC: 0.8395620090454654
batch validation MSE: 0.40921052631578947, MAE: 0.18026315789473685 and ACC: 0.881578947368421
Epoch: 6
training loss: 0.011883079652602824
validation MSE: 0.038776481970594884, MAE: 0.022066175141339642 and ACC: 0.8369435848607475
batch validation MSE: 0.26842105263157895, MAE: 0.14473684210526316 and ACC: 0.8921052631578947
Epoch: 7
training loss: 0.009597304593513059
validation MSE: 0.03551535362985639, MAE: 0.020423709051548312 and ACC: 0.8509878600333254
batch validation MSE: 0.24868421052631579, MAE: 0.1513157894736842 and ACC: 0.8828947368421053
Epoch: 8
training loss: 0.008275265742057784
validation MSE: 0.025541537950093392, MAE: 0.01635324956582745 and ACC: 0.8709830992620805
batch validation MSE: 0.1736842105263158, MAE: 0.11315789473684211 and ACC: 0.9052631578947369
Epoch: 9
training loss: 0.008659687693394954
validation MSE: 0.02949297805714681, MAE: 0.018067127200527663 and ACC: 0.8624137110211855
batch validation MSE: 0.16578947368421051, MAE: 0.12631578947368421 and ACC: 0.8894736842105263
Epoch: 10
training loss: 0.008224118440799158
validation MSE: 0.021566293894237237, MAE: 0.014187098610006721 and ACC: 0.8859795286836467
batch validation MSE: 0.1, MAE: 0.0868421052631579 and ACC: 0.9197368421052632
Lowest batch validation MAE achieved, saving weights
R^2:  0.7968993392899213
Epoch: 11
training loss: 0.0075769453908713135
validation MSE: 0.02039990496263706, MAE: 0.012973101894306699 and ACC: 0.897881456796001
batch validation MSE: 0.10789473684210527, MAE: 0.1 and ACC: 0.9039473684210526
Epoch: 12
training loss: 0.0075760029313820445
validation MSE: 0.01811473478776618, MAE: 0.012211378487312519 and ACC: 0.8997857652939776
batch validation MSE: 0.10394736842105264, MAE: 0.09342105263157895 and ACC: 0.9118421052631579
Epoch: 13
training loss: 0.006813295139261999
validation MSE: 0.019900024002845785, MAE: 0.012520828626391945 and ACC: 0.9016900737919543
batch validation MSE: 0.09868421052631579, MAE: 0.0881578947368421 and ACC: 0.9171052631578948
Epoch: 14
training loss: 0.0055781460186295016
validation MSE: 0.019043085171307476, MAE: 0.012235182338571356 and ACC: 0.9031183051654368
batch validation MSE: 0.08552631578947369, MAE: 0.075 and ACC: 0.9302631578947368
Lowest batch validation MAE achieved, saving weights
R^2:  0.8262954875505906
Epoch: 15
training loss: 0.005849078230573848
validation MSE: 0.020233277982542895, MAE: 0.01247322086889498 and ACC: 0.9035943822899309
batch validation MSE: 0.09736842105263158, MAE: 0.0868421052631579 and ACC: 0.9184210526315789
Epoch: 16
training loss: 0.005550476331836146
validation MSE: 0.025827184165199437, MAE: 0.015305879833768646 and ACC: 0.8843132587479171
batch validation MSE: 0.08947368421052632, MAE: 0.07631578947368421 and ACC: 0.9302631578947368
Epoch: 17
training loss: 0.007532670051311779
validation MSE: 0.0217567246883462, MAE: 0.013044513432121482 and ACC: 0.9014520352297072
batch validation MSE: 0.09868421052631579, MAE: 0.08552631578947369 and ACC: 0.9210526315789473
Epoch: 18
training loss: 0.0053761323397525825
validation MSE: 0.01682932648991324, MAE: 0.010783147085453606 and ACC: 0.915020233277791
batch validation MSE: 0.08421052631578947, MAE: 0.07894736842105263 and ACC: 0.9236842105263158
Epoch: 19
training loss: 0.00445523643357595
validation MSE: 0.021518686202360714, MAE: 0.013615806030818491 and ACC: 0.8926446084265651
batch validation MSE: 0.06710526315789474, MAE: 0.06447368421052632 and ACC: 0.9368421052631579
Lowest batch validation MAE achieved, saving weights
R^2:  0.8637087671550787
