2.0.1+cu117
0.15.2+cu117
torch.cuda.is_available(): True

Feting data from directory:  ../saved_data/training_animal_count/jump_outs_HERS0039_CENTURY_SE_2023/
loading annotations into memory...
Done (t=0.01s)
creating index...
index created!
Number of images found:  2149
Number of batches found:  705

Number of training images:  165
Number of validation images:  49
Number of training batches:  56
Number of validation batches:  14

Using 1 GPUs

Training and Validating ResNet34
1.331969976425171
1.6442201137542725
1.956608533859253
2.2693984508514404
2.5816874504089355
2.893519401550293
3.205087184906006
3.515929698944092
3.8270909786224365
4.137880086898804

Training and Validating ResNet50
1.6106388568878174
2.1529245376586914
2.697826385498047
3.2387025356292725
3.7788147926330566
4.319588899612427
4.8602213859558105
5.400726318359375
5.941321611404419
6.481053352355957

Training and Validating ResNet152
2.3224003314971924
3.5494225025177
4.776750564575195
6.003616809844971
7.229104518890381
8.455470323562622
9.682932138442993
10.91119122505188
12.139312267303467
13.369354248046875

Training and Validating RetinaNet
13.50681185722351
25.239003658294678
36.986265659332275
48.73284578323364
60.47568988800049
72.22332549095154
83.97120237350464
95.71987175941467
107.46186351776123
119.20921182632446

Using 2 GPUs

Training and Validating ResNet34
1.8109793663024902
1.9974775314331055
2.1782748699188232
2.358311891555786
2.5370466709136963
2.7171404361724854
2.898874521255493
3.078923225402832
3.2589948177337646
3.438646078109741
1.8102858066558838
1.9955315589904785
2.176593065261841
2.3566224575042725
2.5355000495910645
2.7154860496520996
2.897251605987549
3.0771563053131104
3.2574760913848877
3.436708450317383

Training and Validating ResNet50
2.028240203857422
2.3284711837768555
2.627551555633545
2.926366090774536
3.2251176834106445
3.5247130393981934
3.8236310482025146
4.122498512268066
4.420775890350342
4.719005584716797
2.0283315181732178
2.327268362045288
2.6262969970703125
2.925102949142456
3.2239787578582764
3.5234861373901367
3.8227334022521973
4.121331453323364
4.419413805007935
4.717571973800659

Training and Validating ResNet152
2.5161612033843994
3.1885433197021484
3.863142490386963
4.535473823547363
5.207019805908203
5.8788228034973145
6.549471855163574
7.220477819442749
7.892508506774902
8.567336320877075
2.5168089866638184
3.1868882179260254
3.861375570297241
4.5335564613342285
5.205199956893921
5.877337694168091
6.547900199890137
7.21910548210144
7.8906354904174805
8.565647840499878

Training and Validating RetinaNet
8.01030945777893
14.590992212295532
20.861700296401978
27.152021646499634
33.445003509521484
39.74202108383179
46.02877402305603
52.32052779197693
58.610822677612305
64.89525747299194
8.011133193969727
14.627679824829102
20.90706992149353
27.19195294380188
33.489185094833374
39.779481172561646
46.0703227519989
52.3612904548645
58.648324966430664
64.93474912643433

Using 3 GPUs

Training and Validating ResNet34
2.731743574142456
2.8918659687042236
3.0699031352996826
3.24690318107605
3.4017038345336914
3.59243106842041
3.7514700889587402
3.921694040298462
4.093268394470215
4.236480236053467
2.7335290908813477
2.9111499786376953
3.0701956748962402
3.2491931915283203
3.420757532119751
3.590355396270752
3.7663233280181885
3.9346799850463867
4.087446689605713
4.2463507652282715
2.7685179710388184
2.931527614593506
3.08945631980896
3.272991180419922
3.4322187900543213
3.600527763366699
3.7855451107025146
3.9218196868896484
4.100299119949341
4.249405384063721

Training and Validating ResNet50
2.9430091381073
3.1817679405212402
3.4466960430145264
3.677870750427246
3.9327311515808105
4.186730623245239
4.44917368888855
4.70071816444397
4.94350528717041
5.173249244689941
2.8632328510284424
3.185676336288452
3.4365618228912354
3.685305118560791
3.9500460624694824
4.168974161148071
4.450381755828857
4.702120780944824
4.919921398162842
5.183558702468872
2.9247865676879883
3.167065143585205
3.425008535385132
3.660874843597412
3.9345078468322754
4.180394172668457
4.4337477684021
4.685531139373779
4.930740118026733
5.175656080245972

Training and Validating ResNet152
3.40944766998291
3.9165546894073486
4.457913875579834
5.001024484634399
5.501933813095093
6.06816554069519
6.60062313079834
7.105832099914551
7.645439147949219
8.170939922332764
3.442124605178833
3.9505198001861572
4.478238344192505
4.9703333377838135
5.547404050827026
6.026850938796997
6.561194181442261
7.150323152542114
7.6886820793151855
8.181119918823242
3.355926752090454
3.9499897956848145
4.47338604927063
5.067735195159912
5.588535308837891
6.114094972610474
6.6634438037872314
7.188374042510986
7.703538656234741
8.244588613510132

Training and Validating RetinaNet
7.5481274127960205
12.490712404251099
17.78452157974243
22.66813349723816
27.50367045402527
32.41632056236267
37.29766535758972
42.226313829422
46.88286876678467
51.690733432769775
7.648498773574829
12.445964813232422
17.814307689666748
22.645418882369995
27.53827738761902
32.498185873031616
37.365654706954956
42.24110674858093
46.926254987716675
51.73147749900818
7.674435377120972
12.510879278182983
17.874942779541016
22.7102108001709
27.585992097854614
32.473604679107666
37.40093994140625
42.261682748794556
47.000205993652344
51.74568319320679

Using 4 GPUs

Training and Validating ResNet34
3.7997589111328125
3.954807758331299
4.118567943572998
4.281743764877319
4.450474977493286
4.595100164413452
4.737385034561157
4.90454363822937
5.048592567443848
5.207976818084717
3.8112192153930664
3.965406656265259
4.119210481643677
4.277652263641357
4.4523797035217285
4.597195863723755
4.745677709579468
4.907529830932617
5.051516056060791
5.217776775360107
3.813695192337036
3.9611501693725586
4.113065719604492
4.2744128704071045
4.442799091339111
4.5873963832855225
4.74628758430481
4.897846221923828
5.054934501647949
5.212105751037598
3.7622218132019043
3.9513003826141357
4.125016450881958
4.286849021911621
4.458677053451538
4.592085123062134
4.737716436386108
4.899816513061523
5.056903123855591
5.211025714874268

Training and Validating ResNet50
4.111103057861328
4.344340085983276
4.565562725067139
4.842605829238892
5.080267906188965
5.305299282073975
5.536880970001221
5.756970167160034
5.973850727081299
6.198568820953369
4.0979249477386475
4.347548484802246
4.5911736488342285
4.83690881729126
5.070353031158447
5.30302095413208
5.526307821273804
5.748435020446777
5.968488693237305
6.192552089691162
4.0309202671051025
4.344284772872925
4.586415767669678
4.833930969238281
5.068692207336426
5.31002950668335
5.523435115814209
5.746486186981201
5.967433929443359
6.192376136779785
4.122593402862549
4.352203369140625
4.590354681015015
4.847874164581299
5.0862345695495605
5.313932418823242
5.535653352737427
5.757305383682251
5.973303556442261
6.194803476333618

Training and Validating ResNet152
4.64574122428894
5.159297466278076
5.647245168685913
6.095818758010864
6.637691497802734
7.135807991027832
7.6084253787994385
8.077907085418701
8.533431053161621
9.000808477401733
4.629058837890625
5.0940821170806885
5.610898733139038
6.088416337966919
6.605932950973511
7.0975048542022705
7.584833383560181
8.053854942321777
8.513749361038208
8.972804307937622
4.5605645179748535
5.1525843143463135
5.6283860206604
6.092665433883667
6.616889476776123
7.064187288284302
7.589195728302002
8.058726787567139
8.516404151916504
8.991880178451538
4.653893232345581
5.1569507122039795
5.619358539581299
6.074084281921387
6.573808908462524
7.130906581878662
7.538490295410156
8.047346353530884
8.516535997390747
8.981221914291382

Training and Validating RetinaNet
8.26842975616455
12.3787202835083
16.620356798171997
20.638171434402466
24.619916200637817
28.545636415481567
32.46756601333618
36.46348738670349
40.64611077308655
44.71069359779358
8.244991064071655
12.363259077072144
16.618388175964355
20.66330099105835
24.629626274108887
28.530842065811157
32.44442629814148
36.48613786697388
40.63764667510986
44.698649406433105
8.302817106246948
12.381220817565918
16.64299464225769
20.68303394317627
24.622205018997192
28.552709102630615
32.445972204208374
36.51748967170715
40.671443700790405
44.706892251968384
8.089653968811035
12.40554428100586
16.661388635635376
20.721842527389526
24.646746397018433
28.56959104537964
32.47476840019226
36.46818995475769
40.680660247802734
44.70782208442688
